2013-03-07 11:43:38.306 [[37mDEBUG[0m]  [32mSELECT[0m "services".* [32mFROM[0m "services" [32mWHERE[0m (name = 'Ping' [32mAND[0m version = 'ipv4' [32mAND[0m protocol = 'icmp' [32mAND[0m enabled = 't')  [model:[32mService[0m loadtime:[33m0.6ms[0m pid:[33m10205[0m]
2013-03-07 11:43:38.331 [[37mDEBUG[0m]  [32mSELECT[0m "properties".* [32mFROM[0m "properties" [32mWHERE[0m "properties"."service_id" = 101 [32mAND[0m (category = 'address')  [model:[32mProperty[0m loadtime:[33m0.4ms[0m pid:[33m10205[0m]
2013-03-07 11:54:33.830 [[37mDEBUG[0m]  [32mSELECT[0m "services".* [32mFROM[0m "services" [32mWHERE[0m (name = 'Ping' [32mAND[0m version = 'ipv4' [32mAND[0m protocol = 'icmp' [32mAND[0m enabled = 't')  [model:[32mService[0m loadtime:[33m0.6ms[0m pid:[33m10336[0m]
2013-03-07 11:55:13.689 [[37mDEBUG[0m]  [32mSELECT[0m "services".* [32mFROM[0m "services" [32mWHERE[0m (name = 'Ping' [32mAND[0m version = 'ipv4' [32mAND[0m protocol = 'icmp' [32mAND[0m enabled = 't')  [model:[32mService[0m loadtime:[33m0.6ms[0m pid:[33m10349[0m]
2013-03-07 11:55:22.450 [[37mDEBUG[0m]  [32mSELECT[0m "services".* [32mFROM[0m "services" [32mWHERE[0m (name = 'Ping' [32mAND[0m version = 'ipv4' [32mAND[0m protocol = 'icmp' [32mAND[0m enabled = 't')  [model:[32mService[0m loadtime:[33m0.6ms[0m pid:[33m10356[0m]
2013-03-07 11:55:27.113 [[37mDEBUG[0m]  [32mSELECT[0m "services".* [32mFROM[0m "services" [32mWHERE[0m (name = 'Ping' [32mAND[0m version = 'ipv4' [32mAND[0m protocol = 'icmp' [32mAND[0m enabled = 't')  [model:[32mService[0m loadtime:[33m0.6ms[0m pid:[33m10363[0m]
2013-03-07 11:56:25.762 [[37mDEBUG[0m]  [32mSELECT[0m "services".* [32mFROM[0m "services" [32mWHERE[0m (name = 'Ping' [32mAND[0m version = 'ipv4' [32mAND[0m protocol = 'icmp' [32mAND[0m enabled = 't')  [model:[32mService[0m loadtime:[33m0.5ms[0m pid:[33m10372[0m]
2013-03-07 12:00:36.912 [[37mDEBUG[0m]  [32mSELECT[0m "services".* [32mFROM[0m "services" [32mWHERE[0m (name = 'Ping' [32mAND[0m version = 'ipv4' [32mAND[0m protocol = 'icmp' [32mAND[0m enabled = 't')  [model:[32mService[0m loadtime:[33m0.8ms[0m pid:[33m10401[0m]
2013-03-07 12:00:48.922 [[37mDEBUG[0m]  [32mSELECT[0m "services".* [32mFROM[0m "services" [32mWHERE[0m (name = 'Ping' [32mAND[0m version = 'ipv4' [32mAND[0m protocol = 'icmp' [32mAND[0m enabled = 't')  [model:[32mService[0m loadtime:[33m0.6ms[0m pid:[33m10409[0m]
2013-03-07 12:00:48.947 [[37mDEBUG[0m]  [32mSELECT[0m value [32mFROM[0m "properties" [32mWHERE[0m "properties"."service_id" = 101 [32mAND[0m (category = 'address')  [model:[32mProperty[0m loadtime:[33m0.3ms[0m pid:[33m10409[0m]
2013-03-07 12:01:05.843 [[37mDEBUG[0m]  [32mSELECT[0m "services".* [32mFROM[0m "services" [32mWHERE[0m (name = 'Ping' [32mAND[0m version = 'ipv4' [32mAND[0m protocol = 'icmp' [32mAND[0m enabled = 't')  [model:[32mService[0m loadtime:[33m0.6ms[0m pid:[33m10427[0m]
2013-03-07 12:01:05.871 [[37mDEBUG[0m]  [32mSELECT[0m value [32mFROM[0m "properties" [32mWHERE[0m "properties"."service_id" = 101 [32mAND[0m (category = 'address')  [model:[32mProperty[0m loadtime:[33m0.3ms[0m pid:[33m10427[0m]
2013-03-08 11:00:12.135 [[37mDEBUG[0m]  [32mSELECT[0m "services".* [32mFROM[0m "services" [32mWHERE[0m (name = 'Ping' [32mAND[0m version = 'ipv4' [32mAND[0m protocol = 'icmp' [32mAND[0m enabled = 't')  [model:[32mService[0m loadtime:[33m0.6ms[0m pid:[33m15088[0m]
2013-03-08 11:00:12.169 [[37mDEBUG[0m]  [32mSELECT[0m "checks".* [32mFROM[0m "checks" [32mWHERE[0m "checks"."service_id" = 101 [32mORDER[0m [32mBY[0m round [32mDESC[0m [32mLIMIT[0m 1  [model:[32mCheck[0m loadtime:[33m1.1ms[0m pid:[33m15088[0m]
2013-03-08 11:00:56.318 [[37mDEBUG[0m]  [32mSELECT[0m "services".* [32mFROM[0m "services" [32mWHERE[0m (name = 'Ping' [32mAND[0m version = 'ipv4' [32mAND[0m protocol = 'icmp' [32mAND[0m enabled = 't')  [model:[32mService[0m loadtime:[33m0.6ms[0m pid:[33m15096[0m]
2013-03-08 11:00:56.348 [[37mDEBUG[0m]  [32mSELECT[0m "checks".* [32mFROM[0m "checks" [32mWHERE[0m "checks"."service_id" = 101 [32mORDER[0m [32mBY[0m round [32mDESC[0m [32mLIMIT[0m 1  [model:[32mCheck[0m loadtime:[33m1.0ms[0m pid:[33m15096[0m]
2013-03-08 11:01:48.110 [[37mDEBUG[0m]  [32mSELECT[0m "services".* [32mFROM[0m "services" [32mWHERE[0m (name = 'Ping' [32mAND[0m version = 'ipv4' [32mAND[0m protocol = 'icmp' [32mAND[0m enabled = 't')  [model:[32mService[0m loadtime:[33m0.5ms[0m pid:[33m15117[0m]
2013-03-08 11:01:48.139 [[37mDEBUG[0m]  [32mSELECT[0m [32mCOUNT[0m(*) [32mFROM[0m "checks" [32mWHERE[0m "checks"."service_id" = 101  [model:[32mUnknown[0m loadtime:[33m0.7ms[0m pid:[33m15117[0m]
2013-03-08 11:01:48.146 [[37mDEBUG[0m]  [32mSELECT[0m value [32mFROM[0m "properties" [32mWHERE[0m "properties"."service_id" = 101 [32mAND[0m (category = 'address')  [model:[32mProperty[0m loadtime:[33m0.5ms[0m pid:[33m15117[0m]
2013-03-08 11:01:48.163 [[37mDEBUG[0m]  (0.1ms)  BEGIN  [pid:[33m15117[0m]
2013-03-08 11:01:48.170 [[37mDEBUG[0m]  [32mSELECT[0m "teams".* [32mFROM[0m "teams" [32mWHERE[0m "teams"."id" = 3 [32mLIMIT[0m 1  [model:[32mTeam[0m loadtime:[33m0.4ms[0m pid:[33m15117[0m]
2013-03-08 11:01:48.209 [[37mDEBUG[0m]  [32mSELECT[0m "servers".* [32mFROM[0m "servers" [32mWHERE[0m "servers"."id" = 51 [32mLIMIT[0m 1  [model:[32mServer[0m loadtime:[33m26.4ms[0m pid:[33m15117[0m]
2013-03-08 11:01:48.216 [[37mDEBUG[0m]  [32mSELECT[0m "services".* [32mFROM[0m "services" [32mWHERE[0m "services"."id" = 101 [32mLIMIT[0m 1  [model:[32mService[0m loadtime:[33m0.4ms[0m pid:[33m15117[0m]
2013-03-08 11:01:48.245 [[37mDEBUG[0m]  Check Exists (0.6ms)  [32mSELECT[0m 1 [32mAS[0m one [32mFROM[0m "checks" [32mWHERE[0m ("checks"."round" = 1 [32mAND[0m "checks"."service_id" = 101) [32mLIMIT[0m 1  [model:[32mUnknown[0m loadtime:[33m0.0[0m pid:[33m15117[0m]
2013-03-08 11:01:48.248 [[37mDEBUG[0m]  [32mSELECT[0m "teams".* [32mFROM[0m "teams" [32mWHERE[0m "teams"."id" = 3 [32mLIMIT[0m 1  [model:[32mTeam[0m loadtime:[33m0.4ms[0m pid:[33m15117[0m]
2013-03-08 11:01:48.249 [[37mDEBUG[0m]  [32mSELECT[0m "servers".* [32mFROM[0m "servers" [32mWHERE[0m "servers"."id" = 51 [32mLIMIT[0m 1  [model:[32mServer[0m loadtime:[33m0.3ms[0m pid:[33m15117[0m]
2013-03-08 11:01:48.250 [[37mDEBUG[0m]  [32mSELECT[0m "services".* [32mFROM[0m "services" [32mWHERE[0m "services"."id" = 101 [32mLIMIT[0m 1  [model:[32mService[0m loadtime:[33m0.3ms[0m pid:[33m15117[0m]
2013-03-08 11:01:48.276 [[37mDEBUG[0m]  [32mSQL[0m (23.6ms)  [32mINSERT[0m [32mINTO[0m "checks" ("created_at", "passed", "request", "response", "round", "server_id", "service_id", "team_id", "updated_at") [32mVALUES[0m ($1, $2, $3, $4, $5, $6, $7, $8, $9) [32mRETURNING[0m "id"  [["created_at", 2013-03-08 11:01:48 -0500], ["passed", false], ["request", 1], ["response", "ping -n -c 1 -w 8 127.0.0.1"], ["round", 1], ["server_id", 51], ["service_id", 101], ["team_id", 3], ["updated_at", 2013-03-08 11:01:48 -0500]]  [model:[32mUnknown[0m loadtime:[33m0.0[0m pid:[33m15117[0m]
2013-03-08 11:01:48.293 [[37mDEBUG[0m]  (14.7ms)  COMMIT  [pid:[33m15117[0m]
2013-03-08 11:01:48.299 [[37mDEBUG[0m]  (0.1ms)  BEGIN  [pid:[33m15117[0m]
2013-03-08 11:01:48.301 [[37mDEBUG[0m]  [32mSELECT[0m "teams".* [32mFROM[0m "teams" [32mWHERE[0m "teams"."id" = 3 [32mLIMIT[0m 1  [model:[32mTeam[0m loadtime:[33m0.4ms[0m pid:[33m15117[0m]
2013-03-08 11:01:48.303 [[37mDEBUG[0m]  [32mSELECT[0m "servers".* [32mFROM[0m "servers" [32mWHERE[0m "servers"."id" = 51 [32mLIMIT[0m 1  [model:[32mServer[0m loadtime:[33m0.3ms[0m pid:[33m15117[0m]
2013-03-08 11:01:48.305 [[37mDEBUG[0m]  [32mSELECT[0m "services".* [32mFROM[0m "services" [32mWHERE[0m "services"."id" = 101 [32mLIMIT[0m 1  [model:[32mService[0m loadtime:[33m0.3ms[0m pid:[33m15117[0m]
2013-03-08 11:01:48.308 [[37mDEBUG[0m]  Check Exists (0.9ms)  [32mSELECT[0m 1 [32mAS[0m one [32mFROM[0m "checks" [32mWHERE[0m ("checks"."round" = 1 [32mAND[0m "checks"."service_id" = 101) [32mLIMIT[0m 1  [model:[32mUnknown[0m loadtime:[33m0.0[0m pid:[33m15117[0m]
2013-03-08 11:01:48.366 [[37mDEBUG[0m]  [32mSELECT[0m "teams".* [32mFROM[0m "teams" [32mWHERE[0m "teams"."id" = 3 [32mLIMIT[0m 1  [model:[32mTeam[0m loadtime:[33m0.3ms[0m pid:[33m15117[0m]
2013-03-08 11:01:48.368 [[37mDEBUG[0m]  [32mSELECT[0m "servers".* [32mFROM[0m "servers" [32mWHERE[0m "servers"."id" = 51 [32mLIMIT[0m 1  [model:[32mServer[0m loadtime:[33m0.3ms[0m pid:[33m15117[0m]
2013-03-08 11:01:48.369 [[37mDEBUG[0m]  [32mSELECT[0m "services".* [32mFROM[0m "services" [32mWHERE[0m "services"."id" = 101 [32mLIMIT[0m 1  [model:[32mService[0m loadtime:[33m0.3ms[0m pid:[33m15117[0m]
2013-03-08 11:01:48.370 [[37mDEBUG[0m]  (0.1ms)  ROLLBACK  [pid:[33m15117[0m]
2013-03-08 11:01:48.372 [[37mDEBUG[0m]  [32mSELECT[0m "teams".* [32mFROM[0m "teams" [32mWHERE[0m "teams"."id" = 3 [32mLIMIT[0m 1  [model:[32mTeam[0m loadtime:[33m0.3ms[0m pid:[33m15117[0m]
2013-03-08 11:01:48.373 [[31mERROR[0m]  Exception raised during check - Team: team1 - Service: Ping  [pid:[33m15117[0m]
2013-03-08 11:01:48.373 [[31mERROR[0m]  Exception message: Round already taken  [pid:[33m15117[0m]
2013-03-08 11:01:48.373 [[31mERROR[0m]  Exception backtrace: ["ping.rb:68:in `block (2 levels) in <main>'", "ping.rb:62:in `each'", "ping.rb:62:in `block in <main>'", "ping.rb:55:in `each'", "ping.rb:55:in `<main>'"]  [pid:[33m15117[0m]
2013-03-08 11:08:34.154 [[37mDEBUG[0m]  [32mSELECT[0m "services".* [32mFROM[0m "services" [32mWHERE[0m (name = 'Ping' [32mAND[0m version = 'ipv4' [32mAND[0m protocol = 'icmp' [32mAND[0m enabled = 't')  [model:[32mService[0m loadtime:[33m0.6ms[0m pid:[33m15233[0m]
2013-03-08 11:08:34.183 [[31mERROR[0m]  Could not log "sql.active_record" event. TypeError: can't convert nil into String  [pid:[33m15233[0m]
2013-03-08 11:08:34.185 [[37mDEBUG[0m]  [32mSELECT[0m "checks".* [32mFROM[0m "checks" [32mWHERE[0m "checks"."service_id" = 101 [32mORDER[0m [32mBY[0m round [32mDESC[0m [32mLIMIT[0m 1  [model:[32mCheck[0m loadtime:[33m1.2ms[0m pid:[33m15233[0m]
2013-03-08 11:08:34.202 [[37mDEBUG[0m]  [32mSELECT[0m value [32mFROM[0m "properties" [32mWHERE[0m "properties"."service_id" = 101 [32mAND[0m (category = 'address')  [model:[32mProperty[0m loadtime:[33m0.3ms[0m pid:[33m15233[0m]
2013-03-08 11:08:34.211 [[37mDEBUG[0m]  (0.1ms)  BEGIN  [pid:[33m15233[0m]
2013-03-08 11:08:34.220 [[37mDEBUG[0m]  [32mSELECT[0m "teams".* [32mFROM[0m "teams" [32mWHERE[0m "teams"."id" = 3 [32mLIMIT[0m 1  [model:[32mTeam[0m loadtime:[33m0.4ms[0m pid:[33m15233[0m]
2013-03-08 11:08:34.233 [[37mDEBUG[0m]  [32mSELECT[0m "servers".* [32mFROM[0m "servers" [32mWHERE[0m "servers"."id" = 51 [32mLIMIT[0m 1  [model:[32mServer[0m loadtime:[33m0.3ms[0m pid:[33m15233[0m]
2013-03-08 11:08:34.238 [[37mDEBUG[0m]  [32mSELECT[0m "services".* [32mFROM[0m "services" [32mWHERE[0m "services"."id" = 101 [32mLIMIT[0m 1  [model:[32mService[0m loadtime:[33m0.3ms[0m pid:[33m15233[0m]
2013-03-08 11:08:34.243 [[31mERROR[0m]  Could not log "sql.active_record" event. TypeError: can't convert nil into String  [pid:[33m15233[0m]
2013-03-08 11:08:34.254 [[37mDEBUG[0m]  [32mSELECT[0m "teams".* [32mFROM[0m "teams" [32mWHERE[0m "teams"."id" = 3 [32mLIMIT[0m 1  [model:[32mTeam[0m loadtime:[33m0.4ms[0m pid:[33m15233[0m]
2013-03-08 11:08:34.256 [[37mDEBUG[0m]  [32mSELECT[0m "servers".* [32mFROM[0m "servers" [32mWHERE[0m "servers"."id" = 51 [32mLIMIT[0m 1  [model:[32mServer[0m loadtime:[33m0.4ms[0m pid:[33m15233[0m]
2013-03-08 11:08:34.257 [[37mDEBUG[0m]  [32mSELECT[0m "services".* [32mFROM[0m "services" [32mWHERE[0m "services"."id" = 101 [32mLIMIT[0m 1  [model:[32mService[0m loadtime:[33m0.3ms[0m pid:[33m15233[0m]
2013-03-08 11:08:34.258 [[37mDEBUG[0m]  (0.1ms)  ROLLBACK  [pid:[33m15233[0m]
2013-03-08 11:08:34.268 [[37mDEBUG[0m]  [32mSELECT[0m "teams".* [32mFROM[0m "teams" [32mWHERE[0m "teams"."id" = 3 [32mLIMIT[0m 1  [model:[32mTeam[0m loadtime:[33m0.3ms[0m pid:[33m15233[0m]
2013-03-08 11:08:34.269 [[31mERROR[0m]  Exception raised during check - Team: team1 - Service: Ping  [pid:[33m15233[0m]
2013-03-08 11:08:34.269 [[31mERROR[0m]  Exception message: Round already taken  [pid:[33m15233[0m]
2013-03-08 11:08:34.269 [[31mERROR[0m]  Exception backtrace: ["ping.rb:68:in `block (2 levels) in <main>'", "ping.rb:62:in `each'", "ping.rb:62:in `block in <main>'", "ping.rb:55:in `each'", "ping.rb:55:in `<main>'"]  [pid:[33m15233[0m]
2013-03-08 11:08:34.272 [[37mDEBUG[0m]  (0.1ms)  BEGIN  [pid:[33m15233[0m]
2013-03-08 11:08:34.273 [[37mDEBUG[0m]  [32mSELECT[0m "teams".* [32mFROM[0m "teams" [32mWHERE[0m "teams"."id" = 3 [32mLIMIT[0m 1  [model:[32mTeam[0m loadtime:[33m0.3ms[0m pid:[33m15233[0m]
2013-03-08 11:08:34.275 [[37mDEBUG[0m]  [32mSELECT[0m "servers".* [32mFROM[0m "servers" [32mWHERE[0m "servers"."id" = 51 [32mLIMIT[0m 1  [model:[32mServer[0m loadtime:[33m0.3ms[0m pid:[33m15233[0m]
2013-03-08 11:08:34.276 [[37mDEBUG[0m]  [32mSELECT[0m "services".* [32mFROM[0m "services" [32mWHERE[0m "services"."id" = 101 [32mLIMIT[0m 1  [model:[32mService[0m loadtime:[33m0.3ms[0m pid:[33m15233[0m]
2013-03-08 11:08:34.279 [[31mERROR[0m]  Could not log "sql.active_record" event. TypeError: can't convert nil into String  [pid:[33m15233[0m]
2013-03-08 11:08:34.281 [[37mDEBUG[0m]  [32mSELECT[0m "teams".* [32mFROM[0m "teams" [32mWHERE[0m "teams"."id" = 3 [32mLIMIT[0m 1  [model:[32mTeam[0m loadtime:[33m0.3ms[0m pid:[33m15233[0m]
2013-03-08 11:08:34.282 [[37mDEBUG[0m]  [32mSELECT[0m "servers".* [32mFROM[0m "servers" [32mWHERE[0m "servers"."id" = 51 [32mLIMIT[0m 1  [model:[32mServer[0m loadtime:[33m0.3ms[0m pid:[33m15233[0m]
2013-03-08 11:08:34.284 [[37mDEBUG[0m]  [32mSELECT[0m "services".* [32mFROM[0m "services" [32mWHERE[0m "services"."id" = 101 [32mLIMIT[0m 1  [model:[32mService[0m loadtime:[33m0.3ms[0m pid:[33m15233[0m]
2013-03-08 11:08:34.285 [[37mDEBUG[0m]  (0.1ms)  ROLLBACK  [pid:[33m15233[0m]
2013-03-08 11:08:34.286 [[31mERROR[0m]  Exception raised during check - Team: team1 - Service: Ping  [pid:[33m15233[0m]
2013-03-08 11:08:34.286 [[31mERROR[0m]  Exception message: Round already taken  [pid:[33m15233[0m]
2013-03-08 11:08:34.286 [[31mERROR[0m]  Exception backtrace: ["ping.rb:68:in `block (2 levels) in <main>'", "ping.rb:62:in `each'", "ping.rb:62:in `block in <main>'", "ping.rb:55:in `each'", "ping.rb:55:in `<main>'"]  [pid:[33m15233[0m]
2013-03-08 11:09:30.130 [[37mDEBUG[0m]  [32mSELECT[0m "services".* [32mFROM[0m "services" [32mWHERE[0m (name = 'Ping' [32mAND[0m version = 'ipv4' [32mAND[0m protocol = 'icmp' [32mAND[0m enabled = 't')  [model:[32mService[0m loadtime:[33m0.5ms[0m pid:[33m15246[0m]
2013-03-08 11:09:30.159 [[31mERROR[0m]  Could not log "sql.active_record" event. TypeError: can't convert nil into String  [pid:[33m15246[0m]
2013-03-08 11:09:30.161 [[37mDEBUG[0m]  [32mSELECT[0m "checks".* [32mFROM[0m "checks" [32mWHERE[0m "checks"."service_id" = 101 [32mORDER[0m [32mBY[0m round [32mDESC[0m [32mLIMIT[0m 1  [model:[32mCheck[0m loadtime:[33m0.8ms[0m pid:[33m15246[0m]
2013-03-08 11:09:30.175 [[37mDEBUG[0m]  [32mSELECT[0m value [32mFROM[0m "properties" [32mWHERE[0m "properties"."service_id" = 101 [32mAND[0m (category = 'address')  [model:[32mProperty[0m loadtime:[33m0.4ms[0m pid:[33m15246[0m]
2013-03-08 11:09:30.184 [[37mDEBUG[0m]  (0.1ms)  BEGIN  [pid:[33m15246[0m]
2013-03-08 11:09:30.191 [[37mDEBUG[0m]  [32mSELECT[0m "teams".* [32mFROM[0m "teams" [32mWHERE[0m "teams"."id" = 3 [32mLIMIT[0m 1  [model:[32mTeam[0m loadtime:[33m0.3ms[0m pid:[33m15246[0m]
2013-03-08 11:09:30.201 [[37mDEBUG[0m]  [32mSELECT[0m "servers".* [32mFROM[0m "servers" [32mWHERE[0m "servers"."id" = 51 [32mLIMIT[0m 1  [model:[32mServer[0m loadtime:[33m0.3ms[0m pid:[33m15246[0m]
2013-03-08 11:09:30.207 [[37mDEBUG[0m]  [32mSELECT[0m "services".* [32mFROM[0m "services" [32mWHERE[0m "services"."id" = 101 [32mLIMIT[0m 1  [model:[32mService[0m loadtime:[33m0.3ms[0m pid:[33m15246[0m]
2013-03-08 11:09:30.212 [[31mERROR[0m]  Could not log "sql.active_record" event. TypeError: can't convert nil into String  [pid:[33m15246[0m]
2013-03-08 11:09:30.220 [[37mDEBUG[0m]  [32mSELECT[0m "teams".* [32mFROM[0m "teams" [32mWHERE[0m "teams"."id" = 3 [32mLIMIT[0m 1  [model:[32mTeam[0m loadtime:[33m0.3ms[0m pid:[33m15246[0m]
2013-03-08 11:09:30.222 [[37mDEBUG[0m]  [32mSELECT[0m "servers".* [32mFROM[0m "servers" [32mWHERE[0m "servers"."id" = 51 [32mLIMIT[0m 1  [model:[32mServer[0m loadtime:[33m0.2ms[0m pid:[33m15246[0m]
2013-03-08 11:09:30.223 [[37mDEBUG[0m]  [32mSELECT[0m "services".* [32mFROM[0m "services" [32mWHERE[0m "services"."id" = 101 [32mLIMIT[0m 1  [model:[32mService[0m loadtime:[33m0.4ms[0m pid:[33m15246[0m]
2013-03-08 11:09:30.224 [[37mDEBUG[0m]  (0.1ms)  ROLLBACK  [pid:[33m15246[0m]
2013-03-08 11:09:30.234 [[37mDEBUG[0m]  [32mSELECT[0m "teams".* [32mFROM[0m "teams" [32mWHERE[0m "teams"."id" = 3 [32mLIMIT[0m 1  [model:[32mTeam[0m loadtime:[33m0.4ms[0m pid:[33m15246[0m]
2013-03-08 11:09:30.235 [[31mERROR[0m]  Exception raised during check - Team: team1 - Service: Ping  [pid:[33m15246[0m]
2013-03-08 11:09:30.235 [[31mERROR[0m]  Exception message: Round already taken  [pid:[33m15246[0m]
2013-03-08 11:09:30.235 [[31mERROR[0m]  Exception backtrace: ["ping.rb:68:in `block (2 levels) in <main>'", "ping.rb:62:in `each'", "ping.rb:62:in `block in <main>'", "ping.rb:55:in `each'", "ping.rb:55:in `<main>'"]  [pid:[33m15246[0m]
2013-03-08 11:09:30.238 [[37mDEBUG[0m]  (0.1ms)  BEGIN  [pid:[33m15246[0m]
2013-03-08 11:09:30.240 [[37mDEBUG[0m]  [32mSELECT[0m "teams".* [32mFROM[0m "teams" [32mWHERE[0m "teams"."id" = 3 [32mLIMIT[0m 1  [model:[32mTeam[0m loadtime:[33m0.3ms[0m pid:[33m15246[0m]
2013-03-08 11:09:30.241 [[37mDEBUG[0m]  [32mSELECT[0m "servers".* [32mFROM[0m "servers" [32mWHERE[0m "servers"."id" = 51 [32mLIMIT[0m 1  [model:[32mServer[0m loadtime:[33m0.3ms[0m pid:[33m15246[0m]
2013-03-08 11:09:30.243 [[37mDEBUG[0m]  [32mSELECT[0m "services".* [32mFROM[0m "services" [32mWHERE[0m "services"."id" = 101 [32mLIMIT[0m 1  [model:[32mService[0m loadtime:[33m0.3ms[0m pid:[33m15246[0m]
2013-03-08 11:09:30.245 [[31mERROR[0m]  Could not log "sql.active_record" event. TypeError: can't convert nil into String  [pid:[33m15246[0m]
2013-03-08 11:09:30.246 [[37mDEBUG[0m]  [32mSELECT[0m "teams".* [32mFROM[0m "teams" [32mWHERE[0m "teams"."id" = 3 [32mLIMIT[0m 1  [model:[32mTeam[0m loadtime:[33m0.2ms[0m pid:[33m15246[0m]
2013-03-08 11:09:30.247 [[37mDEBUG[0m]  [32mSELECT[0m "servers".* [32mFROM[0m "servers" [32mWHERE[0m "servers"."id" = 51 [32mLIMIT[0m 1  [model:[32mServer[0m loadtime:[33m0.2ms[0m pid:[33m15246[0m]
2013-03-08 11:09:30.248 [[37mDEBUG[0m]  [32mSELECT[0m "services".* [32mFROM[0m "services" [32mWHERE[0m "services"."id" = 101 [32mLIMIT[0m 1  [model:[32mService[0m loadtime:[33m0.2ms[0m pid:[33m15246[0m]
2013-03-08 11:09:30.248 [[37mDEBUG[0m]  (0.1ms)  ROLLBACK  [pid:[33m15246[0m]
2013-03-08 11:09:30.249 [[31mERROR[0m]  Exception raised during check - Team: team1 - Service: Ping  [pid:[33m15246[0m]
2013-03-08 11:09:30.249 [[31mERROR[0m]  Exception message: Round already taken  [pid:[33m15246[0m]
2013-03-08 11:09:30.249 [[31mERROR[0m]  Exception backtrace: ["ping.rb:68:in `block (2 levels) in <main>'", "ping.rb:62:in `each'", "ping.rb:62:in `block in <main>'", "ping.rb:55:in `each'", "ping.rb:55:in `<main>'"]  [pid:[33m15246[0m]
2013-03-08 11:10:03.880 [[37mDEBUG[0m]  [32mSELECT[0m "services".* [32mFROM[0m "services" [32mWHERE[0m (name = 'Ping' [32mAND[0m version = 'ipv4' [32mAND[0m protocol = 'icmp' [32mAND[0m enabled = 't')  [model:[32mService[0m loadtime:[33m0.6ms[0m pid:[33m15258[0m]
2013-03-08 11:10:03.908 [[37mDEBUG[0m]  (0.7ms)  [32mSELECT[0m [32mCOUNT[0m(*) [32mFROM[0m "checks" [32mWHERE[0m "checks"."service_id" = 101  [loadtime:[33m0.7ms[0m pid:[33m15258[0m]
2013-03-08 11:10:03.911 [[37mDEBUG[0m]  [32mSELECT[0m "checks".* [32mFROM[0m "checks" [32mWHERE[0m "checks"."service_id" = 101 [32mORDER[0m [32mBY[0m round [32mDESC[0m [32mLIMIT[0m 1  [model:[32mCheck[0m loadtime:[33m0.8ms[0m pid:[33m15258[0m]
2013-03-08 11:10:03.923 [[37mDEBUG[0m]  [32mSELECT[0m value [32mFROM[0m "properties" [32mWHERE[0m "properties"."service_id" = 101 [32mAND[0m (category = 'address')  [model:[32mProperty[0m loadtime:[33m0.5ms[0m pid:[33m15258[0m]
2013-03-08 11:10:03.933 [[37mDEBUG[0m]  (0.1ms)  BEGIN  [pid:[33m15258[0m]
2013-03-08 11:10:03.939 [[37mDEBUG[0m]  [32mSELECT[0m "teams".* [32mFROM[0m "teams" [32mWHERE[0m "teams"."id" = 3 [32mLIMIT[0m 1  [model:[32mTeam[0m loadtime:[33m0.3ms[0m pid:[33m15258[0m]
2013-03-08 11:10:03.949 [[37mDEBUG[0m]  [32mSELECT[0m "servers".* [32mFROM[0m "servers" [32mWHERE[0m "servers"."id" = 51 [32mLIMIT[0m 1  [model:[32mServer[0m loadtime:[33m0.3ms[0m pid:[33m15258[0m]
2013-03-08 11:10:03.955 [[37mDEBUG[0m]  [32mSELECT[0m "services".* [32mFROM[0m "services" [32mWHERE[0m "services"."id" = 101 [32mLIMIT[0m 1  [model:[32mService[0m loadtime:[33m0.3ms[0m pid:[33m15258[0m]
2013-03-08 11:10:03.960 [[37mDEBUG[0m]  Check Exists (0.6ms)  [32mSELECT[0m 1 [32mAS[0m one [32mFROM[0m "checks" [32mWHERE[0m ("checks"."round" = 1 [32mAND[0m "checks"."service_id" = 101) [32mLIMIT[0m 1  [pid:[33m15258[0m]
2013-03-08 11:10:03.968 [[37mDEBUG[0m]  [32mSELECT[0m "teams".* [32mFROM[0m "teams" [32mWHERE[0m "teams"."id" = 3 [32mLIMIT[0m 1  [model:[32mTeam[0m loadtime:[33m0.3ms[0m pid:[33m15258[0m]
2013-03-08 11:10:03.969 [[37mDEBUG[0m]  [32mSELECT[0m "servers".* [32mFROM[0m "servers" [32mWHERE[0m "servers"."id" = 51 [32mLIMIT[0m 1  [model:[32mServer[0m loadtime:[33m0.2ms[0m pid:[33m15258[0m]
2013-03-08 11:10:03.970 [[37mDEBUG[0m]  [32mSELECT[0m "services".* [32mFROM[0m "services" [32mWHERE[0m "services"."id" = 101 [32mLIMIT[0m 1  [model:[32mService[0m loadtime:[33m0.2ms[0m pid:[33m15258[0m]
2013-03-08 11:10:03.971 [[37mDEBUG[0m]  (0.1ms)  ROLLBACK  [pid:[33m15258[0m]
2013-03-08 11:10:03.981 [[37mDEBUG[0m]  [32mSELECT[0m "teams".* [32mFROM[0m "teams" [32mWHERE[0m "teams"."id" = 3 [32mLIMIT[0m 1  [model:[32mTeam[0m loadtime:[33m0.4ms[0m pid:[33m15258[0m]
2013-03-08 11:10:03.981 [[31mERROR[0m]  Exception raised during check - Team: team1 - Service: Ping  [pid:[33m15258[0m]
2013-03-08 11:10:03.981 [[31mERROR[0m]  Exception message: Round already taken  [pid:[33m15258[0m]
2013-03-08 11:10:03.982 [[31mERROR[0m]  Exception backtrace: ["ping.rb:68:in `block (2 levels) in <main>'", "ping.rb:62:in `each'", "ping.rb:62:in `block in <main>'", "ping.rb:55:in `each'", "ping.rb:55:in `<main>'"]  [pid:[33m15258[0m]
2013-03-08 11:10:03.985 [[37mDEBUG[0m]  (0.1ms)  BEGIN  [pid:[33m15258[0m]
2013-03-08 11:10:03.986 [[37mDEBUG[0m]  [32mSELECT[0m "teams".* [32mFROM[0m "teams" [32mWHERE[0m "teams"."id" = 3 [32mLIMIT[0m 1  [model:[32mTeam[0m loadtime:[33m0.3ms[0m pid:[33m15258[0m]
2013-03-08 11:10:03.987 [[37mDEBUG[0m]  [32mSELECT[0m "servers".* [32mFROM[0m "servers" [32mWHERE[0m "servers"."id" = 51 [32mLIMIT[0m 1  [model:[32mServer[0m loadtime:[33m0.2ms[0m pid:[33m15258[0m]
2013-03-08 11:10:03.989 [[37mDEBUG[0m]  [32mSELECT[0m "services".* [32mFROM[0m "services" [32mWHERE[0m "services"."id" = 101 [32mLIMIT[0m 1  [model:[32mService[0m loadtime:[33m0.3ms[0m pid:[33m15258[0m]
2013-03-08 11:10:03.991 [[37mDEBUG[0m]  Check Exists (0.6ms)  [32mSELECT[0m 1 [32mAS[0m one [32mFROM[0m "checks" [32mWHERE[0m ("checks"."round" = 1 [32mAND[0m "checks"."service_id" = 101) [32mLIMIT[0m 1  [pid:[33m15258[0m]
2013-03-08 11:10:03.993 [[37mDEBUG[0m]  [32mSELECT[0m "teams".* [32mFROM[0m "teams" [32mWHERE[0m "teams"."id" = 3 [32mLIMIT[0m 1  [model:[32mTeam[0m loadtime:[33m0.3ms[0m pid:[33m15258[0m]
2013-03-08 11:10:03.994 [[37mDEBUG[0m]  [32mSELECT[0m "servers".* [32mFROM[0m "servers" [32mWHERE[0m "servers"."id" = 51 [32mLIMIT[0m 1  [model:[32mServer[0m loadtime:[33m0.2ms[0m pid:[33m15258[0m]
2013-03-08 11:10:03.995 [[37mDEBUG[0m]  [32mSELECT[0m "services".* [32mFROM[0m "services" [32mWHERE[0m "services"."id" = 101 [32mLIMIT[0m 1  [model:[32mService[0m loadtime:[33m0.2ms[0m pid:[33m15258[0m]
2013-03-08 11:10:03.995 [[37mDEBUG[0m]  (0.1ms)  ROLLBACK  [pid:[33m15258[0m]
2013-03-08 11:10:03.996 [[31mERROR[0m]  Exception raised during check - Team: team1 - Service: Ping  [pid:[33m15258[0m]
2013-03-08 11:10:03.996 [[31mERROR[0m]  Exception message: Round already taken  [pid:[33m15258[0m]
2013-03-08 11:10:03.996 [[31mERROR[0m]  Exception backtrace: ["ping.rb:68:in `block (2 levels) in <main>'", "ping.rb:62:in `each'", "ping.rb:62:in `block in <main>'", "ping.rb:55:in `each'", "ping.rb:55:in `<main>'"]  [pid:[33m15258[0m]
2013-03-08 11:17:00.810 [[37mDEBUG[0m]  (0.6ms)  [32mSELECT[0m "services".* [32mFROM[0m "services" [32mWHERE[0m (name = 'Ping' [32mAND[0m version = 'ipv4' [32mAND[0m protocol = 'icmp' [32mAND[0m enabled = 't')  [pid:[33m15312[0m]
2013-03-08 11:17:00.839 [[37mDEBUG[0m]  (0.7ms)  [32mSELECT[0m [32mCOUNT[0m(*) [32mFROM[0m "checks" [32mWHERE[0m "checks"."service_id" = 101  [pid:[33m15312[0m]
2013-03-08 11:17:00.842 [[37mDEBUG[0m]  (0.8ms)  [32mSELECT[0m "checks".* [32mFROM[0m "checks" [32mWHERE[0m "checks"."service_id" = 101 [32mORDER[0m [32mBY[0m round [32mDESC[0m [32mLIMIT[0m 1  [pid:[33m15312[0m]
2013-03-08 11:17:00.854 [[37mDEBUG[0m]  (0.5ms)  [32mSELECT[0m value [32mFROM[0m "properties" [32mWHERE[0m "properties"."service_id" = 101 [32mAND[0m (category = 'address')  [pid:[33m15312[0m]
2013-03-08 11:17:00.864 [[37mDEBUG[0m]  (0.1ms)  BEGIN  [pid:[33m15312[0m]
2013-03-08 11:17:00.870 [[37mDEBUG[0m]  (0.3ms)  [32mSELECT[0m "teams".* [32mFROM[0m "teams" [32mWHERE[0m "teams"."id" = 3 [32mLIMIT[0m 1  [pid:[33m15312[0m]
2013-03-08 11:17:00.880 [[37mDEBUG[0m]  (0.3ms)  [32mSELECT[0m "servers".* [32mFROM[0m "servers" [32mWHERE[0m "servers"."id" = 51 [32mLIMIT[0m 1  [pid:[33m15312[0m]
2013-03-08 11:17:00.886 [[37mDEBUG[0m]  (0.3ms)  [32mSELECT[0m "services".* [32mFROM[0m "services" [32mWHERE[0m "services"."id" = 101 [32mLIMIT[0m 1  [pid:[33m15312[0m]
2013-03-08 11:17:00.892 [[37mDEBUG[0m]  Check Exists  [32mSELECT[0m 1 [32mAS[0m one [32mFROM[0m "checks" [32mWHERE[0m ("checks"."round" = 1 [32mAND[0m "checks"."service_id" = 101) [32mLIMIT[0m 1  [loadtime:[33m0.6ms[0m pid:[33m15312[0m]
2013-03-08 11:17:00.899 [[37mDEBUG[0m]  (0.3ms)  [32mSELECT[0m "teams".* [32mFROM[0m "teams" [32mWHERE[0m "teams"."id" = 3 [32mLIMIT[0m 1  [pid:[33m15312[0m]
2013-03-08 11:17:00.901 [[37mDEBUG[0m]  (0.3ms)  [32mSELECT[0m "servers".* [32mFROM[0m "servers" [32mWHERE[0m "servers"."id" = 51 [32mLIMIT[0m 1  [pid:[33m15312[0m]
2013-03-08 11:17:00.902 [[37mDEBUG[0m]  (0.2ms)  [32mSELECT[0m "services".* [32mFROM[0m "services" [32mWHERE[0m "services"."id" = 101 [32mLIMIT[0m 1  [pid:[33m15312[0m]
2013-03-08 11:17:00.902 [[37mDEBUG[0m]  (0.1ms)  ROLLBACK  [pid:[33m15312[0m]
2013-03-08 11:17:00.905 [[37mDEBUG[0m]  (0.4ms)  [32mSELECT[0m "teams".* [32mFROM[0m "teams" [32mWHERE[0m "teams"."id" = 3 [32mLIMIT[0m 1  [pid:[33m15312[0m]
2013-03-08 11:17:00.913 [[31mERROR[0m]  Exception raised during check - Team: team1 - Service: Ping  [pid:[33m15312[0m]
2013-03-08 11:17:00.913 [[31mERROR[0m]  Exception message: Round already taken  [pid:[33m15312[0m]
2013-03-08 11:17:00.913 [[31mERROR[0m]  Exception backtrace: ["ping.rb:68:in `block (2 levels) in <main>'", "ping.rb:62:in `each'", "ping.rb:62:in `block in <main>'", "ping.rb:55:in `each'", "ping.rb:55:in `<main>'"]  [pid:[33m15312[0m]
2013-03-08 11:17:00.916 [[37mDEBUG[0m]  (0.1ms)  BEGIN  [pid:[33m15312[0m]
2013-03-08 11:17:00.917 [[37mDEBUG[0m]  (0.3ms)  [32mSELECT[0m "teams".* [32mFROM[0m "teams" [32mWHERE[0m "teams"."id" = 3 [32mLIMIT[0m 1  [pid:[33m15312[0m]
2013-03-08 11:17:00.919 [[37mDEBUG[0m]  (0.2ms)  [32mSELECT[0m "servers".* [32mFROM[0m "servers" [32mWHERE[0m "servers"."id" = 51 [32mLIMIT[0m 1  [pid:[33m15312[0m]
2013-03-08 11:17:00.920 [[37mDEBUG[0m]  (0.3ms)  [32mSELECT[0m "services".* [32mFROM[0m "services" [32mWHERE[0m "services"."id" = 101 [32mLIMIT[0m 1  [pid:[33m15312[0m]
2013-03-08 11:17:00.922 [[37mDEBUG[0m]  Check Exists  [32mSELECT[0m 1 [32mAS[0m one [32mFROM[0m "checks" [32mWHERE[0m ("checks"."round" = 1 [32mAND[0m "checks"."service_id" = 101) [32mLIMIT[0m 1  [loadtime:[33m0.6ms[0m pid:[33m15312[0m]
2013-03-08 11:17:00.924 [[37mDEBUG[0m]  (0.3ms)  [32mSELECT[0m "teams".* [32mFROM[0m "teams" [32mWHERE[0m "teams"."id" = 3 [32mLIMIT[0m 1  [pid:[33m15312[0m]
2013-03-08 11:17:00.925 [[37mDEBUG[0m]  (0.3ms)  [32mSELECT[0m "servers".* [32mFROM[0m "servers" [32mWHERE[0m "servers"."id" = 51 [32mLIMIT[0m 1  [pid:[33m15312[0m]
2013-03-08 11:17:00.926 [[37mDEBUG[0m]  (0.3ms)  [32mSELECT[0m "services".* [32mFROM[0m "services" [32mWHERE[0m "services"."id" = 101 [32mLIMIT[0m 1  [pid:[33m15312[0m]
2013-03-08 11:17:00.926 [[37mDEBUG[0m]  (0.1ms)  ROLLBACK  [pid:[33m15312[0m]
2013-03-08 11:17:00.927 [[31mERROR[0m]  Exception raised during check - Team: team1 - Service: Ping  [pid:[33m15312[0m]
2013-03-08 11:17:00.927 [[31mERROR[0m]  Exception message: Round already taken  [pid:[33m15312[0m]
2013-03-08 11:17:00.927 [[31mERROR[0m]  Exception backtrace: ["ping.rb:68:in `block (2 levels) in <main>'", "ping.rb:62:in `each'", "ping.rb:62:in `block in <main>'", "ping.rb:55:in `each'", "ping.rb:55:in `<main>'"]  [pid:[33m15312[0m]
2013-03-08 11:17:25.549 [[37mDEBUG[0m]    [32mSELECT[0m "services".* [32mFROM[0m "services" [32mWHERE[0m (name = 'Ping' [32mAND[0m version = 'ipv4' [32mAND[0m protocol = 'icmp' [32mAND[0m enabled = 't')  [loadtime:[33m0.6ms[0m pid:[33m15324[0m]
2013-03-08 11:17:25.577 [[37mDEBUG[0m]    [32mSELECT[0m [32mCOUNT[0m(*) [32mFROM[0m "checks" [32mWHERE[0m "checks"."service_id" = 101  [loadtime:[33m0.7ms[0m pid:[33m15324[0m]
2013-03-08 11:17:25.580 [[37mDEBUG[0m]    [32mSELECT[0m "checks".* [32mFROM[0m "checks" [32mWHERE[0m "checks"."service_id" = 101 [32mORDER[0m [32mBY[0m round [32mDESC[0m [32mLIMIT[0m 1  [loadtime:[33m0.8ms[0m pid:[33m15324[0m]
2013-03-08 11:17:25.593 [[37mDEBUG[0m]    [32mSELECT[0m value [32mFROM[0m "properties" [32mWHERE[0m "properties"."service_id" = 101 [32mAND[0m (category = 'address')  [loadtime:[33m0.4ms[0m pid:[33m15324[0m]
2013-03-08 11:17:25.603 [[37mDEBUG[0m]  (0.1ms)  BEGIN  [pid:[33m15324[0m]
2013-03-08 11:17:25.609 [[37mDEBUG[0m]    [32mSELECT[0m "teams".* [32mFROM[0m "teams" [32mWHERE[0m "teams"."id" = 3 [32mLIMIT[0m 1  [loadtime:[33m0.3ms[0m pid:[33m15324[0m]
2013-03-08 11:17:25.619 [[37mDEBUG[0m]    [32mSELECT[0m "servers".* [32mFROM[0m "servers" [32mWHERE[0m "servers"."id" = 51 [32mLIMIT[0m 1  [loadtime:[33m0.3ms[0m pid:[33m15324[0m]
2013-03-08 11:17:25.626 [[37mDEBUG[0m]    [32mSELECT[0m "services".* [32mFROM[0m "services" [32mWHERE[0m "services"."id" = 101 [32mLIMIT[0m 1  [loadtime:[33m0.4ms[0m pid:[33m15324[0m]
2013-03-08 11:17:25.631 [[37mDEBUG[0m]  Check Exists  [32mSELECT[0m 1 [32mAS[0m one [32mFROM[0m "checks" [32mWHERE[0m ("checks"."round" = 1 [32mAND[0m "checks"."service_id" = 101) [32mLIMIT[0m 1  [loadtime:[33m0.6ms[0m pid:[33m15324[0m]
2013-03-08 11:17:25.639 [[37mDEBUG[0m]    [32mSELECT[0m "teams".* [32mFROM[0m "teams" [32mWHERE[0m "teams"."id" = 3 [32mLIMIT[0m 1  [loadtime:[33m0.3ms[0m pid:[33m15324[0m]
2013-03-08 11:17:25.640 [[37mDEBUG[0m]    [32mSELECT[0m "servers".* [32mFROM[0m "servers" [32mWHERE[0m "servers"."id" = 51 [32mLIMIT[0m 1  [loadtime:[33m0.3ms[0m pid:[33m15324[0m]
2013-03-08 11:17:25.641 [[37mDEBUG[0m]    [32mSELECT[0m "services".* [32mFROM[0m "services" [32mWHERE[0m "services"."id" = 101 [32mLIMIT[0m 1  [loadtime:[33m0.2ms[0m pid:[33m15324[0m]
2013-03-08 11:17:25.642 [[37mDEBUG[0m]  (0.1ms)  ROLLBACK  [pid:[33m15324[0m]
2013-03-08 11:17:25.652 [[37mDEBUG[0m]    [32mSELECT[0m "teams".* [32mFROM[0m "teams" [32mWHERE[0m "teams"."id" = 3 [32mLIMIT[0m 1  [loadtime:[33m7.8ms[0m pid:[33m15324[0m]
2013-03-08 11:17:25.652 [[31mERROR[0m]  Exception raised during check - Team: team1 - Service: Ping  [pid:[33m15324[0m]
2013-03-08 11:17:25.652 [[31mERROR[0m]  Exception message: Round already taken  [pid:[33m15324[0m]
2013-03-08 11:17:25.653 [[31mERROR[0m]  Exception backtrace: ["ping.rb:68:in `block (2 levels) in <main>'", "ping.rb:62:in `each'", "ping.rb:62:in `block in <main>'", "ping.rb:55:in `each'", "ping.rb:55:in `<main>'"]  [pid:[33m15324[0m]
2013-03-08 11:17:25.657 [[37mDEBUG[0m]  (0.1ms)  BEGIN  [pid:[33m15324[0m]
2013-03-08 11:17:25.659 [[37mDEBUG[0m]    [32mSELECT[0m "teams".* [32mFROM[0m "teams" [32mWHERE[0m "teams"."id" = 3 [32mLIMIT[0m 1  [loadtime:[33m0.4ms[0m pid:[33m15324[0m]
2013-03-08 11:17:25.661 [[37mDEBUG[0m]    [32mSELECT[0m "servers".* [32mFROM[0m "servers" [32mWHERE[0m "servers"."id" = 51 [32mLIMIT[0m 1  [loadtime:[33m0.4ms[0m pid:[33m15324[0m]
2013-03-08 11:17:25.662 [[37mDEBUG[0m]    [32mSELECT[0m "services".* [32mFROM[0m "services" [32mWHERE[0m "services"."id" = 101 [32mLIMIT[0m 1  [loadtime:[33m0.3ms[0m pid:[33m15324[0m]
2013-03-08 11:17:25.664 [[37mDEBUG[0m]  Check Exists  [32mSELECT[0m 1 [32mAS[0m one [32mFROM[0m "checks" [32mWHERE[0m ("checks"."round" = 1 [32mAND[0m "checks"."service_id" = 101) [32mLIMIT[0m 1  [loadtime:[33m0.5ms[0m pid:[33m15324[0m]
2013-03-08 11:17:25.666 [[37mDEBUG[0m]    [32mSELECT[0m "teams".* [32mFROM[0m "teams" [32mWHERE[0m "teams"."id" = 3 [32mLIMIT[0m 1  [loadtime:[33m0.3ms[0m pid:[33m15324[0m]
2013-03-08 11:17:25.667 [[37mDEBUG[0m]    [32mSELECT[0m "servers".* [32mFROM[0m "servers" [32mWHERE[0m "servers"."id" = 51 [32mLIMIT[0m 1  [loadtime:[33m0.3ms[0m pid:[33m15324[0m]
2013-03-08 11:17:25.668 [[37mDEBUG[0m]    [32mSELECT[0m "services".* [32mFROM[0m "services" [32mWHERE[0m "services"."id" = 101 [32mLIMIT[0m 1  [loadtime:[33m0.3ms[0m pid:[33m15324[0m]
2013-03-08 11:17:25.669 [[37mDEBUG[0m]  (0.1ms)  ROLLBACK  [pid:[33m15324[0m]
2013-03-08 11:17:25.670 [[31mERROR[0m]  Exception raised during check - Team: team1 - Service: Ping  [pid:[33m15324[0m]
2013-03-08 11:17:25.670 [[31mERROR[0m]  Exception message: Round already taken  [pid:[33m15324[0m]
2013-03-08 11:17:25.670 [[31mERROR[0m]  Exception backtrace: ["ping.rb:68:in `block (2 levels) in <main>'", "ping.rb:62:in `each'", "ping.rb:62:in `block in <main>'", "ping.rb:55:in `each'", "ping.rb:55:in `<main>'"]  [pid:[33m15324[0m]
2013-03-08 11:18:07.694 [[37mDEBUG[0m]  [32mSELECT[0m "services".* [32mFROM[0m "services" [32mWHERE[0m (name = 'Ping' [32mAND[0m version = 'ipv4' [32mAND[0m protocol = 'icmp' [32mAND[0m enabled = 't')  [loadtime:[33m0.6ms[0m pid:[33m15336[0m]
2013-03-08 11:18:07.724 [[37mDEBUG[0m]  [32mSELECT[0m [32mCOUNT[0m(*) [32mFROM[0m "checks" [32mWHERE[0m "checks"."service_id" = 101  [loadtime:[33m0.8ms[0m pid:[33m15336[0m]
2013-03-08 11:18:07.726 [[37mDEBUG[0m]  [32mSELECT[0m "checks".* [32mFROM[0m "checks" [32mWHERE[0m "checks"."service_id" = 101 [32mORDER[0m [32mBY[0m round [32mDESC[0m [32mLIMIT[0m 1  [loadtime:[33m0.9ms[0m pid:[33m15336[0m]
2013-03-08 11:18:07.743 [[37mDEBUG[0m]  [32mSELECT[0m value [32mFROM[0m "properties" [32mWHERE[0m "properties"."service_id" = 101 [32mAND[0m (category = 'address')  [loadtime:[33m0.7ms[0m pid:[33m15336[0m]
2013-03-08 11:18:07.757 [[37mDEBUG[0m]  (0.2ms)  BEGIN  [pid:[33m15336[0m]
2013-03-08 11:18:07.766 [[37mDEBUG[0m]  [32mSELECT[0m "teams".* [32mFROM[0m "teams" [32mWHERE[0m "teams"."id" = 3 [32mLIMIT[0m 1  [loadtime:[33m0.3ms[0m pid:[33m15336[0m]
2013-03-08 11:18:07.777 [[37mDEBUG[0m]  [32mSELECT[0m "servers".* [32mFROM[0m "servers" [32mWHERE[0m "servers"."id" = 51 [32mLIMIT[0m 1  [loadtime:[33m0.3ms[0m pid:[33m15336[0m]
2013-03-08 11:18:07.782 [[37mDEBUG[0m]  [32mSELECT[0m "services".* [32mFROM[0m "services" [32mWHERE[0m "services"."id" = 101 [32mLIMIT[0m 1  [loadtime:[33m0.3ms[0m pid:[33m15336[0m]
2013-03-08 11:18:07.787 [[37mDEBUG[0m]  Check Exists  [32mSELECT[0m 1 [32mAS[0m one [32mFROM[0m "checks" [32mWHERE[0m ("checks"."round" = 1 [32mAND[0m "checks"."service_id" = 101) [32mLIMIT[0m 1  [loadtime:[33m0.6ms[0m pid:[33m15336[0m]
2013-03-08 11:18:07.796 [[37mDEBUG[0m]  [32mSELECT[0m "teams".* [32mFROM[0m "teams" [32mWHERE[0m "teams"."id" = 3 [32mLIMIT[0m 1  [loadtime:[33m0.3ms[0m pid:[33m15336[0m]
2013-03-08 11:18:07.797 [[37mDEBUG[0m]  [32mSELECT[0m "servers".* [32mFROM[0m "servers" [32mWHERE[0m "servers"."id" = 51 [32mLIMIT[0m 1  [loadtime:[33m0.2ms[0m pid:[33m15336[0m]
2013-03-08 11:18:07.798 [[37mDEBUG[0m]  [32mSELECT[0m "services".* [32mFROM[0m "services" [32mWHERE[0m "services"."id" = 101 [32mLIMIT[0m 1  [loadtime:[33m0.2ms[0m pid:[33m15336[0m]
2013-03-08 11:18:07.799 [[37mDEBUG[0m]  (0.1ms)  ROLLBACK  [pid:[33m15336[0m]
2013-03-08 11:18:07.809 [[37mDEBUG[0m]  [32mSELECT[0m "teams".* [32mFROM[0m "teams" [32mWHERE[0m "teams"."id" = 3 [32mLIMIT[0m 1  [loadtime:[33m0.3ms[0m pid:[33m15336[0m]
2013-03-08 11:18:07.810 [[31mERROR[0m]  Exception raised during check - Team: team1 - Service: Ping  [pid:[33m15336[0m]
2013-03-08 11:18:07.810 [[31mERROR[0m]  Exception message: Round already taken  [pid:[33m15336[0m]
2013-03-08 11:18:07.810 [[31mERROR[0m]  Exception backtrace: ["ping.rb:68:in `block (2 levels) in <main>'", "ping.rb:62:in `each'", "ping.rb:62:in `block in <main>'", "ping.rb:55:in `each'", "ping.rb:55:in `<main>'"]  [pid:[33m15336[0m]
2013-03-08 11:18:07.814 [[37mDEBUG[0m]  (0.1ms)  BEGIN  [pid:[33m15336[0m]
2013-03-08 11:18:07.815 [[37mDEBUG[0m]  [32mSELECT[0m "teams".* [32mFROM[0m "teams" [32mWHERE[0m "teams"."id" = 3 [32mLIMIT[0m 1  [loadtime:[33m0.3ms[0m pid:[33m15336[0m]
2013-03-08 11:18:07.816 [[37mDEBUG[0m]  [32mSELECT[0m "servers".* [32mFROM[0m "servers" [32mWHERE[0m "servers"."id" = 51 [32mLIMIT[0m 1  [loadtime:[33m0.2ms[0m pid:[33m15336[0m]
2013-03-08 11:18:07.818 [[37mDEBUG[0m]  [32mSELECT[0m "services".* [32mFROM[0m "services" [32mWHERE[0m "services"."id" = 101 [32mLIMIT[0m 1  [loadtime:[33m0.3ms[0m pid:[33m15336[0m]
2013-03-08 11:18:07.820 [[37mDEBUG[0m]  Check Exists  [32mSELECT[0m 1 [32mAS[0m one [32mFROM[0m "checks" [32mWHERE[0m ("checks"."round" = 1 [32mAND[0m "checks"."service_id" = 101) [32mLIMIT[0m 1  [loadtime:[33m0.6ms[0m pid:[33m15336[0m]
2013-03-08 11:18:07.822 [[37mDEBUG[0m]  [32mSELECT[0m "teams".* [32mFROM[0m "teams" [32mWHERE[0m "teams"."id" = 3 [32mLIMIT[0m 1  [loadtime:[33m0.3ms[0m pid:[33m15336[0m]
2013-03-08 11:18:07.823 [[37mDEBUG[0m]  [32mSELECT[0m "servers".* [32mFROM[0m "servers" [32mWHERE[0m "servers"."id" = 51 [32mLIMIT[0m 1  [loadtime:[33m0.2ms[0m pid:[33m15336[0m]
2013-03-08 11:18:07.824 [[37mDEBUG[0m]  [32mSELECT[0m "services".* [32mFROM[0m "services" [32mWHERE[0m "services"."id" = 101 [32mLIMIT[0m 1  [loadtime:[33m0.3ms[0m pid:[33m15336[0m]
2013-03-08 11:18:07.824 [[37mDEBUG[0m]  (0.1ms)  ROLLBACK  [pid:[33m15336[0m]
2013-03-08 11:18:07.825 [[31mERROR[0m]  Exception raised during check - Team: team1 - Service: Ping  [pid:[33m15336[0m]
2013-03-08 11:18:07.825 [[31mERROR[0m]  Exception message: Round already taken  [pid:[33m15336[0m]
2013-03-08 11:18:07.826 [[31mERROR[0m]  Exception backtrace: ["ping.rb:68:in `block (2 levels) in <main>'", "ping.rb:62:in `each'", "ping.rb:62:in `block in <main>'", "ping.rb:55:in `each'", "ping.rb:55:in `<main>'"]  [pid:[33m15336[0m]
2013-03-08 11:26:28.917 [[37mDEBUG[0m]  ()  [32mSELECT[0m "services".* [32mFROM[0m "services" [32mWHERE[0m (name = 'Ping' [32mAND[0m version = 'ipv4' [32mAND[0m protocol = 'icmp' [32mAND[0m enabled = 't')  [loadtime:[33m0.6ms[0m pid:[33m15372[0m]
2013-03-08 11:26:28.946 [[37mDEBUG[0m]  ()  [32mSELECT[0m [32mCOUNT[0m(*) [32mFROM[0m "checks" [32mWHERE[0m "checks"."service_id" = 101  [loadtime:[33m0.8ms[0m pid:[33m15372[0m]
2013-03-08 11:26:28.949 [[37mDEBUG[0m]  ()  [32mSELECT[0m "checks".* [32mFROM[0m "checks" [32mWHERE[0m "checks"."service_id" = 101 [32mORDER[0m [32mBY[0m round [32mDESC[0m [32mLIMIT[0m 1  [loadtime:[33m0.7ms[0m pid:[33m15372[0m]
2013-03-08 11:26:28.961 [[37mDEBUG[0m]  ()  [32mSELECT[0m value [32mFROM[0m "properties" [32mWHERE[0m "properties"."service_id" = 101 [32mAND[0m (category = 'address')  [loadtime:[33m0.4ms[0m pid:[33m15372[0m]
2013-03-08 11:26:28.971 [[37mDEBUG[0m]  ()  BEGIN  [loadtime:[33m0.1ms[0m pid:[33m15372[0m]
2013-03-08 11:26:28.978 [[37mDEBUG[0m]  ()  [32mSELECT[0m "teams".* [32mFROM[0m "teams" [32mWHERE[0m "teams"."id" = 3 [32mLIMIT[0m 1  [loadtime:[33m0.3ms[0m pid:[33m15372[0m]
2013-03-08 11:26:28.988 [[37mDEBUG[0m]  ()  [32mSELECT[0m "servers".* [32mFROM[0m "servers" [32mWHERE[0m "servers"."id" = 51 [32mLIMIT[0m 1  [loadtime:[33m0.3ms[0m pid:[33m15372[0m]
2013-03-08 11:26:28.994 [[37mDEBUG[0m]  ()  [32mSELECT[0m "services".* [32mFROM[0m "services" [32mWHERE[0m "services"."id" = 101 [32mLIMIT[0m 1  [loadtime:[33m0.4ms[0m pid:[33m15372[0m]
2013-03-08 11:26:28.999 [[37mDEBUG[0m]  Check Exists ()  [32mSELECT[0m 1 [32mAS[0m one [32mFROM[0m "checks" [32mWHERE[0m ("checks"."round" = 1 [32mAND[0m "checks"."service_id" = 101) [32mLIMIT[0m 1  [loadtime:[33m0.5ms[0m pid:[33m15372[0m]
2013-03-08 11:26:29.761 [[37mDEBUG[0m]  ()  [32mSELECT[0m "teams".* [32mFROM[0m "teams" [32mWHERE[0m "teams"."id" = 3 [32mLIMIT[0m 1  [loadtime:[33m0.4ms[0m pid:[33m15372[0m]
2013-03-08 11:26:29.893 [[37mDEBUG[0m]  ()  [32mSELECT[0m "servers".* [32mFROM[0m "servers" [32mWHERE[0m "servers"."id" = 51 [32mLIMIT[0m 1  [loadtime:[33m0.3ms[0m pid:[33m15372[0m]
2013-03-08 11:26:29.100 [[37mDEBUG[0m]  ()  [32mSELECT[0m "services".* [32mFROM[0m "services" [32mWHERE[0m "services"."id" = 101 [32mLIMIT[0m 1  [loadtime:[33m0.3ms[0m pid:[33m15372[0m]
2013-03-08 11:26:29.110 [[37mDEBUG[0m]  ()  ROLLBACK  [loadtime:[33m0.1ms[0m pid:[33m15372[0m]
2013-03-08 11:26:29.210 [[37mDEBUG[0m]  ()  [32mSELECT[0m "teams".* [32mFROM[0m "teams" [32mWHERE[0m "teams"."id" = 3 [32mLIMIT[0m 1  [loadtime:[33m0.3ms[0m pid:[33m15372[0m]
2013-03-08 11:26:29.216 [[31mERROR[0m]  Exception raised during check - Team: team1 - Service: Ping  [pid:[33m15372[0m]
2013-03-08 11:26:29.217 [[31mERROR[0m]  Exception message: Round already taken  [pid:[33m15372[0m]
2013-03-08 11:26:29.219 [[31mERROR[0m]  Exception backtrace: ["ping.rb:68:in `block (2 levels) in <main>'", "ping.rb:62:in `each'", "ping.rb:62:in `block in <main>'", "ping.rb:55:in `each'", "ping.rb:55:in `<main>'"]  [pid:[33m15372[0m]
2013-03-08 11:26:29.252 [[37mDEBUG[0m]  ()  BEGIN  [loadtime:[33m0.1ms[0m pid:[33m15372[0m]
2013-03-08 11:26:29.267 [[37mDEBUG[0m]  ()  [32mSELECT[0m "teams".* [32mFROM[0m "teams" [32mWHERE[0m "teams"."id" = 3 [32mLIMIT[0m 1  [loadtime:[33m0.3ms[0m pid:[33m15372[0m]
2013-03-08 11:26:29.281 [[37mDEBUG[0m]  ()  [32mSELECT[0m "servers".* [32mFROM[0m "servers" [32mWHERE[0m "servers"."id" = 51 [32mLIMIT[0m 1  [loadtime:[33m0.3ms[0m pid:[33m15372[0m]
2013-03-08 11:26:29.295 [[37mDEBUG[0m]  ()  [32mSELECT[0m "services".* [32mFROM[0m "services" [32mWHERE[0m "services"."id" = 101 [32mLIMIT[0m 1  [loadtime:[33m0.2ms[0m pid:[33m15372[0m]
2013-03-08 11:26:29.312 [[37mDEBUG[0m]  Check Exists ()  [32mSELECT[0m 1 [32mAS[0m one [32mFROM[0m "checks" [32mWHERE[0m ("checks"."round" = 1 [32mAND[0m "checks"."service_id" = 101) [32mLIMIT[0m 1  [loadtime:[33m0.5ms[0m pid:[33m15372[0m]
2013-03-08 11:26:29.326 [[37mDEBUG[0m]  ()  [32mSELECT[0m "teams".* [32mFROM[0m "teams" [32mWHERE[0m "teams"."id" = 3 [32mLIMIT[0m 1  [loadtime:[33m0.2ms[0m pid:[33m15372[0m]
2013-03-08 11:26:29.335 [[37mDEBUG[0m]  ()  [32mSELECT[0m "servers".* [32mFROM[0m "servers" [32mWHERE[0m "servers"."id" = 51 [32mLIMIT[0m 1  [loadtime:[33m0.2ms[0m pid:[33m15372[0m]
2013-03-08 11:26:29.343 [[37mDEBUG[0m]  ()  [32mSELECT[0m "services".* [32mFROM[0m "services" [32mWHERE[0m "services"."id" = 101 [32mLIMIT[0m 1  [loadtime:[33m0.2ms[0m pid:[33m15372[0m]
2013-03-08 11:26:29.350 [[37mDEBUG[0m]  ()  ROLLBACK  [loadtime:[33m0.1ms[0m pid:[33m15372[0m]
2013-03-08 11:26:29.356 [[31mERROR[0m]  Exception raised during check - Team: team1 - Service: Ping  [pid:[33m15372[0m]
2013-03-08 11:26:29.358 [[31mERROR[0m]  Exception message: Round already taken  [pid:[33m15372[0m]
2013-03-08 11:26:29.360 [[31mERROR[0m]  Exception backtrace: ["ping.rb:68:in `block (2 levels) in <main>'", "ping.rb:62:in `each'", "ping.rb:62:in `block in <main>'", "ping.rb:55:in `each'", "ping.rb:55:in `<main>'"]  [pid:[33m15372[0m]
2013-03-08 11:28:37.163 [[37mDEBUG[0m]  [32mSELECT[0m "services".* [32mFROM[0m "services" [32mWHERE[0m (name = 'Ping' [32mAND[0m version = 'ipv4' [32mAND[0m protocol = 'icmp' [32mAND[0m enabled = 't')  [loadtime:[33m0.6ms[0m pid:[33m15391[0m]
2013-03-08 11:28:37.192 [[37mDEBUG[0m]  [32mSELECT[0m [32mCOUNT[0m(*) [32mFROM[0m "checks" [32mWHERE[0m "checks"."service_id" = 101  [loadtime:[33m0.8ms[0m pid:[33m15391[0m]
2013-03-08 11:28:37.195 [[37mDEBUG[0m]  [32mSELECT[0m "checks".* [32mFROM[0m "checks" [32mWHERE[0m "checks"."service_id" = 101 [32mORDER[0m [32mBY[0m round [32mDESC[0m [32mLIMIT[0m 1  [loadtime:[33m0.8ms[0m pid:[33m15391[0m]
2013-03-08 11:28:37.208 [[37mDEBUG[0m]  [32mSELECT[0m value [32mFROM[0m "properties" [32mWHERE[0m "properties"."service_id" = 101 [32mAND[0m (category = 'address')  [loadtime:[33m0.4ms[0m pid:[33m15391[0m]
2013-03-08 11:28:37.217 [[37mDEBUG[0m]  BEGIN  [loadtime:[33m0.1ms[0m pid:[33m15391[0m]
2013-03-08 11:28:37.224 [[37mDEBUG[0m]  [32mSELECT[0m "teams".* [32mFROM[0m "teams" [32mWHERE[0m "teams"."id" = 3 [32mLIMIT[0m 1  [loadtime:[33m0.3ms[0m pid:[33m15391[0m]
2013-03-08 11:28:37.234 [[37mDEBUG[0m]  [32mSELECT[0m "servers".* [32mFROM[0m "servers" [32mWHERE[0m "servers"."id" = 51 [32mLIMIT[0m 1  [loadtime:[33m0.3ms[0m pid:[33m15391[0m]
2013-03-08 11:28:37.240 [[37mDEBUG[0m]  [32mSELECT[0m "services".* [32mFROM[0m "services" [32mWHERE[0m "services"."id" = 101 [32mLIMIT[0m 1  [loadtime:[33m0.3ms[0m pid:[33m15391[0m]
2013-03-08 11:28:37.245 [[37mDEBUG[0m]  Check Exists  [32mSELECT[0m 1 [32mAS[0m one [32mFROM[0m "checks" [32mWHERE[0m ("checks"."round" = 1 [32mAND[0m "checks"."service_id" = 101) [32mLIMIT[0m 1  [loadtime:[33m0.5ms[0m pid:[33m15391[0m]
2013-03-08 11:28:37.253 [[37mDEBUG[0m]  [32mSELECT[0m "teams".* [32mFROM[0m "teams" [32mWHERE[0m "teams"."id" = 3 [32mLIMIT[0m 1  [loadtime:[33m0.3ms[0m pid:[33m15391[0m]
2013-03-08 11:28:37.254 [[37mDEBUG[0m]  [32mSELECT[0m "servers".* [32mFROM[0m "servers" [32mWHERE[0m "servers"."id" = 51 [32mLIMIT[0m 1  [loadtime:[33m0.2ms[0m pid:[33m15391[0m]
2013-03-08 11:28:37.255 [[37mDEBUG[0m]  [32mSELECT[0m "services".* [32mFROM[0m "services" [32mWHERE[0m "services"."id" = 101 [32mLIMIT[0m 1  [loadtime:[33m0.3ms[0m pid:[33m15391[0m]
2013-03-08 11:28:37.256 [[37mDEBUG[0m]  ROLLBACK  [loadtime:[33m0.1ms[0m pid:[33m15391[0m]
2013-03-08 11:28:37.266 [[37mDEBUG[0m]  [32mSELECT[0m "teams".* [32mFROM[0m "teams" [32mWHERE[0m "teams"."id" = 3 [32mLIMIT[0m 1  [loadtime:[33m0.3ms[0m pid:[33m15391[0m]
2013-03-08 11:28:37.267 [[31mERROR[0m]  Exception raised during check - Team: team1 - Service: Ping  [pid:[33m15391[0m]
2013-03-08 11:28:37.267 [[31mERROR[0m]  Exception message: Round already taken  [pid:[33m15391[0m]
2013-03-08 11:28:37.267 [[31mERROR[0m]  Exception backtrace: ["ping.rb:68:in `block (2 levels) in <main>'", "ping.rb:62:in `each'", "ping.rb:62:in `block in <main>'", "ping.rb:55:in `each'", "ping.rb:55:in `<main>'"]  [pid:[33m15391[0m]
2013-03-08 11:28:37.270 [[37mDEBUG[0m]  BEGIN  [loadtime:[33m0.1ms[0m pid:[33m15391[0m]
2013-03-08 11:28:37.272 [[37mDEBUG[0m]  [32mSELECT[0m "teams".* [32mFROM[0m "teams" [32mWHERE[0m "teams"."id" = 3 [32mLIMIT[0m 1  [loadtime:[33m0.4ms[0m pid:[33m15391[0m]
2013-03-08 11:28:37.273 [[37mDEBUG[0m]  [32mSELECT[0m "servers".* [32mFROM[0m "servers" [32mWHERE[0m "servers"."id" = 51 [32mLIMIT[0m 1  [loadtime:[33m0.3ms[0m pid:[33m15391[0m]
2013-03-08 11:28:37.275 [[37mDEBUG[0m]  [32mSELECT[0m "services".* [32mFROM[0m "services" [32mWHERE[0m "services"."id" = 101 [32mLIMIT[0m 1  [loadtime:[33m0.3ms[0m pid:[33m15391[0m]
2013-03-08 11:28:37.277 [[37mDEBUG[0m]  Check Exists  [32mSELECT[0m 1 [32mAS[0m one [32mFROM[0m "checks" [32mWHERE[0m ("checks"."round" = 1 [32mAND[0m "checks"."service_id" = 101) [32mLIMIT[0m 1  [loadtime:[33m0.5ms[0m pid:[33m15391[0m]
2013-03-08 11:28:37.278 [[37mDEBUG[0m]  [32mSELECT[0m "teams".* [32mFROM[0m "teams" [32mWHERE[0m "teams"."id" = 3 [32mLIMIT[0m 1  [loadtime:[33m0.2ms[0m pid:[33m15391[0m]
2013-03-08 11:28:37.279 [[37mDEBUG[0m]  [32mSELECT[0m "servers".* [32mFROM[0m "servers" [32mWHERE[0m "servers"."id" = 51 [32mLIMIT[0m 1  [loadtime:[33m0.2ms[0m pid:[33m15391[0m]
2013-03-08 11:28:37.280 [[37mDEBUG[0m]  [32mSELECT[0m "services".* [32mFROM[0m "services" [32mWHERE[0m "services"."id" = 101 [32mLIMIT[0m 1  [loadtime:[33m0.2ms[0m pid:[33m15391[0m]
2013-03-08 11:28:37.281 [[37mDEBUG[0m]  ROLLBACK  [loadtime:[33m0.1ms[0m pid:[33m15391[0m]
2013-03-08 11:28:37.281 [[31mERROR[0m]  Exception raised during check - Team: team1 - Service: Ping  [pid:[33m15391[0m]
2013-03-08 11:28:37.281 [[31mERROR[0m]  Exception message: Round already taken  [pid:[33m15391[0m]
2013-03-08 11:28:37.282 [[31mERROR[0m]  Exception backtrace: ["ping.rb:68:in `block (2 levels) in <main>'", "ping.rb:62:in `each'", "ping.rb:62:in `block in <main>'", "ping.rb:55:in `each'", "ping.rb:55:in `<main>'"]  [pid:[33m15391[0m]
2013-03-08 11:29:09.329 [[37mDEBUG[0m]  [32mSELECT[0m "services".* [32mFROM[0m "services" [32mWHERE[0m (name = 'Ping' [32mAND[0m version = 'ipv4' [32mAND[0m protocol = 'icmp' [32mAND[0m enabled = 't')  [loadtime:[33m0.6ms[0m pid:[33m15404[0m]
2013-03-08 11:29:09.357 [[37mDEBUG[0m]  [32mSELECT[0m [32mCOUNT[0m(*) [32mFROM[0m "checks" [32mWHERE[0m "checks"."service_id" = 101  [loadtime:[33m0.7ms[0m pid:[33m15404[0m]
2013-03-08 11:29:09.359 [[37mDEBUG[0m]  [32mSELECT[0m "checks".* [32mFROM[0m "checks" [32mWHERE[0m "checks"."service_id" = 101 [32mORDER[0m [32mBY[0m round [32mDESC[0m [32mLIMIT[0m 1  [loadtime:[33m0.8ms[0m pid:[33m15404[0m]
2013-03-08 11:29:09.373 [[37mDEBUG[0m]  [32mSELECT[0m value [32mFROM[0m "properties" [32mWHERE[0m "properties"."service_id" = 101 [32mAND[0m (category = 'address')  [loadtime:[33m0.4ms[0m pid:[33m15404[0m]
2013-03-08 11:29:09.383 [[37mDEBUG[0m]  BEGIN  [loadtime:[33m0.1ms[0m pid:[33m15404[0m]
2013-03-08 11:29:09.390 [[37mDEBUG[0m]  [32mSELECT[0m "teams".* [32mFROM[0m "teams" [32mWHERE[0m "teams"."id" = 3 [32mLIMIT[0m 1  [loadtime:[33m0.3ms[0m pid:[33m15404[0m]
2013-03-08 11:29:09.400 [[37mDEBUG[0m]  [32mSELECT[0m "servers".* [32mFROM[0m "servers" [32mWHERE[0m "servers"."id" = 51 [32mLIMIT[0m 1  [loadtime:[33m0.3ms[0m pid:[33m15404[0m]
2013-03-08 11:29:09.407 [[37mDEBUG[0m]  [32mSELECT[0m "services".* [32mFROM[0m "services" [32mWHERE[0m "services"."id" = 101 [32mLIMIT[0m 1  [loadtime:[33m0.4ms[0m pid:[33m15404[0m]
2013-03-08 11:29:09.413 [[37mDEBUG[0m]  Check Exists  [32mSELECT[0m 1 [32mAS[0m one [32mFROM[0m "checks" [32mWHERE[0m ("checks"."round" = 1 [32mAND[0m "checks"."service_id" = 101) [32mLIMIT[0m 1  [loadtime:[33m0.5ms[0m pid:[33m15404[0m]
2013-03-08 11:29:09.421 [[37mDEBUG[0m]  [32mSELECT[0m "teams".* [32mFROM[0m "teams" [32mWHERE[0m "teams"."id" = 3 [32mLIMIT[0m 1  [loadtime:[33m0.4ms[0m pid:[33m15404[0m]
2013-03-08 11:29:09.423 [[37mDEBUG[0m]  [32mSELECT[0m "servers".* [32mFROM[0m "servers" [32mWHERE[0m "servers"."id" = 51 [32mLIMIT[0m 1  [loadtime:[33m0.3ms[0m pid:[33m15404[0m]
2013-03-08 11:29:09.424 [[37mDEBUG[0m]  [32mSELECT[0m "services".* [32mFROM[0m "services" [32mWHERE[0m "services"."id" = 101 [32mLIMIT[0m 1  [loadtime:[33m0.3ms[0m pid:[33m15404[0m]
2013-03-08 11:29:09.425 [[37mDEBUG[0m]  ROLLBACK  [loadtime:[33m0.1ms[0m pid:[33m15404[0m]
2013-03-08 11:29:09.435 [[37mDEBUG[0m]  [32mSELECT[0m "teams".* [32mFROM[0m "teams" [32mWHERE[0m "teams"."id" = 3 [32mLIMIT[0m 1  [loadtime:[33m0.4ms[0m pid:[33m15404[0m]
2013-03-08 11:29:09.436 [[31mERROR[0m]  Exception raised during check - Team: team1 - Service: Ping  [pid:[33m15404[0m]
2013-03-08 11:29:09.437 [[31mERROR[0m]  Exception message: Round already taken  [pid:[33m15404[0m]
2013-03-08 11:29:09.437 [[31mERROR[0m]  Exception backtrace: ["ping.rb:68:in `block (2 levels) in <main>'", "ping.rb:62:in `each'", "ping.rb:62:in `block in <main>'", "ping.rb:55:in `each'", "ping.rb:55:in `<main>'"]  [pid:[33m15404[0m]
2013-03-08 11:29:09.441 [[37mDEBUG[0m]  BEGIN  [loadtime:[33m0.1ms[0m pid:[33m15404[0m]
2013-03-08 11:29:09.443 [[37mDEBUG[0m]  [32mSELECT[0m "teams".* [32mFROM[0m "teams" [32mWHERE[0m "teams"."id" = 3 [32mLIMIT[0m 1  [loadtime:[33m0.3ms[0m pid:[33m15404[0m]
2013-03-08 11:29:09.444 [[37mDEBUG[0m]  [32mSELECT[0m "servers".* [32mFROM[0m "servers" [32mWHERE[0m "servers"."id" = 51 [32mLIMIT[0m 1  [loadtime:[33m0.2ms[0m pid:[33m15404[0m]
2013-03-08 11:29:09.445 [[37mDEBUG[0m]  [32mSELECT[0m "services".* [32mFROM[0m "services" [32mWHERE[0m "services"."id" = 101 [32mLIMIT[0m 1  [loadtime:[33m0.2ms[0m pid:[33m15404[0m]
2013-03-08 11:29:09.447 [[37mDEBUG[0m]  Check Exists  [32mSELECT[0m 1 [32mAS[0m one [32mFROM[0m "checks" [32mWHERE[0m ("checks"."round" = 1 [32mAND[0m "checks"."service_id" = 101) [32mLIMIT[0m 1  [loadtime:[33m0.5ms[0m pid:[33m15404[0m]
2013-03-08 11:29:09.449 [[37mDEBUG[0m]  [32mSELECT[0m "teams".* [32mFROM[0m "teams" [32mWHERE[0m "teams"."id" = 3 [32mLIMIT[0m 1  [loadtime:[33m0.3ms[0m pid:[33m15404[0m]
2013-03-08 11:29:09.450 [[37mDEBUG[0m]  [32mSELECT[0m "servers".* [32mFROM[0m "servers" [32mWHERE[0m "servers"."id" = 51 [32mLIMIT[0m 1  [loadtime:[33m0.2ms[0m pid:[33m15404[0m]
2013-03-08 11:29:09.451 [[37mDEBUG[0m]  [32mSELECT[0m "services".* [32mFROM[0m "services" [32mWHERE[0m "services"."id" = 101 [32mLIMIT[0m 1  [loadtime:[33m0.2ms[0m pid:[33m15404[0m]
2013-03-08 11:29:09.452 [[37mDEBUG[0m]  ROLLBACK  [loadtime:[33m0.1ms[0m pid:[33m15404[0m]
2013-03-08 11:29:09.453 [[31mERROR[0m]  Exception raised during check - Team: team1 - Service: Ping  [pid:[33m15404[0m]
2013-03-08 11:29:09.453 [[31mERROR[0m]  Exception message: Round already taken  [pid:[33m15404[0m]
2013-03-08 11:29:09.454 [[31mERROR[0m]  Exception backtrace: ["ping.rb:68:in `block (2 levels) in <main>'", "ping.rb:62:in `each'", "ping.rb:62:in `block in <main>'", "ping.rb:55:in `each'", "ping.rb:55:in `<main>'"]  [pid:[33m15404[0m]
2013-03-08 11:33:23.642 [[37mDEBUG[0m]  [32mSELECT[0m "services".* [32mFROM[0m "services" [32mWHERE[0m (name = 'Ping' [32mAND[0m version = 'ipv4' [32mAND[0m protocol = 'icmp' [32mAND[0m enabled = 't')  [loadtime:[33m0.6ms[0m pid:[33m15462[0m]
2013-03-08 11:33:23.670 [[37mDEBUG[0m]  [32mSELECT[0m [32mCOUNT[0m(*) [32mFROM[0m "checks" [32mWHERE[0m "checks"."service_id" = 101  [loadtime:[33m0.7ms[0m pid:[33m15462[0m]
2013-03-08 11:33:23.673 [[37mDEBUG[0m]  [32mSELECT[0m "checks".* [32mFROM[0m "checks" [32mWHERE[0m "checks"."service_id" = 101 [32mORDER[0m [32mBY[0m round [32mDESC[0m [32mLIMIT[0m 1  [loadtime:[33m1.2ms[0m pid:[33m15462[0m]
2013-03-08 11:33:23.688 [[37mDEBUG[0m]  [32mSELECT[0m value [32mFROM[0m "properties" [32mWHERE[0m "properties"."service_id" = 101 [32mAND[0m (category = 'address')  [loadtime:[33m0.3ms[0m pid:[33m15462[0m]
2013-03-08 11:33:23.697 [[37mDEBUG[0m]  BEGIN  [loadtime:[33m0.1ms[0m pid:[33m15462[0m]
2013-03-08 11:33:23.705 [[37mDEBUG[0m]  [32mSELECT[0m "teams".* [32mFROM[0m "teams" [32mWHERE[0m "teams"."id" = 3 [32mLIMIT[0m 1  [loadtime:[33m0.4ms[0m pid:[33m15462[0m]
2013-03-08 11:33:23.718 [[37mDEBUG[0m]  [32mSELECT[0m "servers".* [32mFROM[0m "servers" [32mWHERE[0m "servers"."id" = 51 [32mLIMIT[0m 1  [loadtime:[33m0.3ms[0m pid:[33m15462[0m]
2013-03-08 11:33:23.723 [[37mDEBUG[0m]  [32mSELECT[0m "services".* [32mFROM[0m "services" [32mWHERE[0m "services"."id" = 101 [32mLIMIT[0m 1  [loadtime:[33m0.3ms[0m pid:[33m15462[0m]
2013-03-08 11:33:23.726 [[37mDEBUG[0m]  [32mSELECT[0m "teams".* [32mFROM[0m "teams" [32mWHERE[0m "teams"."id" = 3 [32mLIMIT[0m 1  [loadtime:[33m0.2ms[0m pid:[33m15462[0m]
2013-03-08 11:33:23.727 [[37mDEBUG[0m]  [32mSELECT[0m "servers".* [32mFROM[0m "servers" [32mWHERE[0m "servers"."id" = 51 [32mLIMIT[0m 1  [loadtime:[33m0.2ms[0m pid:[33m15462[0m]
2013-03-08 11:33:23.728 [[37mDEBUG[0m]  [32mSELECT[0m "services".* [32mFROM[0m "services" [32mWHERE[0m "services"."id" = 101 [32mLIMIT[0m 1  [loadtime:[33m0.2ms[0m pid:[33m15462[0m]
2013-03-08 11:33:23.730 [[37mDEBUG[0m]  [32mSQL[0m  [32mINSERT[0m [32mINTO[0m "checks" ("created_at", "passed", "request", "response", "round", "server_id", "service_id", "team_id", "updated_at") [32mVALUES[0m ($1, $2, $3, $4, $5, $6, $7, $8, $9) [32mRETURNING[0m "id"  [["created_at", 2013-03-08 11:33:23 -0500], ["passed", false], ["request", 2], ["response", "ping -n -c 1 -w 8 127.0.0.1"], ["round", 1], ["server_id", 51], ["service_id", 101], ["team_id", 3], ["updated_at", 2013-03-08 11:33:23 -0500]]  [loadtime:[33m0.8ms[0m pid:[33m15462[0m]
2013-03-08 11:33:23.993 [[37mDEBUG[0m]  COMMIT  [loadtime:[33m261.7ms[0m pid:[33m15462[0m]
2013-03-08 11:33:23.999 [[37mDEBUG[0m]  BEGIN  [loadtime:[33m0.1ms[0m pid:[33m15462[0m]
2013-03-08 11:33:24.171 [[37mDEBUG[0m]  [32mSELECT[0m "teams".* [32mFROM[0m "teams" [32mWHERE[0m "teams"."id" = 3 [32mLIMIT[0m 1  [loadtime:[33m0.4ms[0m pid:[33m15462[0m]
2013-03-08 11:33:24.375 [[37mDEBUG[0m]  [32mSELECT[0m "servers".* [32mFROM[0m "servers" [32mWHERE[0m "servers"."id" = 51 [32mLIMIT[0m 1  [loadtime:[33m0.2ms[0m pid:[33m15462[0m]
2013-03-08 11:33:24.505 [[37mDEBUG[0m]  [32mSELECT[0m "services".* [32mFROM[0m "services" [32mWHERE[0m "services"."id" = 101 [32mLIMIT[0m 1  [loadtime:[33m0.3ms[0m pid:[33m15462[0m]
2013-03-08 11:33:24.641 [[37mDEBUG[0m]  [32mSELECT[0m "teams".* [32mFROM[0m "teams" [32mWHERE[0m "teams"."id" = 3 [32mLIMIT[0m 1  [loadtime:[33m0.3ms[0m pid:[33m15462[0m]
2013-03-08 11:33:24.749 [[37mDEBUG[0m]  [32mSELECT[0m "servers".* [32mFROM[0m "servers" [32mWHERE[0m "servers"."id" = 51 [32mLIMIT[0m 1  [loadtime:[33m0.2ms[0m pid:[33m15462[0m]
2013-03-08 11:33:24.843 [[37mDEBUG[0m]  [32mSELECT[0m "services".* [32mFROM[0m "services" [32mWHERE[0m "services"."id" = 101 [32mLIMIT[0m 1  [loadtime:[33m0.2ms[0m pid:[33m15462[0m]
2013-03-08 11:33:24.989 [[37mDEBUG[0m]  [32mSQL[0m  [32mINSERT[0m [32mINTO[0m "checks" ("created_at", "passed", "request", "response", "round", "server_id", "service_id", "team_id", "updated_at") [32mVALUES[0m ($1, $2, $3, $4, $5, $6, $7, $8, $9) [32mRETURNING[0m "id"  [["created_at", 2013-03-08 11:33:24 -0500], ["passed", false], ["request", 2], ["response", "ping -n -c 1 -w 8 localhost"], ["round", 1], ["server_id", 51], ["service_id", 101], ["team_id", 3], ["updated_at", 2013-03-08 11:33:24 -0500]]  [loadtime:[33m0.3ms[0m pid:[33m15462[0m]
2013-03-08 11:33:24.145 [[37mDEBUG[0m]  COMMIT  [loadtime:[33m4.1ms[0m pid:[33m15462[0m]
2013-03-08 11:34:27.881 [[37mDEBUG[0m]  [32mSELECT[0m "services".* [32mFROM[0m "services" [32mWHERE[0m (name = 'Ping' [32mAND[0m version = 'ipv4' [32mAND[0m protocol = 'icmp' [32mAND[0m enabled = 't')  [time:[33m0.6ms[0m pid:[33m15479[0m]
2013-03-08 11:34:27.909 [[37mDEBUG[0m]  [32mSELECT[0m [32mCOUNT[0m(*) [32mFROM[0m "checks" [32mWHERE[0m "checks"."service_id" = 101  [time:[33m0.7ms[0m pid:[33m15479[0m]
2013-03-08 11:34:27.911 [[37mDEBUG[0m]  [32mSELECT[0m "checks".* [32mFROM[0m "checks" [32mWHERE[0m "checks"."service_id" = 101 [32mORDER[0m [32mBY[0m round [32mDESC[0m [32mLIMIT[0m 1  [time:[33m0.8ms[0m pid:[33m15479[0m]
2013-03-08 11:34:27.924 [[37mDEBUG[0m]  [32mSELECT[0m value [32mFROM[0m "properties" [32mWHERE[0m "properties"."service_id" = 101 [32mAND[0m (category = 'address')  [time:[33m0.4ms[0m pid:[33m15479[0m]
2013-03-08 11:34:27.934 [[37mDEBUG[0m]  BEGIN  [time:[33m0.1ms[0m pid:[33m15479[0m]
2013-03-08 11:34:27.941 [[37mDEBUG[0m]  [32mSELECT[0m "teams".* [32mFROM[0m "teams" [32mWHERE[0m "teams"."id" = 3 [32mLIMIT[0m 1  [time:[33m0.3ms[0m pid:[33m15479[0m]
2013-03-08 11:34:27.951 [[37mDEBUG[0m]  [32mSELECT[0m "servers".* [32mFROM[0m "servers" [32mWHERE[0m "servers"."id" = 51 [32mLIMIT[0m 1  [time:[33m0.3ms[0m pid:[33m15479[0m]
2013-03-08 11:34:27.957 [[37mDEBUG[0m]  [32mSELECT[0m "services".* [32mFROM[0m "services" [32mWHERE[0m "services"."id" = 101 [32mLIMIT[0m 1  [time:[33m0.4ms[0m pid:[33m15479[0m]
2013-03-08 11:34:27.959 [[37mDEBUG[0m]  [32mSELECT[0m "teams".* [32mFROM[0m "teams" [32mWHERE[0m "teams"."id" = 3 [32mLIMIT[0m 1  [time:[33m0.3ms[0m pid:[33m15479[0m]
2013-03-08 11:34:27.960 [[37mDEBUG[0m]  [32mSELECT[0m "servers".* [32mFROM[0m "servers" [32mWHERE[0m "servers"."id" = 51 [32mLIMIT[0m 1  [time:[33m0.2ms[0m pid:[33m15479[0m]
2013-03-08 11:34:27.961 [[37mDEBUG[0m]  [32mSELECT[0m "services".* [32mFROM[0m "services" [32mWHERE[0m "services"."id" = 101 [32mLIMIT[0m 1  [time:[33m0.2ms[0m pid:[33m15479[0m]
2013-03-08 11:34:27.965 [[37mDEBUG[0m]  [32mSQL[0m  [32mINSERT[0m [32mINTO[0m "checks" ("created_at", "passed", "request", "response", "round", "server_id", "service_id", "team_id", "updated_at") [32mVALUES[0m ($1, $2, $3, $4, $5, $6, $7, $8, $9) [32mRETURNING[0m "id"  [["created_at", 2013-03-08 11:34:27 -0500], ["passed", false], ["request", 2], ["response", "ping -n -c 1 -w 8 127.0.0.1"], ["round", 1], ["server_id", 51], ["service_id", 101], ["team_id", 3], ["updated_at", 2013-03-08 11:34:27 -0500]]  [time:[33m2.0ms[0m pid:[33m15479[0m]
2013-03-08 11:34:28.113 [[37mDEBUG[0m]  COMMIT  [time:[33m43.9ms[0m pid:[33m15479[0m]
2013-03-08 11:34:28.223 [[37mDEBUG[0m]  BEGIN  [time:[33m0.3ms[0m pid:[33m15479[0m]
2013-03-08 11:34:28.245 [[37mDEBUG[0m]  [32mSELECT[0m "teams".* [32mFROM[0m "teams" [32mWHERE[0m "teams"."id" = 3 [32mLIMIT[0m 1  [time:[33m0.3ms[0m pid:[33m15479[0m]
2013-03-08 11:34:28.256 [[37mDEBUG[0m]  [32mSELECT[0m "servers".* [32mFROM[0m "servers" [32mWHERE[0m "servers"."id" = 51 [32mLIMIT[0m 1  [time:[33m0.2ms[0m pid:[33m15479[0m]
2013-03-08 11:34:28.266 [[37mDEBUG[0m]  [32mSELECT[0m "services".* [32mFROM[0m "services" [32mWHERE[0m "services"."id" = 101 [32mLIMIT[0m 1  [time:[33m0.2ms[0m pid:[33m15479[0m]
2013-03-08 11:34:28.276 [[37mDEBUG[0m]  [32mSELECT[0m "teams".* [32mFROM[0m "teams" [32mWHERE[0m "teams"."id" = 3 [32mLIMIT[0m 1  [time:[33m0.2ms[0m pid:[33m15479[0m]
2013-03-08 11:34:28.283 [[37mDEBUG[0m]  [32mSELECT[0m "servers".* [32mFROM[0m "servers" [32mWHERE[0m "servers"."id" = 51 [32mLIMIT[0m 1  [time:[33m0.2ms[0m pid:[33m15479[0m]
2013-03-08 11:34:28.291 [[37mDEBUG[0m]  [32mSELECT[0m "services".* [32mFROM[0m "services" [32mWHERE[0m "services"."id" = 101 [32mLIMIT[0m 1  [time:[33m0.2ms[0m pid:[33m15479[0m]
2013-03-08 11:34:28.304 [[37mDEBUG[0m]  [32mSQL[0m  [32mINSERT[0m [32mINTO[0m "checks" ("created_at", "passed", "request", "response", "round", "server_id", "service_id", "team_id", "updated_at") [32mVALUES[0m ($1, $2, $3, $4, $5, $6, $7, $8, $9) [32mRETURNING[0m "id"  [["created_at", 2013-03-08 11:34:28 -0500], ["passed", false], ["request", 2], ["response", "ping -n -c 1 -w 8 localhost"], ["round", 1], ["server_id", 51], ["service_id", 101], ["team_id", 3], ["updated_at", 2013-03-08 11:34:28 -0500]]  [time:[33m0.3ms[0m pid:[33m15479[0m]
2013-03-08 11:34:28.441 [[37mDEBUG[0m]  COMMIT  [time:[33m13.2ms[0m pid:[33m15479[0m]
2013-03-08 11:34:43.368 [[37mDEBUG[0m]  [32mSELECT[0m "services".* [32mFROM[0m "services" [32mWHERE[0m (name = 'Ping' [32mAND[0m version = 'ipv4' [32mAND[0m protocol = 'icmp' [32mAND[0m enabled = 't')  [time:[33m0.6ms[0m, pid:[33m15491[0m]
2013-03-08 11:34:43.396 [[37mDEBUG[0m]  [32mSELECT[0m [32mCOUNT[0m(*) [32mFROM[0m "checks" [32mWHERE[0m "checks"."service_id" = 101  [time:[33m0.8ms[0m, pid:[33m15491[0m]
2013-03-08 11:34:43.399 [[37mDEBUG[0m]  [32mSELECT[0m "checks".* [32mFROM[0m "checks" [32mWHERE[0m "checks"."service_id" = 101 [32mORDER[0m [32mBY[0m round [32mDESC[0m [32mLIMIT[0m 1  [time:[33m1.2ms[0m, pid:[33m15491[0m]
2013-03-08 11:34:43.418 [[37mDEBUG[0m]  [32mSELECT[0m value [32mFROM[0m "properties" [32mWHERE[0m "properties"."service_id" = 101 [32mAND[0m (category = 'address')  [time:[33m0.4ms[0m, pid:[33m15491[0m]
2013-03-08 11:34:43.428 [[37mDEBUG[0m]  BEGIN  [time:[33m0.1ms[0m, pid:[33m15491[0m]
2013-03-08 11:34:43.437 [[37mDEBUG[0m]  [32mSELECT[0m "teams".* [32mFROM[0m "teams" [32mWHERE[0m "teams"."id" = 3 [32mLIMIT[0m 1  [time:[33m0.4ms[0m, pid:[33m15491[0m]
2013-03-08 11:34:43.452 [[37mDEBUG[0m]  [32mSELECT[0m "servers".* [32mFROM[0m "servers" [32mWHERE[0m "servers"."id" = 51 [32mLIMIT[0m 1  [time:[33m0.4ms[0m, pid:[33m15491[0m]
2013-03-08 11:34:43.458 [[37mDEBUG[0m]  [32mSELECT[0m "services".* [32mFROM[0m "services" [32mWHERE[0m "services"."id" = 101 [32mLIMIT[0m 1  [time:[33m0.4ms[0m, pid:[33m15491[0m]
2013-03-08 11:34:43.462 [[37mDEBUG[0m]  [32mSELECT[0m "teams".* [32mFROM[0m "teams" [32mWHERE[0m "teams"."id" = 3 [32mLIMIT[0m 1  [time:[33m0.3ms[0m, pid:[33m15491[0m]
2013-03-08 11:34:43.463 [[37mDEBUG[0m]  [32mSELECT[0m "servers".* [32mFROM[0m "servers" [32mWHERE[0m "servers"."id" = 51 [32mLIMIT[0m 1  [time:[33m0.3ms[0m, pid:[33m15491[0m]
2013-03-08 11:34:43.464 [[37mDEBUG[0m]  [32mSELECT[0m "services".* [32mFROM[0m "services" [32mWHERE[0m "services"."id" = 101 [32mLIMIT[0m 1  [time:[33m0.3ms[0m, pid:[33m15491[0m]
2013-03-08 11:34:43.468 [[37mDEBUG[0m]  [32mSQL[0m  [32mINSERT[0m [32mINTO[0m "checks" ("created_at", "passed", "request", "response", "round", "server_id", "service_id", "team_id", "updated_at") [32mVALUES[0m ($1, $2, $3, $4, $5, $6, $7, $8, $9) [32mRETURNING[0m "id"  [["created_at", 2013-03-08 11:34:43 -0500], ["passed", false], ["request", 2], ["response", "ping -n -c 1 -w 8 127.0.0.1"], ["round", 1], ["server_id", 51], ["service_id", 101], ["team_id", 3], ["updated_at", 2013-03-08 11:34:43 -0500]]  [time:[33m1.1ms[0m, pid:[33m15491[0m]
2013-03-08 11:34:43.499 [[37mDEBUG[0m]  COMMIT  [time:[33m29.8ms[0m, pid:[33m15491[0m]
2013-03-08 11:34:43.509 [[37mDEBUG[0m]  BEGIN  [time:[33m0.2ms[0m, pid:[33m15491[0m]
2013-03-08 11:34:43.514 [[37mDEBUG[0m]  [32mSELECT[0m "teams".* [32mFROM[0m "teams" [32mWHERE[0m "teams"."id" = 3 [32mLIMIT[0m 1  [time:[33m0.3ms[0m, pid:[33m15491[0m]
2013-03-08 11:34:43.515 [[37mDEBUG[0m]  [32mSELECT[0m "servers".* [32mFROM[0m "servers" [32mWHERE[0m "servers"."id" = 51 [32mLIMIT[0m 1  [time:[33m0.2ms[0m, pid:[33m15491[0m]
2013-03-08 11:34:43.516 [[37mDEBUG[0m]  [32mSELECT[0m "services".* [32mFROM[0m "services" [32mWHERE[0m "services"."id" = 101 [32mLIMIT[0m 1  [time:[33m0.2ms[0m, pid:[33m15491[0m]
2013-03-08 11:34:43.518 [[37mDEBUG[0m]  [32mSELECT[0m "teams".* [32mFROM[0m "teams" [32mWHERE[0m "teams"."id" = 3 [32mLIMIT[0m 1  [time:[33m0.3ms[0m, pid:[33m15491[0m]
2013-03-08 11:34:43.519 [[37mDEBUG[0m]  [32mSELECT[0m "servers".* [32mFROM[0m "servers" [32mWHERE[0m "servers"."id" = 51 [32mLIMIT[0m 1  [time:[33m0.4ms[0m, pid:[33m15491[0m]
2013-03-08 11:34:43.521 [[37mDEBUG[0m]  [32mSELECT[0m "services".* [32mFROM[0m "services" [32mWHERE[0m "services"."id" = 101 [32mLIMIT[0m 1  [time:[33m0.4ms[0m, pid:[33m15491[0m]
2013-03-08 11:34:43.523 [[37mDEBUG[0m]  [32mSQL[0m  [32mINSERT[0m [32mINTO[0m "checks" ("created_at", "passed", "request", "response", "round", "server_id", "service_id", "team_id", "updated_at") [32mVALUES[0m ($1, $2, $3, $4, $5, $6, $7, $8, $9) [32mRETURNING[0m "id"  [["created_at", 2013-03-08 11:34:43 -0500], ["passed", false], ["request", 2], ["response", "ping -n -c 1 -w 8 localhost"], ["round", 1], ["server_id", 51], ["service_id", 101], ["team_id", 3], ["updated_at", 2013-03-08 11:34:43 -0500]]  [time:[33m0.5ms[0m, pid:[33m15491[0m]
2013-03-08 11:34:43.532 [[37mDEBUG[0m]  COMMIT  [time:[33m7.7ms[0m, pid:[33m15491[0m]
2013-03-08 11:38:21.117 [[37mDEBUG[0m]  [32mSELECT[0m "services".* [32mFROM[0m "services" [32mWHERE[0m (name = 'Ping' [32mAND[0m version = 'ipv4' [32mAND[0m protocol = 'icmp' [32mAND[0m enabled = 't')  [time:[33m0.6ms[0m, pid:[33m15536[0m]
2013-03-08 11:38:21.145 [[37mDEBUG[0m]  [32mSELECT[0m "checks".* [32mFROM[0m "checks" [32mWHERE[0m "checks"."service_id" = 101 [32mORDER[0m [32mBY[0m round [32mDESC[0m [32mLIMIT[0m 1  [time:[33m1.1ms[0m, pid:[33m15536[0m]
2013-03-08 11:38:21.151 [[37mDEBUG[0m]  [32mSELECT[0m value [32mFROM[0m "properties" [32mWHERE[0m "properties"."service_id" = 101 [32mAND[0m (category = 'address')  [time:[33m0.4ms[0m, pid:[33m15536[0m]
2013-03-08 11:38:21.168 [[37mDEBUG[0m]  BEGIN  [time:[33m0.1ms[0m, pid:[33m15536[0m]
2013-03-08 11:38:21.175 [[37mDEBUG[0m]  [32mSELECT[0m "teams".* [32mFROM[0m "teams" [32mWHERE[0m "teams"."id" = 3 [32mLIMIT[0m 1  [time:[33m0.3ms[0m, pid:[33m15536[0m]
2013-03-08 11:38:21.185 [[37mDEBUG[0m]  [32mSELECT[0m "servers".* [32mFROM[0m "servers" [32mWHERE[0m "servers"."id" = 51 [32mLIMIT[0m 1  [time:[33m0.3ms[0m, pid:[33m15536[0m]
2013-03-08 11:38:21.191 [[37mDEBUG[0m]  [32mSELECT[0m "services".* [32mFROM[0m "services" [32mWHERE[0m "services"."id" = 101 [32mLIMIT[0m 1  [time:[33m0.3ms[0m, pid:[33m15536[0m]
2013-03-08 11:38:21.193 [[37mDEBUG[0m]  [32mSELECT[0m "teams".* [32mFROM[0m "teams" [32mWHERE[0m "teams"."id" = 3 [32mLIMIT[0m 1  [time:[33m0.2ms[0m, pid:[33m15536[0m]
2013-03-08 11:38:21.194 [[37mDEBUG[0m]  [32mSELECT[0m "servers".* [32mFROM[0m "servers" [32mWHERE[0m "servers"."id" = 51 [32mLIMIT[0m 1  [time:[33m0.2ms[0m, pid:[33m15536[0m]
2013-03-08 11:38:21.195 [[37mDEBUG[0m]  [32mSELECT[0m "services".* [32mFROM[0m "services" [32mWHERE[0m "services"."id" = 101 [32mLIMIT[0m 1  [time:[33m0.2ms[0m, pid:[33m15536[0m]
2013-03-08 11:38:21.197 [[37mDEBUG[0m]  [32mSQL[0m  [32mINSERT[0m [32mINTO[0m "checks" ("created_at", "passed", "request", "response", "round", "server_id", "service_id", "team_id", "updated_at") [32mVALUES[0m ($1, $2, $3, $4, $5, $6, $7, $8, $9) [32mRETURNING[0m "id"  [["created_at", 2013-03-08 11:38:21 -0500], ["passed", false], ["request", 1], ["response", "ping -n -c 1 -w 8 127.0.0.1"], ["round", 1], ["server_id", 51], ["service_id", 101], ["team_id", 3], ["updated_at", 2013-03-08 11:38:21 -0500]]  [time:[33m0.7ms[0m, pid:[33m15536[0m]
2013-03-08 11:38:21.231 [[37mDEBUG[0m]  COMMIT  [time:[33m33.4ms[0m, pid:[33m15536[0m]
2013-03-08 11:38:21.239 [[37mDEBUG[0m]  BEGIN  [time:[33m0.4ms[0m, pid:[33m15536[0m]
2013-03-08 11:38:21.243 [[37mDEBUG[0m]  [32mSELECT[0m "teams".* [32mFROM[0m "teams" [32mWHERE[0m "teams"."id" = 3 [32mLIMIT[0m 1  [time:[33m0.3ms[0m, pid:[33m15536[0m]
2013-03-08 11:38:21.245 [[37mDEBUG[0m]  [32mSELECT[0m "servers".* [32mFROM[0m "servers" [32mWHERE[0m "servers"."id" = 51 [32mLIMIT[0m 1  [time:[33m0.3ms[0m, pid:[33m15536[0m]
2013-03-08 11:38:21.246 [[37mDEBUG[0m]  [32mSELECT[0m "services".* [32mFROM[0m "services" [32mWHERE[0m "services"."id" = 101 [32mLIMIT[0m 1  [time:[33m0.3ms[0m, pid:[33m15536[0m]
2013-03-08 11:38:21.247 [[37mDEBUG[0m]  [32mSELECT[0m "teams".* [32mFROM[0m "teams" [32mWHERE[0m "teams"."id" = 3 [32mLIMIT[0m 1  [time:[33m0.2ms[0m, pid:[33m15536[0m]
2013-03-08 11:38:21.248 [[37mDEBUG[0m]  [32mSELECT[0m "servers".* [32mFROM[0m "servers" [32mWHERE[0m "servers"."id" = 51 [32mLIMIT[0m 1  [time:[33m0.2ms[0m, pid:[33m15536[0m]
2013-03-08 11:38:21.249 [[37mDEBUG[0m]  [32mSELECT[0m "services".* [32mFROM[0m "services" [32mWHERE[0m "services"."id" = 101 [32mLIMIT[0m 1  [time:[33m0.2ms[0m, pid:[33m15536[0m]
2013-03-08 11:38:21.251 [[37mDEBUG[0m]  [32mSQL[0m  [32mINSERT[0m [32mINTO[0m "checks" ("created_at", "passed", "request", "response", "round", "server_id", "service_id", "team_id", "updated_at") [32mVALUES[0m ($1, $2, $3, $4, $5, $6, $7, $8, $9) [32mRETURNING[0m "id"  [["created_at", 2013-03-08 11:38:21 -0500], ["passed", false], ["request", 1], ["response", "ping -n -c 1 -w 8 localhost"], ["round", 1], ["server_id", 51], ["service_id", 101], ["team_id", 3], ["updated_at", 2013-03-08 11:38:21 -0500]]  [time:[33m0.3ms[0m, pid:[33m15536[0m]
2013-03-08 11:38:21.265 [[37mDEBUG[0m]  COMMIT  [time:[33m13.4ms[0m, pid:[33m15536[0m]
2013-03-08 11:38:24.894 [[37mDEBUG[0m]  [32mSELECT[0m "services".* [32mFROM[0m "services" [32mWHERE[0m (name = 'Ping' [32mAND[0m version = 'ipv4' [32mAND[0m protocol = 'icmp' [32mAND[0m enabled = 't')  [time:[33m0.6ms[0m, pid:[33m15543[0m]
2013-03-08 11:38:24.923 [[37mDEBUG[0m]  [32mSELECT[0m "checks".* [32mFROM[0m "checks" [32mWHERE[0m "checks"."service_id" = 101 [32mORDER[0m [32mBY[0m round [32mDESC[0m [32mLIMIT[0m 1  [time:[33m1.0ms[0m, pid:[33m15543[0m]
2013-03-08 11:38:24.937 [[37mDEBUG[0m]  [32mSELECT[0m value [32mFROM[0m "properties" [32mWHERE[0m "properties"."service_id" = 101 [32mAND[0m (category = 'address')  [time:[33m0.4ms[0m, pid:[33m15543[0m]
2013-03-08 11:38:24.946 [[37mDEBUG[0m]  BEGIN  [time:[33m0.1ms[0m, pid:[33m15543[0m]
2013-03-08 11:38:24.952 [[37mDEBUG[0m]  [32mSELECT[0m "teams".* [32mFROM[0m "teams" [32mWHERE[0m "teams"."id" = 3 [32mLIMIT[0m 1  [time:[33m0.2ms[0m, pid:[33m15543[0m]
2013-03-08 11:38:24.962 [[37mDEBUG[0m]  [32mSELECT[0m "servers".* [32mFROM[0m "servers" [32mWHERE[0m "servers"."id" = 51 [32mLIMIT[0m 1  [time:[33m0.3ms[0m, pid:[33m15543[0m]
2013-03-08 11:38:24.969 [[37mDEBUG[0m]  [32mSELECT[0m "services".* [32mFROM[0m "services" [32mWHERE[0m "services"."id" = 101 [32mLIMIT[0m 1  [time:[33m0.4ms[0m, pid:[33m15543[0m]
2013-03-08 11:38:24.971 [[37mDEBUG[0m]  [32mSELECT[0m "teams".* [32mFROM[0m "teams" [32mWHERE[0m "teams"."id" = 3 [32mLIMIT[0m 1  [time:[33m0.3ms[0m, pid:[33m15543[0m]
2013-03-08 11:38:24.973 [[37mDEBUG[0m]  [32mSELECT[0m "servers".* [32mFROM[0m "servers" [32mWHERE[0m "servers"."id" = 51 [32mLIMIT[0m 1  [time:[33m0.3ms[0m, pid:[33m15543[0m]
2013-03-08 11:38:24.974 [[37mDEBUG[0m]  [32mSELECT[0m "services".* [32mFROM[0m "services" [32mWHERE[0m "services"."id" = 101 [32mLIMIT[0m 1  [time:[33m0.3ms[0m, pid:[33m15543[0m]
2013-03-08 11:38:24.976 [[37mDEBUG[0m]  [32mSQL[0m  [32mINSERT[0m [32mINTO[0m "checks" ("created_at", "passed", "request", "response", "round", "server_id", "service_id", "team_id", "updated_at") [32mVALUES[0m ($1, $2, $3, $4, $5, $6, $7, $8, $9) [32mRETURNING[0m "id"  [["created_at", 2013-03-08 11:38:24 -0500], ["passed", false], ["request", 2], ["response", "ping -n -c 1 -w 8 127.0.0.1"], ["round", 1], ["server_id", 51], ["service_id", 101], ["team_id", 3], ["updated_at", 2013-03-08 11:38:24 -0500]]  [time:[33m0.7ms[0m, pid:[33m15543[0m]
2013-03-08 11:38:25.205 [[37mDEBUG[0m]  COMMIT  [time:[33m42.9ms[0m, pid:[33m15543[0m]
2013-03-08 11:38:25.300 [[37mDEBUG[0m]  BEGIN  [time:[33m0.3ms[0m, pid:[33m15543[0m]
2013-03-08 11:38:25.339 [[37mDEBUG[0m]  [32mSELECT[0m "teams".* [32mFROM[0m "teams" [32mWHERE[0m "teams"."id" = 3 [32mLIMIT[0m 1  [time:[33m0.3ms[0m, pid:[33m15543[0m]
2013-03-08 11:38:25.350 [[37mDEBUG[0m]  [32mSELECT[0m "servers".* [32mFROM[0m "servers" [32mWHERE[0m "servers"."id" = 51 [32mLIMIT[0m 1  [time:[33m0.2ms[0m, pid:[33m15543[0m]
2013-03-08 11:38:25.361 [[37mDEBUG[0m]  [32mSELECT[0m "services".* [32mFROM[0m "services" [32mWHERE[0m "services"."id" = 101 [32mLIMIT[0m 1  [time:[33m0.2ms[0m, pid:[33m15543[0m]
2013-03-08 11:38:25.371 [[37mDEBUG[0m]  [32mSELECT[0m "teams".* [32mFROM[0m "teams" [32mWHERE[0m "teams"."id" = 3 [32mLIMIT[0m 1  [time:[33m0.2ms[0m, pid:[33m15543[0m]
2013-03-08 11:38:25.379 [[37mDEBUG[0m]  [32mSELECT[0m "servers".* [32mFROM[0m "servers" [32mWHERE[0m "servers"."id" = 51 [32mLIMIT[0m 1  [time:[33m0.2ms[0m, pid:[33m15543[0m]
2013-03-08 11:38:25.386 [[37mDEBUG[0m]  [32mSELECT[0m "services".* [32mFROM[0m "services" [32mWHERE[0m "services"."id" = 101 [32mLIMIT[0m 1  [time:[33m0.2ms[0m, pid:[33m15543[0m]
2013-03-08 11:38:25.400 [[37mDEBUG[0m]  [32mSQL[0m  [32mINSERT[0m [32mINTO[0m "checks" ("created_at", "passed", "request", "response", "round", "server_id", "service_id", "team_id", "updated_at") [32mVALUES[0m ($1, $2, $3, $4, $5, $6, $7, $8, $9) [32mRETURNING[0m "id"  [["created_at", 2013-03-08 11:38:25 -0500], ["passed", false], ["request", 2], ["response", "ping -n -c 1 -w 8 localhost"], ["round", 1], ["server_id", 51], ["service_id", 101], ["team_id", 3], ["updated_at", 2013-03-08 11:38:25 -0500]]  [time:[33m0.3ms[0m, pid:[33m15543[0m]
2013-03-08 11:38:25.534 [[37mDEBUG[0m]  COMMIT  [time:[33m12.9ms[0m, pid:[33m15543[0m]
2013-03-08 11:40:55.448 [[37mDEBUG[0m]  [32mSELECT[0m "services".* [32mFROM[0m "services" [32mWHERE[0m (name = 'Ping' [32mAND[0m version = 'ipv4' [32mAND[0m protocol = 'icmp' [32mAND[0m enabled = 't')  [time:[33m0.6ms[0m, pid:[33m15583[0m]
2013-03-08 11:40:55.478 [[37mDEBUG[0m]  [32mSELECT[0m "checks".* [32mFROM[0m "checks" [32mWHERE[0m "checks"."service_id" = 101 [32mORDER[0m [32mBY[0m round [32mDESC[0m [32mLIMIT[0m 1  [time:[33m1.0ms[0m, pid:[33m15583[0m]
2013-03-08 11:40:55.491 [[37mDEBUG[0m]  [32mSELECT[0m value [32mFROM[0m "properties" [32mWHERE[0m "properties"."service_id" = 101 [32mAND[0m (category = 'address')  [time:[33m0.5ms[0m, pid:[33m15583[0m]
2013-03-08 11:40:55.501 [[37mDEBUG[0m]  BEGIN  [time:[33m0.1ms[0m, pid:[33m15583[0m]
2013-03-08 11:40:55.508 [[37mDEBUG[0m]  [32mSELECT[0m "teams".* [32mFROM[0m "teams" [32mWHERE[0m "teams"."id" = 3 [32mLIMIT[0m 1  [time:[33m0.3ms[0m, pid:[33m15583[0m]
2013-03-08 11:40:55.519 [[37mDEBUG[0m]  [32mSELECT[0m "servers".* [32mFROM[0m "servers" [32mWHERE[0m "servers"."id" = 51 [32mLIMIT[0m 1  [time:[33m0.3ms[0m, pid:[33m15583[0m]
2013-03-08 11:40:55.525 [[37mDEBUG[0m]  [32mSELECT[0m "services".* [32mFROM[0m "services" [32mWHERE[0m "services"."id" = 101 [32mLIMIT[0m 1  [time:[33m0.3ms[0m, pid:[33m15583[0m]
2013-03-08 11:40:55.528 [[37mDEBUG[0m]  [32mSELECT[0m "teams".* [32mFROM[0m "teams" [32mWHERE[0m "teams"."id" = 3 [32mLIMIT[0m 1  [time:[33m0.3ms[0m, pid:[33m15583[0m]
2013-03-08 11:40:55.529 [[37mDEBUG[0m]  [32mSELECT[0m "servers".* [32mFROM[0m "servers" [32mWHERE[0m "servers"."id" = 51 [32mLIMIT[0m 1  [time:[33m0.3ms[0m, pid:[33m15583[0m]
2013-03-08 11:40:55.530 [[37mDEBUG[0m]  [32mSELECT[0m "services".* [32mFROM[0m "services" [32mWHERE[0m "services"."id" = 101 [32mLIMIT[0m 1  [time:[33m0.2ms[0m, pid:[33m15583[0m]
2013-03-08 11:40:55.533 [[37mDEBUG[0m]  [32mSQL[0m  [32mINSERT[0m [32mINTO[0m "checks" ("created_at", "passed", "request", "response", "round", "server_id", "service_id", "team_id", "updated_at") [32mVALUES[0m ($1, $2, $3, $4, $5, $6, $7, $8, $9) [32mRETURNING[0m "id"  [["created_at", 2013-03-08 11:40:55 -0500], ["passed", true], ["request", "ping -n -c 1 -w 8 127.0.0.1"], ["response", "[32mPING[0m 127.0.0.1 (127.0.0.1) 56(84) bytes of data.\n64 bytes from 127.0.0.1: icmp_req=1 ttl=64 time=0.018 ms\n\n--- 127.0.0.1 ping statistics ---\n1 packets transmitted, 1 received, 0% packet loss, time 0ms\nrtt min/avg/max/mdev = 0.018/0.018/0.018/0.000 ms\n"], ["round", 2], ["server_id", 51], ["service_id", 101], ["team_id", 3], ["updated_at", 2013-03-08 11:40:55 -0500]]  [time:[33m0.8ms[0m, pid:[33m15583[0m]
2013-03-08 11:40:55.574 [[37mDEBUG[0m]  COMMIT  [time:[33m40.7ms[0m, pid:[33m15583[0m]
2013-03-08 11:40:55.583 [[37mDEBUG[0m]  BEGIN  [time:[33m0.1ms[0m, pid:[33m15583[0m]
2013-03-08 11:40:55.585 [[37mDEBUG[0m]  [32mSELECT[0m "teams".* [32mFROM[0m "teams" [32mWHERE[0m "teams"."id" = 3 [32mLIMIT[0m 1  [time:[33m0.3ms[0m, pid:[33m15583[0m]
2013-03-08 11:40:55.587 [[37mDEBUG[0m]  [32mSELECT[0m "servers".* [32mFROM[0m "servers" [32mWHERE[0m "servers"."id" = 51 [32mLIMIT[0m 1  [time:[33m0.3ms[0m, pid:[33m15583[0m]
2013-03-08 11:40:55.588 [[37mDEBUG[0m]  [32mSELECT[0m "services".* [32mFROM[0m "services" [32mWHERE[0m "services"."id" = 101 [32mLIMIT[0m 1  [time:[33m0.2ms[0m, pid:[33m15583[0m]
2013-03-08 11:40:55.589 [[37mDEBUG[0m]  [32mSELECT[0m "teams".* [32mFROM[0m "teams" [32mWHERE[0m "teams"."id" = 3 [32mLIMIT[0m 1  [time:[33m0.2ms[0m, pid:[33m15583[0m]
2013-03-08 11:40:55.590 [[37mDEBUG[0m]  [32mSELECT[0m "servers".* [32mFROM[0m "servers" [32mWHERE[0m "servers"."id" = 51 [32mLIMIT[0m 1  [time:[33m0.2ms[0m, pid:[33m15583[0m]
2013-03-08 11:40:55.591 [[37mDEBUG[0m]  [32mSELECT[0m "services".* [32mFROM[0m "services" [32mWHERE[0m "services"."id" = 101 [32mLIMIT[0m 1  [time:[33m0.2ms[0m, pid:[33m15583[0m]
2013-03-08 11:40:55.592 [[37mDEBUG[0m]  [32mSQL[0m  [32mINSERT[0m [32mINTO[0m "checks" ("created_at", "passed", "request", "response", "round", "server_id", "service_id", "team_id", "updated_at") [32mVALUES[0m ($1, $2, $3, $4, $5, $6, $7, $8, $9) [32mRETURNING[0m "id"  [["created_at", 2013-03-08 11:40:55 -0500], ["passed", true], ["request", "ping -n -c 1 -w 8 localhost"], ["response", "[32mPING[0m localhost (127.0.0.1) 56(84) bytes of data.\n64 bytes from 127.0.0.1: icmp_req=1 ttl=64 time=0.045 ms\n\n--- localhost ping statistics ---\n1 packets transmitted, 1 received, 0% packet loss, time 0ms\nrtt min/avg/max/mdev = 0.045/0.045/0.045/0.000 ms\n"], ["round", 2], ["server_id", 51], ["service_id", 101], ["team_id", 3], ["updated_at", 2013-03-08 11:40:55 -0500]]  [time:[33m0.3ms[0m, pid:[33m15583[0m]
2013-03-08 11:40:55.596 [[37mDEBUG[0m]  COMMIT  [time:[33m3.6ms[0m, pid:[33m15583[0m]
2013-03-08 11:41:00.341 [[37mDEBUG[0m]  [32mSELECT[0m "services".* [32mFROM[0m "services" [32mWHERE[0m (name = 'Ping' [32mAND[0m version = 'ipv4' [32mAND[0m protocol = 'icmp' [32mAND[0m enabled = 't')  [time:[33m0.6ms[0m, pid:[33m15590[0m]
2013-03-08 11:41:00.370 [[37mDEBUG[0m]  [32mSELECT[0m "checks".* [32mFROM[0m "checks" [32mWHERE[0m "checks"."service_id" = 101 [32mORDER[0m [32mBY[0m round [32mDESC[0m [32mLIMIT[0m 1  [time:[33m1.0ms[0m, pid:[33m15590[0m]
2013-03-08 11:41:00.384 [[37mDEBUG[0m]  [32mSELECT[0m value [32mFROM[0m "properties" [32mWHERE[0m "properties"."service_id" = 101 [32mAND[0m (category = 'address')  [time:[33m0.5ms[0m, pid:[33m15590[0m]
2013-03-08 11:41:00.393 [[37mDEBUG[0m]  BEGIN  [time:[33m0.1ms[0m, pid:[33m15590[0m]
2013-03-08 11:41:00.400 [[37mDEBUG[0m]  [32mSELECT[0m "teams".* [32mFROM[0m "teams" [32mWHERE[0m "teams"."id" = 3 [32mLIMIT[0m 1  [time:[33m0.3ms[0m, pid:[33m15590[0m]
2013-03-08 11:41:00.410 [[37mDEBUG[0m]  [32mSELECT[0m "servers".* [32mFROM[0m "servers" [32mWHERE[0m "servers"."id" = 51 [32mLIMIT[0m 1  [time:[33m0.3ms[0m, pid:[33m15590[0m]
2013-03-08 11:41:00.416 [[37mDEBUG[0m]  [32mSELECT[0m "services".* [32mFROM[0m "services" [32mWHERE[0m "services"."id" = 101 [32mLIMIT[0m 1  [time:[33m0.3ms[0m, pid:[33m15590[0m]
2013-03-08 11:41:00.419 [[37mDEBUG[0m]  [32mSELECT[0m "teams".* [32mFROM[0m "teams" [32mWHERE[0m "teams"."id" = 3 [32mLIMIT[0m 1  [time:[33m0.3ms[0m, pid:[33m15590[0m]
2013-03-08 11:41:00.421 [[37mDEBUG[0m]  [32mSELECT[0m "servers".* [32mFROM[0m "servers" [32mWHERE[0m "servers"."id" = 51 [32mLIMIT[0m 1  [time:[33m0.3ms[0m, pid:[33m15590[0m]
2013-03-08 11:41:00.422 [[37mDEBUG[0m]  [32mSELECT[0m "services".* [32mFROM[0m "services" [32mWHERE[0m "services"."id" = 101 [32mLIMIT[0m 1  [time:[33m0.3ms[0m, pid:[33m15590[0m]
2013-03-08 11:41:00.424 [[37mDEBUG[0m]  [32mSQL[0m  [32mINSERT[0m [32mINTO[0m "checks" ("created_at", "passed", "request", "response", "round", "server_id", "service_id", "team_id", "updated_at") [32mVALUES[0m ($1, $2, $3, $4, $5, $6, $7, $8, $9) [32mRETURNING[0m "id"  [["created_at", 2013-03-08 11:41:00 -0500], ["passed", true], ["request", "ping -n -c 1 -w 8 127.0.0.1"], ["response", "[32mPING[0m 127.0.0.1 (127.0.0.1) 56(84) bytes of data.\n64 bytes from 127.0.0.1: icmp_req=1 ttl=64 time=0.018 ms\n\n--- 127.0.0.1 ping statistics ---\n1 packets transmitted, 1 received, 0% packet loss, time 0ms\nrtt min/avg/max/mdev = 0.018/0.018/0.018/0.000 ms\n"], ["round", 3], ["server_id", 51], ["service_id", 101], ["team_id", 3], ["updated_at", 2013-03-08 11:41:00 -0500]]  [time:[33m0.7ms[0m, pid:[33m15590[0m]
2013-03-08 11:41:00.474 [[37mDEBUG[0m]  COMMIT  [time:[33m49.1ms[0m, pid:[33m15590[0m]
2013-03-08 11:41:00.483 [[37mDEBUG[0m]  BEGIN  [time:[33m0.1ms[0m, pid:[33m15590[0m]
2013-03-08 11:41:00.485 [[37mDEBUG[0m]  [32mSELECT[0m "teams".* [32mFROM[0m "teams" [32mWHERE[0m "teams"."id" = 3 [32mLIMIT[0m 1  [time:[33m0.3ms[0m, pid:[33m15590[0m]
2013-03-08 11:41:00.486 [[37mDEBUG[0m]  [32mSELECT[0m "servers".* [32mFROM[0m "servers" [32mWHERE[0m "servers"."id" = 51 [32mLIMIT[0m 1  [time:[33m0.2ms[0m, pid:[33m15590[0m]
2013-03-08 11:41:00.487 [[37mDEBUG[0m]  [32mSELECT[0m "services".* [32mFROM[0m "services" [32mWHERE[0m "services"."id" = 101 [32mLIMIT[0m 1  [time:[33m0.2ms[0m, pid:[33m15590[0m]
2013-03-08 11:41:00.488 [[37mDEBUG[0m]  [32mSELECT[0m "teams".* [32mFROM[0m "teams" [32mWHERE[0m "teams"."id" = 3 [32mLIMIT[0m 1  [time:[33m0.2ms[0m, pid:[33m15590[0m]
2013-03-08 11:41:00.489 [[37mDEBUG[0m]  [32mSELECT[0m "servers".* [32mFROM[0m "servers" [32mWHERE[0m "servers"."id" = 51 [32mLIMIT[0m 1  [time:[33m0.2ms[0m, pid:[33m15590[0m]
2013-03-08 11:41:00.490 [[37mDEBUG[0m]  [32mSELECT[0m "services".* [32mFROM[0m "services" [32mWHERE[0m "services"."id" = 101 [32mLIMIT[0m 1  [time:[33m0.2ms[0m, pid:[33m15590[0m]
2013-03-08 11:41:00.491 [[37mDEBUG[0m]  [32mSQL[0m  [32mINSERT[0m [32mINTO[0m "checks" ("created_at", "passed", "request", "response", "round", "server_id", "service_id", "team_id", "updated_at") [32mVALUES[0m ($1, $2, $3, $4, $5, $6, $7, $8, $9) [32mRETURNING[0m "id"  [["created_at", 2013-03-08 11:41:00 -0500], ["passed", true], ["request", "ping -n -c 1 -w 8 localhost"], ["response", "[32mPING[0m localhost (127.0.0.1) 56(84) bytes of data.\n64 bytes from 127.0.0.1: icmp_req=1 ttl=64 time=0.047 ms\n\n--- localhost ping statistics ---\n1 packets transmitted, 1 received, 0% packet loss, time 0ms\nrtt min/avg/max/mdev = 0.047/0.047/0.047/0.000 ms\n"], ["round", 3], ["server_id", 51], ["service_id", 101], ["team_id", 3], ["updated_at", 2013-03-08 11:41:00 -0500]]  [time:[33m0.3ms[0m, pid:[33m15590[0m]
2013-03-08 11:41:00.507 [[37mDEBUG[0m]  COMMIT  [time:[33m14.7ms[0m, pid:[33m15590[0m]
