2013-03-12 19:23:28.325 [[37mDEBUG[0m] - [32mSELECT[0m "teams".* [32mFROM[0m "teams" [32mWHERE[0m "teams"."name" = 'Whiteteam' [32mLIMIT[0m 1  [time:[33m0.6ms[0m]
2013-03-12 19:23:28.355 [[37mDEBUG[0m] - [32mSELECT[0m "services".* [32mFROM[0m "services" [32mWHERE[0m (name = 'FTP Upload' [32mAND[0m version = 'ipv4' [32mAND[0m protocol = 'ftp' [32mAND[0m enabled = 't')  [time:[33m0.5ms[0m]
2013-03-12 19:23:28.363 [[37mDEBUG[0m] - [32mSELECT[0m "services".* [32mFROM[0m "services" [32mWHERE[0m (team_id = 1 [32mAND[0m name = 'FTP Upload' [32mAND[0m version = 'ipv4' [32mAND[0m protocol = 'ftp' [32mAND[0m enabled = 'f') [32mLIMIT[0m 1  [time:[33m0.5ms[0m]
2013-03-12 19:24:16.949 [[37mDEBUG[0m] - [32mSELECT[0m "teams".* [32mFROM[0m "teams" [32mWHERE[0m "teams"."name" = 'Whiteteam' [32mLIMIT[0m 1  [time:[33m0.8ms[0m]
2013-03-12 19:24:16.118 [[37mDEBUG[0m] - [32mSELECT[0m "services".* [32mFROM[0m "services" [32mWHERE[0m (name = 'FTP Upload' [32mAND[0m version = 'ipv4' [32mAND[0m protocol = 'ftp' [32mAND[0m enabled = 't')  [time:[33m0.4ms[0m]
2013-03-12 19:24:16.134 [[37mDEBUG[0m] - [32mSELECT[0m "services".* [32mFROM[0m "services" [32mWHERE[0m (team_id = 1 [32mAND[0m name = 'FTP Upload' [32mAND[0m version = 'ipv4' [32mAND[0m protocol = 'ftp' [32mAND[0m enabled = 'f') [32mLIMIT[0m 1  [time:[33m0.4ms[0m]
2013-03-12 19:24:16.152 [[37mDEBUG[0m] - [32mSELECT[0m value [32mFROM[0m "properties" [32mWHERE[0m "properties"."service_id" = 6 [32mAND[0m (category = 'address') [32mAND[0m (property = 'ip' [32mOR[0m property = 'domain')  [time:[33m0.3ms[0m]
2013-03-12 19:24:16.169 [[37mDEBUG[0m] - [32mSELECT[0m "teams".* [32mFROM[0m "teams" [32mWHERE[0m "teams"."id" = 3 [32mLIMIT[0m 1  [time:[33m0.3ms[0m]
2013-03-12 19:24:16.176 [[37mDEBUG[0m] - [32mSELECT[0m "servers".* [32mFROM[0m "servers" [32mWHERE[0m "servers"."id" = 2 [32mLIMIT[0m 1  [time:[33m0.3ms[0m]
2013-03-12 19:24:16.194  [[32mINFO[0m] - Starting check - Team: Example Blueteam - Server: Example Server - Service: FTP Upload - Address: 127.0.0.1
2013-03-12 19:24:16.201 [[37mDEBUG[0m] - [32mSELECT[0m "users".* [32mFROM[0m "users" [32mWHERE[0m "users"."service_id" = 6 [32mORDER[0m [32mBY[0m RANDOM() [32mLIMIT[0m 1  [time:[33m0.5ms[0m]
2013-03-12 19:24:16.212 [[37mDEBUG[0m] - [32mSELECT[0m "properties".* [32mFROM[0m "properties" [32mWHERE[0m "properties"."service_id" = 6 [32mAND[0m (category = 'random' [32mAND[0m property = 'filename') [32mORDER[0m [32mBY[0m RANDOM() [32mLIMIT[0m 1  [time:[33m0.4ms[0m]
2013-03-12 19:24:16.221 [[37mDEBUG[0m] - [32mSELECT[0m "properties".* [32mFROM[0m "properties" [32mWHERE[0m "properties"."service_id" = 3 [32mAND[0m (category = 'random' [32mAND[0m property = 'filename') [32mORDER[0m [32mBY[0m RANDOM() [32mLIMIT[0m 1  [time:[33m0.4ms[0m]
2013-03-12 19:24:16.229 [[37mDEBUG[0m] - [32mSELECT[0m "properties".* [32mFROM[0m "properties" [32mWHERE[0m "properties"."service_id" = 6 [32mAND[0m (category = 'option' [32mAND[0m property = 'filename-timestamp') [32mLIMIT[0m 1  [time:[33m0.4ms[0m]
2013-03-12 19:24:16.235 [[37mDEBUG[0m] - [32mSELECT[0m "properties".* [32mFROM[0m "properties" [32mWHERE[0m "properties"."service_id" = 3 [32mAND[0m (category = 'random' [32mAND[0m property = 'filename-timestamp') [32mORDER[0m [32mBY[0m RANDOM() [32mLIMIT[0m 1  [time:[33m0.4ms[0m]
2013-03-12 19:24:16.242 [[37mDEBUG[0m] - [32mSELECT[0m "properties".* [32mFROM[0m "properties" [32mWHERE[0m "properties"."service_id" = 6 [32mAND[0m (category = 'answer' [32mAND[0m property = 'each-line-regex') [32mLIMIT[0m 1  [time:[33m0.3ms[0m]
2013-03-12 19:24:16.249 [[37mDEBUG[0m] - [32mSELECT[0m "properties".* [32mFROM[0m "properties" [32mWHERE[0m "properties"."service_id" = 3 [32mAND[0m (category = 'answer' [32mAND[0m property = 'each-line-regex') [32mLIMIT[0m 1  [time:[33m0.4ms[0m]
2013-03-12 19:24:16.256 [[37mDEBUG[0m] - [32mSELECT[0m "properties".* [32mFROM[0m "properties" [32mWHERE[0m "properties"."service_id" = 6 [32mAND[0m (category = 'answer' [32mAND[0m property = 'full-text-regex') [32mLIMIT[0m 1  [time:[33m0.3ms[0m]
2013-03-12 19:24:16.263 [[37mDEBUG[0m] - [32mSELECT[0m "properties".* [32mFROM[0m "properties" [32mWHERE[0m "properties"."service_id" = 3 [32mAND[0m (category = 'answer' [32mAND[0m property = 'full-text-regex') [32mLIMIT[0m 1  [time:[33m0.4ms[0m]
2013-03-12 19:24:16.269 [[37mDEBUG[0m] - [32mSELECT[0m "properties".* [32mFROM[0m "properties" [32mWHERE[0m "properties"."service_id" = 6 [32mAND[0m (category = 'option' [32mAND[0m property = 'timeout') [32mLIMIT[0m 1  [time:[33m0.3ms[0m]
2013-03-12 19:24:16.275 [[37mDEBUG[0m] - [32mSELECT[0m "properties".* [32mFROM[0m "properties" [32mWHERE[0m "properties"."service_id" = 3 [32mAND[0m (category = 'option' [32mAND[0m property = 'timeout') [32mLIMIT[0m 1  [time:[33m0.3ms[0m]
2013-03-12 19:24:16.320 [[37mDEBUG[0m] - [32mSELECT[0m "checks".* [32mFROM[0m "checks" [32mWHERE[0m "checks"."service_id" = 6 [32mORDER[0m [32mBY[0m round [32mDESC[0m [32mLIMIT[0m 1  [time:[33m2.0ms[0m]
2013-03-12 19:24:16.335 [[37mDEBUG[0m] - [32mBEGIN[0m  [time:[33m0.1ms[0m]
2013-03-12 19:24:16.354 [[37mDEBUG[0m] - [32mSELECT[0m "teams".* [32mFROM[0m "teams" [32mWHERE[0m "teams"."id" = 3 [32mLIMIT[0m 1  [time:[33m0.4ms[0m]
2013-03-12 19:24:16.359 [[37mDEBUG[0m] - [32mSELECT[0m "servers".* [32mFROM[0m "servers" [32mWHERE[0m "servers"."id" = 2 [32mLIMIT[0m 1  [time:[33m0.3ms[0m]
2013-03-12 19:24:16.363 [[37mDEBUG[0m] - [32mSELECT[0m "services".* [32mFROM[0m "services" [32mWHERE[0m "services"."id" = 6 [32mLIMIT[0m 1  [time:[33m0.3ms[0m]
2013-03-12 19:24:16.368 [[37mDEBUG[0m] - [32mSELECT[0m "teams".* [32mFROM[0m "teams" [32mWHERE[0m "teams"."id" = 3 [32mLIMIT[0m 1  [time:[33m0.3ms[0m]
2013-03-12 19:24:16.372 [[37mDEBUG[0m] - [32mSELECT[0m "servers".* [32mFROM[0m "servers" [32mWHERE[0m "servers"."id" = 2 [32mLIMIT[0m 1  [time:[33m0.4ms[0m]
2013-03-12 19:24:16.377 [[37mDEBUG[0m] - [32mSELECT[0m "services".* [32mFROM[0m "services" [32mWHERE[0m "services"."id" = 6 [32mLIMIT[0m 1  [time:[33m0.4ms[0m]
2013-03-12 19:24:16.383 [[37mDEBUG[0m] - [32mSQL[0m [32mINSERT[0m [32mINTO[0m "checks" ("created_at", "passed", "request", "response", "round", "server_id", "service_id", "team_id", "updated_at") [32mVALUES[0m ($1, $2, $3, $4, $5, $6, $7, $8, $9) [32mRETURNING[0m "id"[["created_at", 2013-03-12 19:24:16 -0400], ["passed", true], ["request", "echo 'cyberengine check' | curl -s -S -4 -v --ftp-pasv --ftp-create-dirs -T - ftp://test:test@127.0.0.1/cyberengine-2013-03-12-19-24-16"], ["response", "* About to connect() to 127.0.0.1 port 21 (#0)\r\n*   Trying 127.0.0.1... connected\r\n* Connected to 127.0.0.1 (127.0.0.1) port 21 (#0)\r\n< 220 FTP Server ready.\r\n> USER test\r\n< 331 Password required for test\r\n> PASS test\r\n< 230 User test logged in\r\n> PWD\r\n< 257 \"/\" is the current directory\r\n* Entry path is '/'\r\n> EPSV\r\n* Connect data stream passively\r\n< 229 Entering Extended Passive Mode (|||5880|)\r\n*   Trying 127.0.0.1... connected\r\n* Connecting to 127.0.0.1 (127.0.0.1) port 5880\r\n> TYPE I\r\n< 200 Type set to I\r\n> STOR cyberengine-2013-03-12-19-24-16\r\n< 150 Opening BINARY mode data connection for cyberengine-2013-03-12-19-24-16\r\n} [data not shown]\r\n* Remembering we are in dir \"\"\r\n< 226 Transfer complete\r\n* Connection #0 to host 127.0.0.1 left intact\r\n> QUIT\r\n< 221 Goodbye.\r\n* Closing connection #0\r\n"], ["round", 1], ["server_id", 2], ["service_id", 6], ["team_id", 3], ["updated_at", 2013-03-12 19:24:16 -0400]]  [time:[33m1.0ms[0m]
2013-03-12 19:24:16.402 [[37mDEBUG[0m] - [32mCOMMIT[0m  [time:[33m11.2ms[0m]
2013-03-12 19:24:16.406  [[32mINFO[0m] - Finished check - Team: Example Blueteam - Server: Example Server - Service: FTP Upload - Address: 127.0.0.1 - Result: Passed
2013-03-13 12:49:21.333 [[37mDEBUG[0m] - [32mSELECT[0m "teams".* [32mFROM[0m "teams" [32mWHERE[0m "teams"."name" = 'Whiteteam' [32mLIMIT[0m 1  [time:[33m4.8ms[0m]
2013-03-13 12:49:21.451 [[37mDEBUG[0m] - [32mSELECT[0m "teams".* [32mFROM[0m "teams" [32mWHERE[0m "teams"."color" = 'Blue'  [time:[33m4.6ms[0m]
2013-03-13 12:49:21.632 [[37mDEBUG[0m] - [32mSELECT[0m "services".* [32mFROM[0m "services" [32mWHERE[0m (team_id [32mIN[0m (3) [32mAND[0m name = 'FTP Upload' [32mAND[0m version = 'ipv4' [32mAND[0m protocol = 'ftp' [32mAND[0m enabled = 't')  [time:[33m5.4ms[0m]
2013-03-13 12:49:21.795 [[37mDEBUG[0m] - [32mSELECT[0m "services".* [32mFROM[0m "services" [32mWHERE[0m (team_id = 1 [32mAND[0m name = 'FTP Upload' [32mAND[0m version = 'ipv4' [32mAND[0m protocol = 'ftp' [32mAND[0m enabled = 'f') [32mLIMIT[0m 1  [time:[33m7.2ms[0m]
2013-03-13 12:49:21.957 [[37mDEBUG[0m] - [32mSELECT[0m value [32mFROM[0m "properties" [32mWHERE[0m "properties"."service_id" = 11 [32mAND[0m (category = 'address') [32mAND[0m (property = 'ip' [32mOR[0m property = 'domain')  [time:[33m6.1ms[0m]
2013-03-13 12:49:22.126 [[37mDEBUG[0m] - [32mSELECT[0m "teams".* [32mFROM[0m "teams" [32mWHERE[0m "teams"."id" = 3 [32mLIMIT[0m 1  [time:[33m8.3ms[0m]
2013-03-13 12:49:22.177 [[37mDEBUG[0m] - [32mSELECT[0m "servers".* [32mFROM[0m "servers" [32mWHERE[0m "servers"."id" = 2 [32mLIMIT[0m 1  [time:[33m2.2ms[0m]
2013-03-13 12:49:22.340  [[32mINFO[0m] - Starting check - Team: Example Blueteam - Server: Example Server - Service: FTP Upload - Address: 127.0.0.1
2013-03-13 12:49:22.373 [[37mDEBUG[0m] - [32mSELECT[0m "users".* [32mFROM[0m "users" [32mWHERE[0m "users"."service_id" = 11 [32mORDER[0m [32mBY[0m RANDOM() [32mLIMIT[0m 1  [time:[33m3.5ms[0m]
2013-03-13 12:49:22.491 [[37mDEBUG[0m] - [32mSELECT[0m "properties".* [32mFROM[0m "properties" [32mWHERE[0m "properties"."service_id" = 11 [32mAND[0m (category = 'random' [32mAND[0m property = 'filename') [32mORDER[0m [32mBY[0m RANDOM() [32mLIMIT[0m 1  [time:[33m6.7ms[0m]
2013-03-13 12:49:22.555 [[37mDEBUG[0m] - [32mSELECT[0m "properties".* [32mFROM[0m "properties" [32mWHERE[0m "properties"."service_id" = 4 [32mAND[0m (category = 'random' [32mAND[0m property = 'filename') [32mORDER[0m [32mBY[0m RANDOM() [32mLIMIT[0m 1  [time:[33m7.7ms[0m]
2013-03-13 12:49:22.620 [[37mDEBUG[0m] - [32mSELECT[0m "properties".* [32mFROM[0m "properties" [32mWHERE[0m "properties"."service_id" = 11 [32mAND[0m (category = 'option' [32mAND[0m property = 'filename-timestamp') [32mLIMIT[0m 1  [time:[33m3.9ms[0m]
2013-03-13 12:49:22.676 [[37mDEBUG[0m] - [32mSELECT[0m "properties".* [32mFROM[0m "properties" [32mWHERE[0m "properties"."service_id" = 4 [32mAND[0m (category = 'random' [32mAND[0m property = 'filename-timestamp') [32mORDER[0m [32mBY[0m RANDOM() [32mLIMIT[0m 1  [time:[33m3.4ms[0m]
2013-03-13 12:49:22.739 [[37mDEBUG[0m] - [32mSELECT[0m "properties".* [32mFROM[0m "properties" [32mWHERE[0m "properties"."service_id" = 11 [32mAND[0m (category = 'answer' [32mAND[0m property = 'each-line-regex') [32mLIMIT[0m 1  [time:[33m8.4ms[0m]
2013-03-13 12:49:22.806 [[37mDEBUG[0m] - [32mSELECT[0m "properties".* [32mFROM[0m "properties" [32mWHERE[0m "properties"."service_id" = 4 [32mAND[0m (category = 'answer' [32mAND[0m property = 'each-line-regex') [32mLIMIT[0m 1  [time:[33m8.5ms[0m]
2013-03-13 12:49:22.862 [[37mDEBUG[0m] - [32mSELECT[0m "properties".* [32mFROM[0m "properties" [32mWHERE[0m "properties"."service_id" = 11 [32mAND[0m (category = 'answer' [32mAND[0m property = 'full-text-regex') [32mLIMIT[0m 1  [time:[33m11.5ms[0m]
2013-03-13 12:49:22.913 [[37mDEBUG[0m] - [32mSELECT[0m "properties".* [32mFROM[0m "properties" [32mWHERE[0m "properties"."service_id" = 4 [32mAND[0m (category = 'answer' [32mAND[0m property = 'full-text-regex') [32mLIMIT[0m 1  [time:[33m8.6ms[0m]
2013-03-13 12:49:22.963 [[37mDEBUG[0m] - [32mSELECT[0m "properties".* [32mFROM[0m "properties" [32mWHERE[0m "properties"."service_id" = 11 [32mAND[0m (category = 'option' [32mAND[0m property = 'timeout') [32mLIMIT[0m 1  [time:[33m9.6ms[0m]
2013-03-13 12:49:23.107 [[37mDEBUG[0m] - [32mSELECT[0m "properties".* [32mFROM[0m "properties" [32mWHERE[0m "properties"."service_id" = 4 [32mAND[0m (category = 'option' [32mAND[0m property = 'timeout') [32mLIMIT[0m 1  [time:[33m6.4ms[0m]
2013-03-13 12:49:23.513 [[37mDEBUG[0m] - Command: echo 'cyberengine check' | curl -s -S -4 -v --ftp-pasv --ftp-create-dirs -T - ftp://test:test@127.0.0.1/cyberengine-2013-03-13-12-49-22
2013-03-13 12:49:23.514 [[37mDEBUG[0m] - Timeout: 30.0
2013-03-13 12:49:23.696 [[37mDEBUG[0m] - PID: 1612
2013-03-13 12:49:23.102 [[37mDEBUG[0m] - [32mSELECT[0m "checks".* [32mFROM[0m "checks" [32mWHERE[0m "checks"."service_id" = 11 [32mORDER[0m [32mBY[0m round [32mDESC[0m [32mLIMIT[0m 1  [time:[33m7.0ms[0m]
2013-03-13 12:49:23.308 [[37mDEBUG[0m] - [32mBEGIN[0m  [time:[33m9.7ms[0m]
2013-03-13 12:49:23.327 [[37mDEBUG[0m] - [32mSELECT[0m "teams".* [32mFROM[0m "teams" [32mWHERE[0m "teams"."id" = 3 [32mLIMIT[0m 1  [time:[33m7.1ms[0m]
2013-03-13 12:49:23.351 [[37mDEBUG[0m] - [32mSELECT[0m "servers".* [32mFROM[0m "servers" [32mWHERE[0m "servers"."id" = 2 [32mLIMIT[0m 1  [time:[33m8.2ms[0m]
2013-03-13 12:49:23.374 [[37mDEBUG[0m] - [32mSELECT[0m "services".* [32mFROM[0m "services" [32mWHERE[0m "services"."id" = 11 [32mLIMIT[0m 1  [time:[33m4.3ms[0m]
2013-03-13 12:49:23.393 [[37mDEBUG[0m] - [32mSELECT[0m "teams".* [32mFROM[0m "teams" [32mWHERE[0m "teams"."id" = 3 [32mLIMIT[0m 1  [time:[33m0.2ms[0m]
2013-03-13 12:49:23.409 [[37mDEBUG[0m] - [32mSELECT[0m "servers".* [32mFROM[0m "servers" [32mWHERE[0m "servers"."id" = 2 [32mLIMIT[0m 1  [time:[33m5.2ms[0m]
2013-03-13 12:49:23.422 [[37mDEBUG[0m] - [32mSELECT[0m "services".* [32mFROM[0m "services" [32mWHERE[0m "services"."id" = 11 [32mLIMIT[0m 1  [time:[33m0.3ms[0m]
2013-03-13 12:49:23.452 [[37mDEBUG[0m] - [32mSQL[0m [32mINSERT[0m [32mINTO[0m "checks" ("created_at", "passed", "request", "response", "round", "server_id", "service_id", "team_id", "updated_at") [32mVALUES[0m ($1, $2, $3, $4, $5, $6, $7, $8, $9) [32mRETURNING[0m "id"[["created_at", 2013-03-13 12:49:23 -0400], ["passed", false], ["request", "echo 'cyberengine check' | curl -s -S -4 -v --ftp-pasv --ftp-create-dirs -T - ftp://test:test@127.0.0.1/cyberengine-2013-03-13-12-49-22"], ["response", "* About to connect() to 127.0.0.1 port 21 (#0)\r\n*   Trying 127.0.0.1... Connection refused\r\n* couldn't connect to host\r\n* Closing connection #0\r\ncurl: (7) couldn't connect to host\r\n"], ["round", 1], ["server_id", 2], ["service_id", 11], ["team_id", 3], ["updated_at", 2013-03-13 12:49:23 -0400]]  [time:[33m4.6ms[0m]
2013-03-13 12:49:23.540 [[37mDEBUG[0m] - [32mCOMMIT[0m  [time:[33m70.3ms[0m]
2013-03-13 12:49:23.541  [[32mINFO[0m] - Finished check - Team: Example Blueteam - Server: Example Server - Service: FTP Upload - Address: 127.0.0.1 - Result: Failed
2013-03-13 12:49:58.530 [[37mDEBUG[0m] - [32mSELECT[0m "teams".* [32mFROM[0m "teams" [32mWHERE[0m "teams"."name" = 'Whiteteam' [32mLIMIT[0m 1  [time:[33m2.7ms[0m]
2013-03-13 12:49:58.616 [[37mDEBUG[0m] - [32mSELECT[0m "teams".* [32mFROM[0m "teams" [32mWHERE[0m "teams"."color" = 'Blue'  [time:[33m0.3ms[0m]
2013-03-13 12:49:58.768 [[37mDEBUG[0m] - [32mSELECT[0m "services".* [32mFROM[0m "services" [32mWHERE[0m (team_id [32mIN[0m (3) [32mAND[0m name = 'FTP Upload' [32mAND[0m version = 'ipv4' [32mAND[0m protocol = 'ftp' [32mAND[0m enabled = 't')  [time:[33m7.6ms[0m]
2013-03-13 12:49:58.920 [[37mDEBUG[0m] - [32mSELECT[0m "services".* [32mFROM[0m "services" [32mWHERE[0m (team_id = 1 [32mAND[0m name = 'FTP Upload' [32mAND[0m version = 'ipv4' [32mAND[0m protocol = 'ftp' [32mAND[0m enabled = 'f') [32mLIMIT[0m 1  [time:[33m1.7ms[0m]
2013-03-13 12:49:59.857 [[37mDEBUG[0m] - [32mSELECT[0m value [32mFROM[0m "properties" [32mWHERE[0m "properties"."service_id" = 11 [32mAND[0m (category = 'address') [32mAND[0m (property = 'ip' [32mOR[0m property = 'domain')  [time:[33m6.9ms[0m]
2013-03-13 12:49:59.240 [[37mDEBUG[0m] - [32mSELECT[0m "teams".* [32mFROM[0m "teams" [32mWHERE[0m "teams"."id" = 3 [32mLIMIT[0m 1  [time:[33m4.9ms[0m]
2013-03-13 12:49:59.296 [[37mDEBUG[0m] - [32mSELECT[0m "servers".* [32mFROM[0m "servers" [32mWHERE[0m "servers"."id" = 2 [32mLIMIT[0m 1  [time:[33m3.3ms[0m]
2013-03-13 12:49:59.459  [[32mINFO[0m] - Starting check - Team: Example Blueteam - Server: Example Server - Service: FTP Upload - Address: 127.0.0.1
2013-03-13 12:49:59.485 [[37mDEBUG[0m] - [32mSELECT[0m "users".* [32mFROM[0m "users" [32mWHERE[0m "users"."service_id" = 11 [32mORDER[0m [32mBY[0m RANDOM() [32mLIMIT[0m 1  [time:[33m3.1ms[0m]
2013-03-13 12:49:59.600 [[37mDEBUG[0m] - [32mSELECT[0m "properties".* [32mFROM[0m "properties" [32mWHERE[0m "properties"."service_id" = 11 [32mAND[0m (category = 'random' [32mAND[0m property = 'filename') [32mORDER[0m [32mBY[0m RANDOM() [32mLIMIT[0m 1  [time:[33m1.5ms[0m]
2013-03-13 12:49:59.668 [[37mDEBUG[0m] - [32mSELECT[0m "properties".* [32mFROM[0m "properties" [32mWHERE[0m "properties"."service_id" = 4 [32mAND[0m (category = 'random' [32mAND[0m property = 'filename') [32mORDER[0m [32mBY[0m RANDOM() [32mLIMIT[0m 1  [time:[33m3.7ms[0m]
2013-03-13 12:49:59.731 [[37mDEBUG[0m] - [32mSELECT[0m "properties".* [32mFROM[0m "properties" [32mWHERE[0m "properties"."service_id" = 11 [32mAND[0m (category = 'option' [32mAND[0m property = 'filename-timestamp') [32mLIMIT[0m 1  [time:[33m1.4ms[0m]
2013-03-13 12:49:59.802 [[37mDEBUG[0m] - [32mSELECT[0m "properties".* [32mFROM[0m "properties" [32mWHERE[0m "properties"."service_id" = 4 [32mAND[0m (category = 'random' [32mAND[0m property = 'filename-timestamp') [32mORDER[0m [32mBY[0m RANDOM() [32mLIMIT[0m 1  [time:[33m7.4ms[0m]
2013-03-13 12:49:59.864 [[37mDEBUG[0m] - [32mSELECT[0m "properties".* [32mFROM[0m "properties" [32mWHERE[0m "properties"."service_id" = 11 [32mAND[0m (category = 'answer' [32mAND[0m property = 'each-line-regex') [32mLIMIT[0m 1  [time:[33m6.5ms[0m]
2013-03-13 12:49:59.919 [[37mDEBUG[0m] - [32mSELECT[0m "properties".* [32mFROM[0m "properties" [32mWHERE[0m "properties"."service_id" = 4 [32mAND[0m (category = 'answer' [32mAND[0m property = 'each-line-regex') [32mLIMIT[0m 1  [time:[33m7.0ms[0m]
2013-03-13 12:49:59.988 [[37mDEBUG[0m] - [32mSELECT[0m "properties".* [32mFROM[0m "properties" [32mWHERE[0m "properties"."service_id" = 11 [32mAND[0m (category = 'answer' [32mAND[0m property = 'full-text-regex') [32mLIMIT[0m 1  [time:[33m0.3ms[0m]
2013-03-13 12:50:00.468 [[37mDEBUG[0m] - [32mSELECT[0m "properties".* [32mFROM[0m "properties" [32mWHERE[0m "properties"."service_id" = 4 [32mAND[0m (category = 'answer' [32mAND[0m property = 'full-text-regex') [32mLIMIT[0m 1  [time:[33m5.6ms[0m]
2013-03-13 12:50:00.116 [[37mDEBUG[0m] - [32mSELECT[0m "properties".* [32mFROM[0m "properties" [32mWHERE[0m "properties"."service_id" = 11 [32mAND[0m (category = 'option' [32mAND[0m property = 'timeout') [32mLIMIT[0m 1  [time:[33m14.6ms[0m]
2013-03-13 12:50:00.170 [[37mDEBUG[0m] - [32mSELECT[0m "properties".* [32mFROM[0m "properties" [32mWHERE[0m "properties"."service_id" = 4 [32mAND[0m (category = 'option' [32mAND[0m property = 'timeout') [32mLIMIT[0m 1  [time:[33m3.0ms[0m]
2013-03-13 12:50:00.218 [[37mDEBUG[0m] - Command: echo 'cyberengine check' | curl -s -S -4 -v --ftp-pasv --ftp-create-dirs -T - ftp://test:test@127.0.0.1/cyberengine-2013-03-13-12-49-59
2013-03-13 12:50:00.218 [[37mDEBUG[0m] - Timeout: 30.0
2013-03-13 12:50:00.233 [[37mDEBUG[0m] - PID: 1717
2013-03-13 12:50:00.278 [[37mDEBUG[0m] - [32mSELECT[0m "checks".* [32mFROM[0m "checks" [32mWHERE[0m "checks"."service_id" = 11 [32mORDER[0m [32mBY[0m round [32mDESC[0m [32mLIMIT[0m 1  [time:[33m3.2ms[0m]
2013-03-13 12:50:00.499 [[37mDEBUG[0m] - [32mBEGIN[0m  [time:[33m2.0ms[0m]
2013-03-13 12:50:00.518 [[37mDEBUG[0m] - [32mSELECT[0m "teams".* [32mFROM[0m "teams" [32mWHERE[0m "teams"."id" = 3 [32mLIMIT[0m 1  [time:[33m5.9ms[0m]
2013-03-13 12:50:00.548 [[37mDEBUG[0m] - [32mSELECT[0m "servers".* [32mFROM[0m "servers" [32mWHERE[0m "servers"."id" = 2 [32mLIMIT[0m 1  [time:[33m3.8ms[0m]
2013-03-13 12:50:00.582 [[37mDEBUG[0m] - [32mSELECT[0m "services".* [32mFROM[0m "services" [32mWHERE[0m "services"."id" = 11 [32mLIMIT[0m 1  [time:[33m2.9ms[0m]
2013-03-13 12:50:00.618 [[37mDEBUG[0m] - [32mSELECT[0m "teams".* [32mFROM[0m "teams" [32mWHERE[0m "teams"."id" = 3 [32mLIMIT[0m 1  [time:[33m8.5ms[0m]
2013-03-13 12:50:00.646 [[37mDEBUG[0m] - [32mSELECT[0m "servers".* [32mFROM[0m "servers" [32mWHERE[0m "servers"."id" = 2 [32mLIMIT[0m 1  [time:[33m0.3ms[0m]
2013-03-13 12:50:00.673 [[37mDEBUG[0m] - [32mSELECT[0m "services".* [32mFROM[0m "services" [32mWHERE[0m "services"."id" = 11 [32mLIMIT[0m 1  [time:[33m5.5ms[0m]
2013-03-13 12:50:00.704 [[37mDEBUG[0m] - [32mSQL[0m [32mINSERT[0m [32mINTO[0m "checks" ("created_at", "passed", "request", "response", "round", "server_id", "service_id", "team_id", "updated_at") [32mVALUES[0m ($1, $2, $3, $4, $5, $6, $7, $8, $9) [32mRETURNING[0m "id"[["created_at", 2013-03-13 12:50:00 -0400], ["passed", false], ["request", "echo 'cyberengine check' | curl -s -S -4 -v --ftp-pasv --ftp-create-dirs -T - ftp://test:test@127.0.0.1/cyberengine-2013-03-13-12-49-59"], ["response", "* About to connect() to 127.0.0.1 port 21 (#0)\r\n*   Trying 127.0.0.1... Connection refused\r\n* couldn't connect to host\r\n* Closing connection #0\r\ncurl: (7) couldn't connect to host\r\n"], ["round", 2], ["server_id", 2], ["service_id", 11], ["team_id", 3], ["updated_at", 2013-03-13 12:50:00 -0400]]  [time:[33m5.6ms[0m]
2013-03-13 12:50:00.748 [[37mDEBUG[0m] - [32mCOMMIT[0m  [time:[33m6.0ms[0m]
2013-03-13 12:50:00.749  [[32mINFO[0m] - Finished check - Team: Example Blueteam - Server: Example Server - Service: FTP Upload - Address: 127.0.0.1 - Result: Failed
2013-03-13 13:14:18.245 [[37mDEBUG[0m] - [32mSELECT[0m "teams".* [32mFROM[0m "teams" [32mWHERE[0m "teams"."name" = 'Whiteteam' [32mLIMIT[0m 1  [time:[33m5.5ms[0m]
2013-03-13 13:14:18.337 [[37mDEBUG[0m] - [32mSELECT[0m "teams".* [32mFROM[0m "teams" [32mWHERE[0m "teams"."color" = 'Blue'  [time:[33m2.4ms[0m]
2013-03-13 13:14:18.489 [[37mDEBUG[0m] - [32mSELECT[0m "services".* [32mFROM[0m "services" [32mWHERE[0m (team_id [32mIN[0m (3) [32mAND[0m name = 'FTP Upload' [32mAND[0m version = 'ipv4' [32mAND[0m protocol = 'ftp' [32mAND[0m enabled = 't')  [time:[33m6.2ms[0m]
2013-03-13 13:14:18.653 [[37mDEBUG[0m] - [32mSELECT[0m "services".* [32mFROM[0m "services" [32mWHERE[0m (team_id = 1 [32mAND[0m name = 'FTP Upload' [32mAND[0m version = 'ipv4' [32mAND[0m protocol = 'ftp' [32mAND[0m enabled = 'f') [32mLIMIT[0m 1  [time:[33m3.5ms[0m]
2013-03-13 13:14:18.812 [[37mDEBUG[0m] - [32mSELECT[0m value [32mFROM[0m "properties" [32mWHERE[0m "properties"."service_id" = 11 [32mAND[0m (category = 'address') [32mAND[0m (property = 'ip' [32mOR[0m property = 'domain')  [time:[33m2.6ms[0m]
2013-03-13 13:14:18.970 [[37mDEBUG[0m] - [32mSELECT[0m "teams".* [32mFROM[0m "teams" [32mWHERE[0m "teams"."id" = 3 [32mLIMIT[0m 1  [time:[33m4.3ms[0m]
2013-03-13 13:14:19.311 [[37mDEBUG[0m] - [32mSELECT[0m "servers".* [32mFROM[0m "servers" [32mWHERE[0m "servers"."id" = 2 [32mLIMIT[0m 1  [time:[33m4.9ms[0m]
2013-03-13 13:14:19.187  [[32mINFO[0m] - Starting check - Team: Example Blueteam - Server: Example Server - Service: FTP Upload - Address: 127.0.0.1
2013-03-13 13:14:19.223 [[37mDEBUG[0m] - [32mSELECT[0m "users".* [32mFROM[0m "users" [32mWHERE[0m "users"."service_id" = 11 [32mORDER[0m [32mBY[0m RANDOM() [32mLIMIT[0m 1  [time:[33m3.6ms[0m]
2013-03-13 13:14:19.342 [[37mDEBUG[0m] - [32mSELECT[0m "properties".* [32mFROM[0m "properties" [32mWHERE[0m "properties"."service_id" = 11 [32mAND[0m (category = 'random' [32mAND[0m property = 'filename') [32mORDER[0m [32mBY[0m RANDOM() [32mLIMIT[0m 1  [time:[33m5.1ms[0m]
2013-03-13 13:14:19.407 [[37mDEBUG[0m] - [32mSELECT[0m "properties".* [32mFROM[0m "properties" [32mWHERE[0m "properties"."service_id" = 4 [32mAND[0m (category = 'random' [32mAND[0m property = 'filename') [32mORDER[0m [32mBY[0m RANDOM() [32mLIMIT[0m 1  [time:[33m0.3ms[0m]
2013-03-13 13:14:19.473 [[37mDEBUG[0m] - [32mSELECT[0m "properties".* [32mFROM[0m "properties" [32mWHERE[0m "properties"."service_id" = 11 [32mAND[0m (category = 'option' [32mAND[0m property = 'filename-timestamp') [32mLIMIT[0m 1  [time:[33m6.2ms[0m]
2013-03-13 13:14:19.537 [[37mDEBUG[0m] - [32mSELECT[0m "properties".* [32mFROM[0m "properties" [32mWHERE[0m "properties"."service_id" = 4 [32mAND[0m (category = 'random' [32mAND[0m property = 'filename-timestamp') [32mORDER[0m [32mBY[0m RANDOM() [32mLIMIT[0m 1  [time:[33m3.7ms[0m]
2013-03-13 13:14:19.606 [[37mDEBUG[0m] - [32mSELECT[0m "properties".* [32mFROM[0m "properties" [32mWHERE[0m "properties"."service_id" = 11 [32mAND[0m (category = 'answer' [32mAND[0m property = 'each-line-regex') [32mLIMIT[0m 1  [time:[33m5.3ms[0m]
2013-03-13 13:14:19.662 [[37mDEBUG[0m] - [32mSELECT[0m "properties".* [32mFROM[0m "properties" [32mWHERE[0m "properties"."service_id" = 4 [32mAND[0m (category = 'answer' [32mAND[0m property = 'each-line-regex') [32mLIMIT[0m 1  [time:[33m6.1ms[0m]
2013-03-13 13:14:19.736 [[37mDEBUG[0m] - [32mSELECT[0m "properties".* [32mFROM[0m "properties" [32mWHERE[0m "properties"."service_id" = 11 [32mAND[0m (category = 'answer' [32mAND[0m property = 'full-text-regex') [32mLIMIT[0m 1  [time:[33m3.5ms[0m]
2013-03-13 13:14:19.790 [[37mDEBUG[0m] - [32mSELECT[0m "properties".* [32mFROM[0m "properties" [32mWHERE[0m "properties"."service_id" = 4 [32mAND[0m (category = 'answer' [32mAND[0m property = 'full-text-regex') [32mLIMIT[0m 1  [time:[33m3.4ms[0m]
2013-03-13 13:14:19.850 [[37mDEBUG[0m] - [32mSELECT[0m "properties".* [32mFROM[0m "properties" [32mWHERE[0m "properties"."service_id" = 11 [32mAND[0m (category = 'option' [32mAND[0m property = 'timeout') [32mLIMIT[0m 1  [time:[33m0.4ms[0m]
2013-03-13 13:14:19.897 [[37mDEBUG[0m] - [32mSELECT[0m "properties".* [32mFROM[0m "properties" [32mWHERE[0m "properties"."service_id" = 4 [32mAND[0m (category = 'option' [32mAND[0m property = 'timeout') [32mLIMIT[0m 1  [time:[33m2.6ms[0m]
2013-03-13 13:14:19.936 [[37mDEBUG[0m] - Command: echo 'cyberengine check' | curl -s -S -4 -v --ftp-pasv --ftp-create-dirs -T - ftp://test:test@127.0.0.1cyberengine-2013-03-13-13-14-19
2013-03-13 13:14:19.936 [[37mDEBUG[0m] - Timeout: 30.0
2013-03-13 13:14:19.951 [[37mDEBUG[0m] - PID: 2008
2013-03-13 13:14:21.228 [[37mDEBUG[0m] - [32mSELECT[0m "checks".* [32mFROM[0m "checks" [32mWHERE[0m "checks"."service_id" = 11 [32mORDER[0m [32mBY[0m round [32mDESC[0m [32mLIMIT[0m 1  [time:[33m3.3ms[0m]
2013-03-13 13:14:21.302 [[37mDEBUG[0m] - [32mBEGIN[0m  [time:[33m2.9ms[0m]
2013-03-13 13:14:21.307 [[37mDEBUG[0m] - [32mSELECT[0m "teams".* [32mFROM[0m "teams" [32mWHERE[0m "teams"."id" = 3 [32mLIMIT[0m 1  [time:[33m2.5ms[0m]
2013-03-13 13:14:21.322 [[37mDEBUG[0m] - [32mSELECT[0m "servers".* [32mFROM[0m "servers" [32mWHERE[0m "servers"."id" = 2 [32mLIMIT[0m 1  [time:[33m0.3ms[0m]
2013-03-13 13:14:21.338 [[37mDEBUG[0m] - [32mSELECT[0m "services".* [32mFROM[0m "services" [32mWHERE[0m "services"."id" = 11 [32mLIMIT[0m 1  [time:[33m5.8ms[0m]
2013-03-13 13:14:21.350 [[37mDEBUG[0m] - [32mSELECT[0m "teams".* [32mFROM[0m "teams" [32mWHERE[0m "teams"."id" = 3 [32mLIMIT[0m 1  [time:[33m2.6ms[0m]
2013-03-13 13:14:21.364 [[37mDEBUG[0m] - [32mSELECT[0m "servers".* [32mFROM[0m "servers" [32mWHERE[0m "servers"."id" = 2 [32mLIMIT[0m 1  [time:[33m3.3ms[0m]
2013-03-13 13:14:21.375 [[37mDEBUG[0m] - [32mSELECT[0m "services".* [32mFROM[0m "services" [32mWHERE[0m "services"."id" = 11 [32mLIMIT[0m 1  [time:[33m2.5ms[0m]
2013-03-13 13:14:21.391 [[37mDEBUG[0m] - [32mSQL[0m [32mINSERT[0m [32mINTO[0m "checks" ("created_at", "passed", "request", "response", "round", "server_id", "service_id", "team_id", "updated_at") [32mVALUES[0m ($1, $2, $3, $4, $5, $6, $7, $8, $9) [32mRETURNING[0m "id"[["created_at", 2013-03-13 13:14:21 -0400], ["passed", false], ["request", "echo 'cyberengine check' | curl -s -S -4 -v --ftp-pasv --ftp-create-dirs -T - ftp://test:test@127.0.0.1cyberengine-2013-03-13-13-14-19"], ["response", "* Could not resolve host: 127.0.0.1cyberengine-2013-03-13-13-14-19; Name or service not known\r\n* Closing connection #0\r\ncurl: (6) Could not resolve host: 127.0.0.1cyberengine-2013-03-13-13-14-19; Name or service not known\r\n"], ["round", 3], ["server_id", 2], ["service_id", 11], ["team_id", 3], ["updated_at", 2013-03-13 13:14:21 -0400]]  [time:[33m7.5ms[0m]
2013-03-13 13:14:21.582 [[37mDEBUG[0m] - [32mCOMMIT[0m  [time:[33m172.7ms[0m]
2013-03-13 13:14:21.594  [[32mINFO[0m] - Finished check - Team: Example Blueteam - Server: Example Server - Service: FTP Upload - Address: 127.0.0.1 - Result: Failed
2013-03-13 13:21:46.908 [[37mDEBUG[0m] - [32mSELECT[0m "teams".* [32mFROM[0m "teams" [32mWHERE[0m "teams"."name" = 'Whiteteam' [32mLIMIT[0m 1  [time:[33m2.6ms[0m]
2013-03-13 13:21:46.180 [[37mDEBUG[0m] - [32mSELECT[0m "teams".* [32mFROM[0m "teams" [32mWHERE[0m "teams"."color" = 'Blue'  [time:[33m6.6ms[0m]
2013-03-13 13:21:46.334 [[37mDEBUG[0m] - [32mSELECT[0m "services".* [32mFROM[0m "services" [32mWHERE[0m (team_id [32mIN[0m (3) [32mAND[0m name = 'FTP Upload' [32mAND[0m version = 'ipv4' [32mAND[0m protocol = 'ftp' [32mAND[0m enabled = 't')  [time:[33m4.9ms[0m]
2013-03-13 13:21:46.489 [[37mDEBUG[0m] - [32mSELECT[0m "services".* [32mFROM[0m "services" [32mWHERE[0m (team_id = 1 [32mAND[0m name = 'FTP Upload' [32mAND[0m version = 'ipv4' [32mAND[0m protocol = 'ftp' [32mAND[0m enabled = 'f') [32mLIMIT[0m 1  [time:[33m0.5ms[0m]
2013-03-13 13:21:46.653 [[37mDEBUG[0m] - [32mSELECT[0m value [32mFROM[0m "properties" [32mWHERE[0m "properties"."service_id" = 11 [32mAND[0m (category = 'address') [32mAND[0m (property = 'ip' [32mOR[0m property = 'domain')  [time:[33m3.0ms[0m]
2013-03-13 13:21:46.820 [[37mDEBUG[0m] - [32mSELECT[0m "teams".* [32mFROM[0m "teams" [32mWHERE[0m "teams"."id" = 3 [32mLIMIT[0m 1  [time:[33m6.6ms[0m]
2013-03-13 13:21:46.872 [[37mDEBUG[0m] - [32mSELECT[0m "servers".* [32mFROM[0m "servers" [32mWHERE[0m "servers"."id" = 2 [32mLIMIT[0m 1  [time:[33m3.6ms[0m]
2013-03-13 13:21:47.324  [[32mINFO[0m] - Starting check - Team: Example Blueteam - Server: Example Server - Service: FTP Upload - Address: 127.0.0.1
2013-03-13 13:21:47.677 [[37mDEBUG[0m] - [32mSELECT[0m "users".* [32mFROM[0m "users" [32mWHERE[0m "users"."service_id" = 11 [32mORDER[0m [32mBY[0m RANDOM() [32mLIMIT[0m 1  [time:[33m4.0ms[0m]
2013-03-13 13:21:47.180 [[37mDEBUG[0m] - [32mSELECT[0m "properties".* [32mFROM[0m "properties" [32mWHERE[0m "properties"."service_id" = 11 [32mAND[0m (category = 'random' [32mAND[0m property = 'filename') [32mORDER[0m [32mBY[0m RANDOM() [32mLIMIT[0m 1  [time:[33m3.6ms[0m]
2013-03-13 13:21:47.247 [[37mDEBUG[0m] - [32mSELECT[0m "properties".* [32mFROM[0m "properties" [32mWHERE[0m "properties"."service_id" = 4 [32mAND[0m (category = 'random' [32mAND[0m property = 'filename') [32mORDER[0m [32mBY[0m RANDOM() [32mLIMIT[0m 1  [time:[33m3.0ms[0m]
2013-03-13 13:21:47.313 [[37mDEBUG[0m] - [32mSELECT[0m "properties".* [32mFROM[0m "properties" [32mWHERE[0m "properties"."service_id" = 11 [32mAND[0m (category = 'option' [32mAND[0m property = 'filename-timestamp') [32mLIMIT[0m 1  [time:[33m5.3ms[0m]
2013-03-13 13:21:47.383 [[37mDEBUG[0m] - [32mSELECT[0m "properties".* [32mFROM[0m "properties" [32mWHERE[0m "properties"."service_id" = 4 [32mAND[0m (category = 'random' [32mAND[0m property = 'filename-timestamp') [32mORDER[0m [32mBY[0m RANDOM() [32mLIMIT[0m 1  [time:[33m10.2ms[0m]
2013-03-13 13:21:47.447 [[37mDEBUG[0m] - [32mSELECT[0m "properties".* [32mFROM[0m "properties" [32mWHERE[0m "properties"."service_id" = 11 [32mAND[0m (category = 'answer' [32mAND[0m property = 'each-line-regex') [32mLIMIT[0m 1  [time:[33m5.3ms[0m]
2013-03-13 13:21:47.512 [[37mDEBUG[0m] - [32mSELECT[0m "properties".* [32mFROM[0m "properties" [32mWHERE[0m "properties"."service_id" = 4 [32mAND[0m (category = 'answer' [32mAND[0m property = 'each-line-regex') [32mLIMIT[0m 1  [time:[33m0.4ms[0m]
2013-03-13 13:21:47.580 [[37mDEBUG[0m] - [32mSELECT[0m "properties".* [32mFROM[0m "properties" [32mWHERE[0m "properties"."service_id" = 11 [32mAND[0m (category = 'answer' [32mAND[0m property = 'full-text-regex') [32mLIMIT[0m 1  [time:[33m13.0ms[0m]
2013-03-13 13:21:47.651 [[37mDEBUG[0m] - [32mSELECT[0m "properties".* [32mFROM[0m "properties" [32mWHERE[0m "properties"."service_id" = 4 [32mAND[0m (category = 'answer' [32mAND[0m property = 'full-text-regex') [32mLIMIT[0m 1  [time:[33m11.5ms[0m]
2013-03-13 13:21:47.723 [[37mDEBUG[0m] - [32mSELECT[0m "properties".* [32mFROM[0m "properties" [32mWHERE[0m "properties"."service_id" = 11 [32mAND[0m (category = 'option' [32mAND[0m property = 'timeout') [32mLIMIT[0m 1  [time:[33m0.3ms[0m]
2013-03-13 13:21:47.774 [[37mDEBUG[0m] - [32mSELECT[0m "properties".* [32mFROM[0m "properties" [32mWHERE[0m "properties"."service_id" = 4 [32mAND[0m (category = 'option' [32mAND[0m property = 'timeout') [32mLIMIT[0m 1  [time:[33m0.3ms[0m]
2013-03-13 13:21:47.816 [[37mDEBUG[0m] - Command: echo 'cyberengine check' | curl -s -S -4 -v --ftp-pasv --ftp-create-dirs -T - ftp://test:test@127.0.0.1cyberengine-2013-03-13-13-21-47
2013-03-13 13:21:47.827 [[37mDEBUG[0m] - Timeout: 30.0
2013-03-13 13:21:47.839 [[37mDEBUG[0m] - PID: 2478
2013-03-13 13:21:49.287 [[37mDEBUG[0m] - [32mSELECT[0m "checks".* [32mFROM[0m "checks" [32mWHERE[0m "checks"."service_id" = 11 [32mORDER[0m [32mBY[0m round [32mDESC[0m [32mLIMIT[0m 1  [time:[33m0.6ms[0m]
2013-03-13 13:21:49.316 [[37mDEBUG[0m] - [32mBEGIN[0m  [time:[33m0.1ms[0m]
2013-03-13 13:21:49.319 [[37mDEBUG[0m] - [32mSELECT[0m "teams".* [32mFROM[0m "teams" [32mWHERE[0m "teams"."id" = 3 [32mLIMIT[0m 1  [time:[33m0.3ms[0m]
2013-03-13 13:21:49.324 [[37mDEBUG[0m] - [32mSELECT[0m "servers".* [32mFROM[0m "servers" [32mWHERE[0m "servers"."id" = 2 [32mLIMIT[0m 1  [time:[33m0.3ms[0m]
2013-03-13 13:21:49.329 [[37mDEBUG[0m] - [32mSELECT[0m "services".* [32mFROM[0m "services" [32mWHERE[0m "services"."id" = 11 [32mLIMIT[0m 1  [time:[33m0.3ms[0m]
2013-03-13 13:21:49.334 [[37mDEBUG[0m] - [32mSELECT[0m "teams".* [32mFROM[0m "teams" [32mWHERE[0m "teams"."id" = 3 [32mLIMIT[0m 1  [time:[33m0.2ms[0m]
2013-03-13 13:21:49.339 [[37mDEBUG[0m] - [32mSELECT[0m "servers".* [32mFROM[0m "servers" [32mWHERE[0m "servers"."id" = 2 [32mLIMIT[0m 1  [time:[33m0.2ms[0m]
2013-03-13 13:21:49.343 [[37mDEBUG[0m] - [32mSELECT[0m "services".* [32mFROM[0m "services" [32mWHERE[0m "services"."id" = 11 [32mLIMIT[0m 1  [time:[33m0.2ms[0m]
2013-03-13 13:21:49.349 [[37mDEBUG[0m] - [32mSQL[0m [32mINSERT[0m [32mINTO[0m "checks" ("created_at", "passed", "request", "response", "round", "server_id", "service_id", "team_id", "updated_at") [32mVALUES[0m ($1, $2, $3, $4, $5, $6, $7, $8, $9) [32mRETURNING[0m "id"[["created_at", 2013-03-13 13:21:49 -0400], ["passed", false], ["request", "echo 'cyberengine check' | curl -s -S -4 -v --ftp-pasv --ftp-create-dirs -T - ftp://test:test@127.0.0.1cyberengine-2013-03-13-13-21-47"], ["response", "* Could not resolve host: 127.0.0.1cyberengine-2013-03-13-13-21-47; Name or service not known\r\n* Closing connection #0\r\ncurl: (6) Could not resolve host: 127.0.0.1cyberengine-2013-03-13-13-21-47; Name or service not known\r\n"], ["round", 4], ["server_id", 2], ["service_id", 11], ["team_id", 3], ["updated_at", 2013-03-13 13:21:49 -0400]]  [time:[33m0.9ms[0m]
2013-03-13 13:21:49.615 [[37mDEBUG[0m] - [32mCOMMIT[0m  [time:[33m256.9ms[0m]
2013-03-13 13:21:49.622  [[32mINFO[0m] - Finished check - Team: Example Blueteam - Server: Example Server - Service: FTP Upload - Address: 127.0.0.1 - Result: Failed
2013-03-13 13:22:26.285 [[37mDEBUG[0m] - [32mSELECT[0m "teams".* [32mFROM[0m "teams" [32mWHERE[0m "teams"."name" = 'Whiteteam' [32mLIMIT[0m 1  [time:[33m6.2ms[0m]
2013-03-13 13:22:26.387 [[37mDEBUG[0m] - [32mSELECT[0m "teams".* [32mFROM[0m "teams" [32mWHERE[0m "teams"."color" = 'Blue'  [time:[33m2.8ms[0m]
2013-03-13 13:22:26.546 [[37mDEBUG[0m] - [32mSELECT[0m "services".* [32mFROM[0m "services" [32mWHERE[0m (team_id [32mIN[0m (3) [32mAND[0m name = 'FTP Upload' [32mAND[0m version = 'ipv4' [32mAND[0m protocol = 'ftp' [32mAND[0m enabled = 't')  [time:[33m3.4ms[0m]
2013-03-13 13:22:26.703 [[37mDEBUG[0m] - [32mSELECT[0m "services".* [32mFROM[0m "services" [32mWHERE[0m (team_id = 1 [32mAND[0m name = 'FTP Upload' [32mAND[0m version = 'ipv4' [32mAND[0m protocol = 'ftp' [32mAND[0m enabled = 'f') [32mLIMIT[0m 1  [time:[33m0.4ms[0m]
2013-03-13 13:22:26.873 [[37mDEBUG[0m] - [32mSELECT[0m value [32mFROM[0m "properties" [32mWHERE[0m "properties"."service_id" = 11 [32mAND[0m (category = 'address') [32mAND[0m (property = 'ip' [32mOR[0m property = 'domain')  [time:[33m4.6ms[0m]
2013-03-13 13:22:27.468 [[37mDEBUG[0m] - [32mSELECT[0m "teams".* [32mFROM[0m "teams" [32mWHERE[0m "teams"."id" = 3 [32mLIMIT[0m 1  [time:[33m5.5ms[0m]
2013-03-13 13:22:27.111 [[37mDEBUG[0m] - [32mSELECT[0m "servers".* [32mFROM[0m "servers" [32mWHERE[0m "servers"."id" = 2 [32mLIMIT[0m 1  [time:[33m4.5ms[0m]
2013-03-13 13:22:27.271  [[32mINFO[0m] - Starting check - Team: Example Blueteam - Server: Example Server - Service: FTP Upload - Address: 127.0.0.1
2013-03-13 13:22:27.304 [[37mDEBUG[0m] - [32mSELECT[0m "users".* [32mFROM[0m "users" [32mWHERE[0m "users"."service_id" = 11 [32mORDER[0m [32mBY[0m RANDOM() [32mLIMIT[0m 1  [time:[33m5.9ms[0m]
2013-03-13 13:22:27.416 [[37mDEBUG[0m] - [32mSELECT[0m "properties".* [32mFROM[0m "properties" [32mWHERE[0m "properties"."service_id" = 11 [32mAND[0m (category = 'random' [32mAND[0m property = 'filename') [32mORDER[0m [32mBY[0m RANDOM() [32mLIMIT[0m 1  [time:[33m7.2ms[0m]
2013-03-13 13:22:27.494 [[37mDEBUG[0m] - [32mSELECT[0m "properties".* [32mFROM[0m "properties" [32mWHERE[0m "properties"."service_id" = 4 [32mAND[0m (category = 'random' [32mAND[0m property = 'filename') [32mORDER[0m [32mBY[0m RANDOM() [32mLIMIT[0m 1  [time:[33m6.4ms[0m]
2013-03-13 13:22:27.560 [[37mDEBUG[0m] - [32mSELECT[0m "properties".* [32mFROM[0m "properties" [32mWHERE[0m "properties"."service_id" = 11 [32mAND[0m (category = 'option' [32mAND[0m property = 'filename-timestamp') [32mLIMIT[0m 1  [time:[33m6.4ms[0m]
2013-03-13 13:22:27.617 [[37mDEBUG[0m] - [32mSELECT[0m "properties".* [32mFROM[0m "properties" [32mWHERE[0m "properties"."service_id" = 4 [32mAND[0m (category = 'random' [32mAND[0m property = 'filename-timestamp') [32mORDER[0m [32mBY[0m RANDOM() [32mLIMIT[0m 1  [time:[33m3.7ms[0m]
2013-03-13 13:22:27.704 [[37mDEBUG[0m] - [32mSELECT[0m "properties".* [32mFROM[0m "properties" [32mWHERE[0m "properties"."service_id" = 11 [32mAND[0m (category = 'answer' [32mAND[0m property = 'each-line-regex') [32mLIMIT[0m 1  [time:[33m5.6ms[0m]
2013-03-13 13:22:27.777 [[37mDEBUG[0m] - [32mSELECT[0m "properties".* [32mFROM[0m "properties" [32mWHERE[0m "properties"."service_id" = 4 [32mAND[0m (category = 'answer' [32mAND[0m property = 'each-line-regex') [32mLIMIT[0m 1  [time:[33m6.5ms[0m]
2013-03-13 13:22:27.840 [[37mDEBUG[0m] - [32mSELECT[0m "properties".* [32mFROM[0m "properties" [32mWHERE[0m "properties"."service_id" = 11 [32mAND[0m (category = 'answer' [32mAND[0m property = 'full-text-regex') [32mLIMIT[0m 1  [time:[33m9.1ms[0m]
2013-03-13 13:22:27.901 [[37mDEBUG[0m] - [32mSELECT[0m "properties".* [32mFROM[0m "properties" [32mWHERE[0m "properties"."service_id" = 4 [32mAND[0m (category = 'answer' [32mAND[0m property = 'full-text-regex') [32mLIMIT[0m 1  [time:[33m1.0ms[0m]
2013-03-13 13:22:27.948 [[37mDEBUG[0m] - [32mSELECT[0m "properties".* [32mFROM[0m "properties" [32mWHERE[0m "properties"."service_id" = 11 [32mAND[0m (category = 'option' [32mAND[0m property = 'timeout') [32mLIMIT[0m 1  [time:[33m1.0ms[0m]
2013-03-13 13:22:27.992 [[37mDEBUG[0m] - [32mSELECT[0m "properties".* [32mFROM[0m "properties" [32mWHERE[0m "properties"."service_id" = 4 [32mAND[0m (category = 'option' [32mAND[0m property = 'timeout') [32mLIMIT[0m 1  [time:[33m1.8ms[0m]
2013-03-13 13:22:28.473 [[37mDEBUG[0m] - Command: echo 'cyberengine check' | curl -s -S -4 -v --ftp-pasv --ftp-create-dirs -T - ftp://test:test@127.0.0.1/cyberengine-2013-03-13-13-22-27
2013-03-13 13:22:28.474 [[37mDEBUG[0m] - Timeout: 30.0
2013-03-13 13:22:28.656 [[37mDEBUG[0m] - PID: 2597
2013-03-13 13:22:28.192 [[37mDEBUG[0m] - [32mSELECT[0m "checks".* [32mFROM[0m "checks" [32mWHERE[0m "checks"."service_id" = 11 [32mORDER[0m [32mBY[0m round [32mDESC[0m [32mLIMIT[0m 1  [time:[33m4.4ms[0m]
2013-03-13 13:22:28.346 [[37mDEBUG[0m] - [32mBEGIN[0m  [time:[33m4.3ms[0m]
2013-03-13 13:22:28.361 [[37mDEBUG[0m] - [32mSELECT[0m "teams".* [32mFROM[0m "teams" [32mWHERE[0m "teams"."id" = 3 [32mLIMIT[0m 1  [time:[33m4.7ms[0m]
2013-03-13 13:22:28.381 [[37mDEBUG[0m] - [32mSELECT[0m "servers".* [32mFROM[0m "servers" [32mWHERE[0m "servers"."id" = 2 [32mLIMIT[0m 1  [time:[33m3.1ms[0m]
2013-03-13 13:22:28.394 [[37mDEBUG[0m] - [32mSELECT[0m "services".* [32mFROM[0m "services" [32mWHERE[0m "services"."id" = 11 [32mLIMIT[0m 1  [time:[33m2.2ms[0m]
2013-03-13 13:22:28.407 [[37mDEBUG[0m] - [32mSELECT[0m "teams".* [32mFROM[0m "teams" [32mWHERE[0m "teams"."id" = 3 [32mLIMIT[0m 1  [time:[33m4.2ms[0m]
2013-03-13 13:22:28.416 [[37mDEBUG[0m] - [32mSELECT[0m "servers".* [32mFROM[0m "servers" [32mWHERE[0m "servers"."id" = 2 [32mLIMIT[0m 1  [time:[33m3.6ms[0m]
2013-03-13 13:22:28.427 [[37mDEBUG[0m] - [32mSELECT[0m "services".* [32mFROM[0m "services" [32mWHERE[0m "services"."id" = 11 [32mLIMIT[0m 1  [time:[33m3.7ms[0m]
2013-03-13 13:22:28.440 [[37mDEBUG[0m] - [32mSQL[0m [32mINSERT[0m [32mINTO[0m "checks" ("created_at", "passed", "request", "response", "round", "server_id", "service_id", "team_id", "updated_at") [32mVALUES[0m ($1, $2, $3, $4, $5, $6, $7, $8, $9) [32mRETURNING[0m "id"[["created_at", 2013-03-13 13:22:28 -0400], ["passed", true], ["request", "echo 'cyberengine check' | curl -s -S -4 -v --ftp-pasv --ftp-create-dirs -T - ftp://test:test@127.0.0.1/cyberengine-2013-03-13-13-22-27"], ["response", "* About to connect() to 127.0.0.1 port 21 (#0)\r\n*   Trying 127.0.0.1... connected\r\n* Connected to 127.0.0.1 (127.0.0.1) port 21 (#0)\r\n< 220 FTP Server ready.\r\n> USER test\r\n< 331 Password required for test\r\n> PASS test\r\n< 230 User test logged in\r\n> PWD\r\n< 257 \"/\" is the current directory\r\n* Entry path is '/'\r\n> EPSV\r\n* Connect data stream passively\r\n< 229 Entering Extended Passive Mode (|||31197|)\r\n*   Trying 127.0.0.1... connected\r\n* Connecting to 127.0.0.1 (127.0.0.1) port 31197\r\n> TYPE I\r\n< 200 Type set to I\r\n> STOR cyberengine-2013-03-13-13-22-27\r\n< 150 Opening BINARY mode data connection for cyberengine-2013-03-13-13-22-27\r\n} [data not shown]\r\n* Remembering we are in dir \"\"\r\n< 226 Transfer complete\r\n* Connection #0 to host 127.0.0.1 left intact\r\n> QUIT\r\n< 221 Goodbye.\r\n* Closing connection #0\r\n"], ["round", 1], ["server_id", 2], ["service_id", 11], ["team_id", 3], ["updated_at", 2013-03-13 13:22:28 -0400]]  [time:[33m5.0ms[0m]
2013-03-13 13:22:28.488 [[37mDEBUG[0m] - [32mCOMMIT[0m  [time:[33m33.3ms[0m]
2013-03-13 13:22:28.489  [[32mINFO[0m] - Finished check - Team: Example Blueteam - Server: Example Server - Service: FTP Upload - Address: 127.0.0.1 - Result: Passed
2013-03-13 13:22:50.568 [[37mDEBUG[0m] - [32mSELECT[0m "teams".* [32mFROM[0m "teams" [32mWHERE[0m "teams"."name" = 'Whiteteam' [32mLIMIT[0m 1  [time:[33m5.5ms[0m]
2013-03-13 13:22:50.152 [[37mDEBUG[0m] - [32mSELECT[0m "teams".* [32mFROM[0m "teams" [32mWHERE[0m "teams"."color" = 'Blue'  [time:[33m0.3ms[0m]
2013-03-13 13:22:50.308 [[37mDEBUG[0m] - [32mSELECT[0m "services".* [32mFROM[0m "services" [32mWHERE[0m (team_id [32mIN[0m (3) [32mAND[0m name = 'FTP Upload' [32mAND[0m version = 'ipv4' [32mAND[0m protocol = 'ftp' [32mAND[0m enabled = 't')  [time:[33m8.7ms[0m]
2013-03-13 13:22:50.474 [[37mDEBUG[0m] - [32mSELECT[0m "services".* [32mFROM[0m "services" [32mWHERE[0m (team_id = 1 [32mAND[0m name = 'FTP Upload' [32mAND[0m version = 'ipv4' [32mAND[0m protocol = 'ftp' [32mAND[0m enabled = 'f') [32mLIMIT[0m 1  [time:[33m4.6ms[0m]
2013-03-13 13:22:50.645 [[37mDEBUG[0m] - [32mSELECT[0m value [32mFROM[0m "properties" [32mWHERE[0m "properties"."service_id" = 11 [32mAND[0m (category = 'address') [32mAND[0m (property = 'ip' [32mOR[0m property = 'domain')  [time:[33m7.0ms[0m]
2013-03-13 13:22:50.808 [[37mDEBUG[0m] - [32mSELECT[0m "teams".* [32mFROM[0m "teams" [32mWHERE[0m "teams"."id" = 3 [32mLIMIT[0m 1  [time:[33m3.6ms[0m]
2013-03-13 13:22:50.869 [[37mDEBUG[0m] - [32mSELECT[0m "servers".* [32mFROM[0m "servers" [32mWHERE[0m "servers"."id" = 2 [32mLIMIT[0m 1  [time:[33m4.1ms[0m]
2013-03-13 13:22:51.342  [[32mINFO[0m] - Starting check - Team: Example Blueteam - Server: Example Server - Service: FTP Upload - Address: 127.0.0.1
2013-03-13 13:22:51.698 [[37mDEBUG[0m] - [32mSELECT[0m "users".* [32mFROM[0m "users" [32mWHERE[0m "users"."service_id" = 11 [32mORDER[0m [32mBY[0m RANDOM() [32mLIMIT[0m 1  [time:[33m5.5ms[0m]
2013-03-13 13:22:51.182 [[37mDEBUG[0m] - [32mSELECT[0m "properties".* [32mFROM[0m "properties" [32mWHERE[0m "properties"."service_id" = 11 [32mAND[0m (category = 'random' [32mAND[0m property = 'filename') [32mORDER[0m [32mBY[0m RANDOM() [32mLIMIT[0m 1  [time:[33m6.6ms[0m]
2013-03-13 13:22:51.250 [[37mDEBUG[0m] - [32mSELECT[0m "properties".* [32mFROM[0m "properties" [32mWHERE[0m "properties"."service_id" = 4 [32mAND[0m (category = 'random' [32mAND[0m property = 'filename') [32mORDER[0m [32mBY[0m RANDOM() [32mLIMIT[0m 1  [time:[33m5.3ms[0m]
2013-03-13 13:22:51.319 [[37mDEBUG[0m] - [32mSELECT[0m "properties".* [32mFROM[0m "properties" [32mWHERE[0m "properties"."service_id" = 11 [32mAND[0m (category = 'option' [32mAND[0m property = 'filename-timestamp') [32mLIMIT[0m 1  [time:[33m2.8ms[0m]
2013-03-13 13:22:51.386 [[37mDEBUG[0m] - [32mSELECT[0m "properties".* [32mFROM[0m "properties" [32mWHERE[0m "properties"."service_id" = 4 [32mAND[0m (category = 'random' [32mAND[0m property = 'filename-timestamp') [32mORDER[0m [32mBY[0m RANDOM() [32mLIMIT[0m 1  [time:[33m7.2ms[0m]
2013-03-13 13:22:51.454 [[37mDEBUG[0m] - [32mSELECT[0m "properties".* [32mFROM[0m "properties" [32mWHERE[0m "properties"."service_id" = 11 [32mAND[0m (category = 'answer' [32mAND[0m property = 'each-line-regex') [32mLIMIT[0m 1  [time:[33m0.3ms[0m]
2013-03-13 13:22:51.537 [[37mDEBUG[0m] - [32mSELECT[0m "properties".* [32mFROM[0m "properties" [32mWHERE[0m "properties"."service_id" = 4 [32mAND[0m (category = 'answer' [32mAND[0m property = 'each-line-regex') [32mLIMIT[0m 1  [time:[33m10.4ms[0m]
2013-03-13 13:22:51.589 [[37mDEBUG[0m] - [32mSELECT[0m "properties".* [32mFROM[0m "properties" [32mWHERE[0m "properties"."service_id" = 11 [32mAND[0m (category = 'answer' [32mAND[0m property = 'full-text-regex') [32mLIMIT[0m 1  [time:[33m7.2ms[0m]
2013-03-13 13:22:51.644 [[37mDEBUG[0m] - [32mSELECT[0m "properties".* [32mFROM[0m "properties" [32mWHERE[0m "properties"."service_id" = 4 [32mAND[0m (category = 'answer' [32mAND[0m property = 'full-text-regex') [32mLIMIT[0m 1  [time:[33m2.7ms[0m]
2013-03-13 13:22:51.693 [[37mDEBUG[0m] - [32mSELECT[0m "properties".* [32mFROM[0m "properties" [32mWHERE[0m "properties"."service_id" = 11 [32mAND[0m (category = 'option' [32mAND[0m property = 'timeout') [32mLIMIT[0m 1  [time:[33m4.7ms[0m]
2013-03-13 13:22:51.732 [[37mDEBUG[0m] - [32mSELECT[0m "properties".* [32mFROM[0m "properties" [32mWHERE[0m "properties"."service_id" = 4 [32mAND[0m (category = 'option' [32mAND[0m property = 'timeout') [32mLIMIT[0m 1  [time:[33m4.1ms[0m]
2013-03-13 13:22:51.763 [[37mDEBUG[0m] - Command: echo 'cyberengine check' | curl -s -S -4 -v --ftp-pasv --ftp-create-dirs -T - ftp://test:test@127.0.0.1/cyberengine-2013-03-13-13-22-51
2013-03-13 13:22:51.763 [[37mDEBUG[0m] - Timeout: 30.0
2013-03-13 13:22:51.783 [[37mDEBUG[0m] - PID: 2771
2013-03-13 13:22:51.935 [[37mDEBUG[0m] - [32mSELECT[0m "checks".* [32mFROM[0m "checks" [32mWHERE[0m "checks"."service_id" = 11 [32mORDER[0m [32mBY[0m round [32mDESC[0m [32mLIMIT[0m 1  [time:[33m4.7ms[0m]
2013-03-13 13:22:52.116 [[37mDEBUG[0m] - [32mBEGIN[0m  [time:[33m1.9ms[0m]
2013-03-13 13:22:52.133 [[37mDEBUG[0m] - [32mSELECT[0m "teams".* [32mFROM[0m "teams" [32mWHERE[0m "teams"."id" = 3 [32mLIMIT[0m 1  [time:[33m6.8ms[0m]
2013-03-13 13:22:52.161 [[37mDEBUG[0m] - [32mSELECT[0m "servers".* [32mFROM[0m "servers" [32mWHERE[0m "servers"."id" = 2 [32mLIMIT[0m 1  [time:[33m8.5ms[0m]
2013-03-13 13:22:52.180 [[37mDEBUG[0m] - [32mSELECT[0m "services".* [32mFROM[0m "services" [32mWHERE[0m "services"."id" = 11 [32mLIMIT[0m 1  [time:[33m2.8ms[0m]
2013-03-13 13:22:52.203 [[37mDEBUG[0m] - [32mSELECT[0m "teams".* [32mFROM[0m "teams" [32mWHERE[0m "teams"."id" = 3 [32mLIMIT[0m 1  [time:[33m2.9ms[0m]
2013-03-13 13:22:52.222 [[37mDEBUG[0m] - [32mSELECT[0m "servers".* [32mFROM[0m "servers" [32mWHERE[0m "servers"."id" = 2 [32mLIMIT[0m 1  [time:[33m3.3ms[0m]
2013-03-13 13:22:52.237 [[37mDEBUG[0m] - [32mSELECT[0m "services".* [32mFROM[0m "services" [32mWHERE[0m "services"."id" = 11 [32mLIMIT[0m 1  [time:[33m2.6ms[0m]
2013-03-13 13:22:52.258 [[37mDEBUG[0m] - [32mSQL[0m [32mINSERT[0m [32mINTO[0m "checks" ("created_at", "passed", "request", "response", "round", "server_id", "service_id", "team_id", "updated_at") [32mVALUES[0m ($1, $2, $3, $4, $5, $6, $7, $8, $9) [32mRETURNING[0m "id"[["created_at", 2013-03-13 13:22:52 -0400], ["passed", true], ["request", "echo 'cyberengine check' | curl -s -S -4 -v --ftp-pasv --ftp-create-dirs -T - ftp://test:test@127.0.0.1/cyberengine-2013-03-13-13-22-51"], ["response", "* About to connect() to 127.0.0.1 port 21 (#0)\r\n*   Trying 127.0.0.1... connected\r\n* Connected to 127.0.0.1 (127.0.0.1) port 21 (#0)\r\n< 220 FTP Server ready.\r\n> USER test\r\n< 331 Password required for test\r\n> PASS test\r\n< 230 User test logged in\r\n> PWD\r\n< 257 \"/\" is the current directory\r\n* Entry path is '/'\r\n> EPSV\r\n* Connect data stream passively\r\n< 229 Entering Extended Passive Mode (|||14871|)\r\n*   Trying 127.0.0.1... connected\r\n* Connecting to 127.0.0.1 (127.0.0.1) port 14871\r\n> TYPE I\r\n< 200 Type set to I\r\n> STOR cyberengine-2013-03-13-13-22-51\r\n< 150 Opening BINARY mode data connection for cyberengine-2013-03-13-13-22-51\r\n} [data not shown]\r\n* Remembering we are in dir \"\"\r\n< 226 Transfer complete\r\n* Connection #0 to host 127.0.0.1 left intact\r\n> QUIT\r\n< 221 Goodbye.\r\n* Closing connection #0\r\n"], ["round", 2], ["server_id", 2], ["service_id", 11], ["team_id", 3], ["updated_at", 2013-03-13 13:22:52 -0400]]  [time:[33m4.4ms[0m]
2013-03-13 13:22:52.287 [[37mDEBUG[0m] - [32mCOMMIT[0m  [time:[33m6.7ms[0m]
2013-03-13 13:22:52.288  [[32mINFO[0m] - Finished check - Team: Example Blueteam - Server: Example Server - Service: FTP Upload - Address: 127.0.0.1 - Result: Passed
2013-03-13 13:25:06.219 [[37mDEBUG[0m] - [32mSELECT[0m "teams".* [32mFROM[0m "teams" [32mWHERE[0m "teams"."name" = 'Whiteteam' [32mLIMIT[0m 1  [time:[33m5.6ms[0m]
2013-03-13 13:25:06.305 [[37mDEBUG[0m] - [32mSELECT[0m "teams".* [32mFROM[0m "teams" [32mWHERE[0m "teams"."color" = 'Blue'  [time:[33m6.3ms[0m]
2013-03-13 13:25:06.462 [[37mDEBUG[0m] - [32mSELECT[0m "services".* [32mFROM[0m "services" [32mWHERE[0m (team_id [32mIN[0m (3) [32mAND[0m name = 'FTP Upload' [32mAND[0m version = 'ipv4' [32mAND[0m protocol = 'ftp' [32mAND[0m enabled = 't')  [time:[33m3.4ms[0m]
2013-03-13 13:25:06.621 [[37mDEBUG[0m] - [32mSELECT[0m "services".* [32mFROM[0m "services" [32mWHERE[0m (team_id = 1 [32mAND[0m name = 'FTP Upload' [32mAND[0m version = 'ipv4' [32mAND[0m protocol = 'ftp' [32mAND[0m enabled = 'f') [32mLIMIT[0m 1  [time:[33m1.7ms[0m]
2013-03-13 13:25:06.792 [[37mDEBUG[0m] - [32mSELECT[0m value [32mFROM[0m "properties" [32mWHERE[0m "properties"."service_id" = 11 [32mAND[0m (category = 'address') [32mAND[0m (property = 'ip' [32mOR[0m property = 'domain')  [time:[33m2.6ms[0m]
2013-03-13 13:25:06.946 [[37mDEBUG[0m] - [32mSELECT[0m "teams".* [32mFROM[0m "teams" [32mWHERE[0m "teams"."id" = 3 [32mLIMIT[0m 1  [time:[33m6.0ms[0m]
2013-03-13 13:25:07.876 [[37mDEBUG[0m] - [32mSELECT[0m "servers".* [32mFROM[0m "servers" [32mWHERE[0m "servers"."id" = 2 [32mLIMIT[0m 1  [time:[33m4.6ms[0m]
2013-03-13 13:25:07.163  [[32mINFO[0m] - Starting check - Team: Example Blueteam - Server: Example Server - Service: FTP Upload - Address: 127.0.0.1
2013-03-13 13:25:07.195 [[37mDEBUG[0m] - [32mSELECT[0m "users".* [32mFROM[0m "users" [32mWHERE[0m "users"."service_id" = 11 [32mORDER[0m [32mBY[0m RANDOM() [32mLIMIT[0m 1  [time:[33m7.1ms[0m]
2013-03-13 13:25:07.312 [[37mDEBUG[0m] - [32mSELECT[0m "properties".* [32mFROM[0m "properties" [32mWHERE[0m "properties"."service_id" = 11 [32mAND[0m (category = 'random' [32mAND[0m property = 'filename') [32mORDER[0m [32mBY[0m RANDOM() [32mLIMIT[0m 1  [time:[33m7.6ms[0m]
2013-03-13 13:25:07.378 [[37mDEBUG[0m] - [32mSELECT[0m "properties".* [32mFROM[0m "properties" [32mWHERE[0m "properties"."service_id" = 4 [32mAND[0m (category = 'random' [32mAND[0m property = 'filename') [32mORDER[0m [32mBY[0m RANDOM() [32mLIMIT[0m 1  [time:[33m4.5ms[0m]
2013-03-13 13:25:07.445 [[37mDEBUG[0m] - [32mSELECT[0m "properties".* [32mFROM[0m "properties" [32mWHERE[0m "properties"."service_id" = 11 [32mAND[0m (category = 'option' [32mAND[0m property = 'filename-timestamp') [32mLIMIT[0m 1  [time:[33m1.5ms[0m]
2013-03-13 13:25:07.512 [[37mDEBUG[0m] - [32mSELECT[0m "properties".* [32mFROM[0m "properties" [32mWHERE[0m "properties"."service_id" = 4 [32mAND[0m (category = 'random' [32mAND[0m property = 'filename-timestamp') [32mORDER[0m [32mBY[0m RANDOM() [32mLIMIT[0m 1  [time:[33m0.4ms[0m]
2013-03-13 13:25:07.577 [[37mDEBUG[0m] - [32mSELECT[0m "properties".* [32mFROM[0m "properties" [32mWHERE[0m "properties"."service_id" = 11 [32mAND[0m (category = 'answer' [32mAND[0m property = 'each-line-regex') [32mLIMIT[0m 1  [time:[33m2.7ms[0m]
2013-03-13 13:25:07.644 [[37mDEBUG[0m] - [32mSELECT[0m "properties".* [32mFROM[0m "properties" [32mWHERE[0m "properties"."service_id" = 4 [32mAND[0m (category = 'answer' [32mAND[0m property = 'each-line-regex') [32mLIMIT[0m 1  [time:[33m14.5ms[0m]
2013-03-13 13:25:07.721 [[37mDEBUG[0m] - [32mSELECT[0m "properties".* [32mFROM[0m "properties" [32mWHERE[0m "properties"."service_id" = 11 [32mAND[0m (category = 'answer' [32mAND[0m property = 'full-text-regex') [32mLIMIT[0m 1  [time:[33m2.2ms[0m]
2013-03-13 13:25:07.774 [[37mDEBUG[0m] - [32mSELECT[0m "properties".* [32mFROM[0m "properties" [32mWHERE[0m "properties"."service_id" = 4 [32mAND[0m (category = 'answer' [32mAND[0m property = 'full-text-regex') [32mLIMIT[0m 1  [time:[33m1.4ms[0m]
2013-03-13 13:25:07.829 [[37mDEBUG[0m] - [32mSELECT[0m "properties".* [32mFROM[0m "properties" [32mWHERE[0m "properties"."service_id" = 11 [32mAND[0m (category = 'option' [32mAND[0m property = 'timeout') [32mLIMIT[0m 1  [time:[33m0.3ms[0m]
2013-03-13 13:25:07.870 [[37mDEBUG[0m] - [32mSELECT[0m "properties".* [32mFROM[0m "properties" [32mWHERE[0m "properties"."service_id" = 4 [32mAND[0m (category = 'option' [32mAND[0m property = 'timeout') [32mLIMIT[0m 1  [time:[33m0.4ms[0m]
2013-03-13 13:25:07.902 [[37mDEBUG[0m] - Command: echo 'cyberengine check' | curl -s -S -4 -v --ftp-pasv --ftp-create-dirs -T - ftp://test:test@127.0.0.1/cyberengine-2013-03-13-13-25-07
2013-03-13 13:25:07.902 [[37mDEBUG[0m] - Timeout: 30.0
2013-03-13 13:25:07.918 [[37mDEBUG[0m] - PID: 2931
2013-03-13 13:25:08.698 [[37mDEBUG[0m] - [32mSELECT[0m "checks".* [32mFROM[0m "checks" [32mWHERE[0m "checks"."service_id" = 11 [32mORDER[0m [32mBY[0m round [32mDESC[0m [32mLIMIT[0m 1  [time:[33m4.9ms[0m]
2013-03-13 13:25:08.215 [[37mDEBUG[0m] - [32mBEGIN[0m  [time:[33m2.4ms[0m]
2013-03-13 13:25:08.225 [[37mDEBUG[0m] - [32mSELECT[0m "teams".* [32mFROM[0m "teams" [32mWHERE[0m "teams"."id" = 3 [32mLIMIT[0m 1  [time:[33m0.3ms[0m]
2013-03-13 13:25:08.239 [[37mDEBUG[0m] - [32mSELECT[0m "servers".* [32mFROM[0m "servers" [32mWHERE[0m "servers"."id" = 2 [32mLIMIT[0m 1  [time:[33m0.2ms[0m]
2013-03-13 13:25:08.249 [[37mDEBUG[0m] - [32mSELECT[0m "services".* [32mFROM[0m "services" [32mWHERE[0m "services"."id" = 11 [32mLIMIT[0m 1  [time:[33m0.3ms[0m]
2013-03-13 13:25:08.265 [[37mDEBUG[0m] - [32mSELECT[0m "teams".* [32mFROM[0m "teams" [32mWHERE[0m "teams"."id" = 3 [32mLIMIT[0m 1  [time:[33m3.3ms[0m]
2013-03-13 13:25:08.279 [[37mDEBUG[0m] - [32mSELECT[0m "servers".* [32mFROM[0m "servers" [32mWHERE[0m "servers"."id" = 2 [32mLIMIT[0m 1  [time:[33m0.2ms[0m]
2013-03-13 13:25:08.320 [[37mDEBUG[0m] - [32mSELECT[0m "services".* [32mFROM[0m "services" [32mWHERE[0m "services"."id" = 11 [32mLIMIT[0m 1  [time:[33m3.8ms[0m]
2013-03-13 13:25:08.354 [[37mDEBUG[0m] - [32mSQL[0m [32mINSERT[0m [32mINTO[0m "checks" ("created_at", "passed", "request", "response", "round", "server_id", "service_id", "team_id", "updated_at") [32mVALUES[0m ($1, $2, $3, $4, $5, $6, $7, $8, $9) [32mRETURNING[0m "id"[["created_at", 2013-03-13 13:25:08 -0400], ["passed", true], ["request", "echo 'cyberengine check' | curl -s -S -4 -v --ftp-pasv --ftp-create-dirs -T - ftp://test:test@127.0.0.1/cyberengine-2013-03-13-13-25-07"], ["response", "* About to connect() to 127.0.0.1 port 21 (#0)\r\n*   Trying 127.0.0.1... connected\r\n* Connected to 127.0.0.1 (127.0.0.1) port 21 (#0)\r\n< 220 FTP Server ready.\r\n> USER test\r\n< 331 Password required for test\r\n> PASS test\r\n< 230 User test logged in\r\n> PWD\r\n< 257 \"/\" is the current directory\r\n* Entry path is '/'\r\n> EPSV\r\n* Connect data stream passively\r\n< 229 Entering Extended Passive Mode (|||38829|)\r\n*   Trying 127.0.0.1... connected\r\n* Connecting to 127.0.0.1 (127.0.0.1) port 38829\r\n> TYPE I\r\n< 200 Type set to I\r\n> STOR cyberengine-2013-03-13-13-25-07\r\n< 150 Opening BINARY mode data connection for cyberengine-2013-03-13-13-25-07\r\n} [data not shown]\r\n* Remembering we are in dir \"\"\r\n< 226 Transfer complete\r\n* Connection #0 to host 127.0.0.1 left intact\r\n> QUIT\r\n< 221 Goodbye.\r\n* Closing connection #0\r\n"], ["round", 3], ["server_id", 2], ["service_id", 11], ["team_id", 3], ["updated_at", 2013-03-13 13:25:08 -0400]]  [time:[33m7.9ms[0m]
2013-03-13 13:25:08.390 [[37mDEBUG[0m] - [32mCOMMIT[0m  [time:[33m11.9ms[0m]
2013-03-13 13:25:08.391  [[32mINFO[0m] - Finished check - Team: Example Blueteam - Server: Example Server - Service: FTP Upload - Address: 127.0.0.1 - Result: Passed
2013-03-13 13:25:50.197 [[37mDEBUG[0m] - [32mSELECT[0m "teams".* [32mFROM[0m "teams" [32mWHERE[0m "teams"."name" = 'Whiteteam' [32mLIMIT[0m 1  [time:[33m0.7ms[0m]
2013-03-13 13:25:50.115 [[37mDEBUG[0m] - [32mSELECT[0m "teams".* [32mFROM[0m "teams" [32mWHERE[0m "teams"."color" = 'Blue'  [time:[33m4.9ms[0m]
2013-03-13 13:25:50.265 [[37mDEBUG[0m] - [32mSELECT[0m "services".* [32mFROM[0m "services" [32mWHERE[0m (team_id [32mIN[0m (3) [32mAND[0m name = 'FTP Upload' [32mAND[0m version = 'ipv4' [32mAND[0m protocol = 'ftp' [32mAND[0m enabled = 't')  [time:[33m4.9ms[0m]
2013-03-13 13:25:50.415 [[37mDEBUG[0m] - [32mSELECT[0m "services".* [32mFROM[0m "services" [32mWHERE[0m (team_id = 1 [32mAND[0m name = 'FTP Upload' [32mAND[0m version = 'ipv4' [32mAND[0m protocol = 'ftp' [32mAND[0m enabled = 'f') [32mLIMIT[0m 1  [time:[33m0.5ms[0m]
2013-03-13 13:25:50.583 [[37mDEBUG[0m] - [32mSELECT[0m value [32mFROM[0m "properties" [32mWHERE[0m "properties"."service_id" = 11 [32mAND[0m (category = 'address') [32mAND[0m (property = 'ip' [32mOR[0m property = 'domain')  [time:[33m2.5ms[0m]
2013-03-13 13:25:50.755 [[37mDEBUG[0m] - [32mSELECT[0m "teams".* [32mFROM[0m "teams" [32mWHERE[0m "teams"."id" = 3 [32mLIMIT[0m 1  [time:[33m4.7ms[0m]
2013-03-13 13:25:50.804 [[37mDEBUG[0m] - [32mSELECT[0m "servers".* [32mFROM[0m "servers" [32mWHERE[0m "servers"."id" = 2 [32mLIMIT[0m 1  [time:[33m1.5ms[0m]
2013-03-13 13:25:50.964  [[32mINFO[0m] - Starting check - Team: Example Blueteam - Server: Example Server - Service: FTP Upload - Address: 127.0.0.1
2013-03-13 13:25:50.996 [[37mDEBUG[0m] - [32mSELECT[0m "users".* [32mFROM[0m "users" [32mWHERE[0m "users"."service_id" = 11 [32mORDER[0m [32mBY[0m RANDOM() [32mLIMIT[0m 1  [time:[33m2.5ms[0m]
2013-03-13 13:25:51.106 [[37mDEBUG[0m] - [32mSELECT[0m "properties".* [32mFROM[0m "properties" [32mWHERE[0m "properties"."service_id" = 11 [32mAND[0m (category = 'random' [32mAND[0m property = 'filename') [32mORDER[0m [32mBY[0m RANDOM() [32mLIMIT[0m 1  [time:[33m9.4ms[0m]
2013-03-13 13:25:51.173 [[37mDEBUG[0m] - [32mSELECT[0m "properties".* [32mFROM[0m "properties" [32mWHERE[0m "properties"."service_id" = 4 [32mAND[0m (category = 'random' [32mAND[0m property = 'filename') [32mORDER[0m [32mBY[0m RANDOM() [32mLIMIT[0m 1  [time:[33m4.4ms[0m]
2013-03-13 13:25:51.250 [[37mDEBUG[0m] - [32mSELECT[0m "properties".* [32mFROM[0m "properties" [32mWHERE[0m "properties"."service_id" = 11 [32mAND[0m (category = 'option' [32mAND[0m property = 'filename-timestamp') [32mLIMIT[0m 1  [time:[33m0.3ms[0m]
2013-03-13 13:25:51.305 [[37mDEBUG[0m] - [32mSELECT[0m "properties".* [32mFROM[0m "properties" [32mWHERE[0m "properties"."service_id" = 4 [32mAND[0m (category = 'random' [32mAND[0m property = 'filename-timestamp') [32mORDER[0m [32mBY[0m RANDOM() [32mLIMIT[0m 1  [time:[33m0.4ms[0m]
2013-03-13 13:25:51.369 [[37mDEBUG[0m] - [32mSELECT[0m "properties".* [32mFROM[0m "properties" [32mWHERE[0m "properties"."service_id" = 11 [32mAND[0m (category = 'answer' [32mAND[0m property = 'each-line-regex') [32mLIMIT[0m 1  [time:[33m2.7ms[0m]
2013-03-13 13:25:51.459 [[37mDEBUG[0m] - [32mSELECT[0m "properties".* [32mFROM[0m "properties" [32mWHERE[0m "properties"."service_id" = 4 [32mAND[0m (category = 'answer' [32mAND[0m property = 'each-line-regex') [32mLIMIT[0m 1  [time:[33m9.5ms[0m]
2013-03-13 13:25:51.511 [[37mDEBUG[0m] - [32mSELECT[0m "properties".* [32mFROM[0m "properties" [32mWHERE[0m "properties"."service_id" = 11 [32mAND[0m (category = 'answer' [32mAND[0m property = 'full-text-regex') [32mLIMIT[0m 1  [time:[33m7.1ms[0m]
2013-03-13 13:25:51.561 [[37mDEBUG[0m] - [32mSELECT[0m "properties".* [32mFROM[0m "properties" [32mWHERE[0m "properties"."service_id" = 4 [32mAND[0m (category = 'answer' [32mAND[0m property = 'full-text-regex') [32mLIMIT[0m 1  [time:[33m8.2ms[0m]
2013-03-13 13:25:51.618 [[37mDEBUG[0m] - [32mSELECT[0m "properties".* [32mFROM[0m "properties" [32mWHERE[0m "properties"."service_id" = 11 [32mAND[0m (category = 'option' [32mAND[0m property = 'timeout') [32mLIMIT[0m 1  [time:[33m8.9ms[0m]
2013-03-13 13:25:51.657 [[37mDEBUG[0m] - [32mSELECT[0m "properties".* [32mFROM[0m "properties" [32mWHERE[0m "properties"."service_id" = 4 [32mAND[0m (category = 'option' [32mAND[0m property = 'timeout') [32mLIMIT[0m 1  [time:[33m8.4ms[0m]
2013-03-13 13:25:51.699 [[37mDEBUG[0m] - Command: echo 'cyberengine check' | curl -s -S -4 -v --ftp-pasv --ftp-create-dirs -T - ftp://test:test@127.0.0.1/cyberengine-2013-03-13-13-25-51
2013-03-13 13:25:51.699 [[37mDEBUG[0m] - Timeout: 30.0
2013-03-13 13:25:51.711 [[37mDEBUG[0m] - PID: 3064
2013-03-13 13:25:51.878 [[37mDEBUG[0m] - [32mSELECT[0m "checks".* [32mFROM[0m "checks" [32mWHERE[0m "checks"."service_id" = 11 [32mORDER[0m [32mBY[0m round [32mDESC[0m [32mLIMIT[0m 1  [time:[33m1.9ms[0m]
2013-03-13 13:25:51.955 [[37mDEBUG[0m] - [32mBEGIN[0m  [time:[33m3.3ms[0m]
2013-03-13 13:25:51.962 [[37mDEBUG[0m] - [32mSELECT[0m "teams".* [32mFROM[0m "teams" [32mWHERE[0m "teams"."id" = 3 [32mLIMIT[0m 1  [time:[33m3.9ms[0m]
2013-03-13 13:25:51.980 [[37mDEBUG[0m] - [32mSELECT[0m "servers".* [32mFROM[0m "servers" [32mWHERE[0m "servers"."id" = 2 [32mLIMIT[0m 1  [time:[33m0.4ms[0m]
2013-03-13 13:25:51.999 [[37mDEBUG[0m] - [32mSELECT[0m "services".* [32mFROM[0m "services" [32mWHERE[0m "services"."id" = 11 [32mLIMIT[0m 1  [time:[33m2.4ms[0m]
2013-03-13 13:25:52.138 [[37mDEBUG[0m] - [32mSELECT[0m "teams".* [32mFROM[0m "teams" [32mWHERE[0m "teams"."id" = 3 [32mLIMIT[0m 1  [time:[33m4.3ms[0m]
2013-03-13 13:25:52.277 [[37mDEBUG[0m] - [32mSELECT[0m "servers".* [32mFROM[0m "servers" [32mWHERE[0m "servers"."id" = 2 [32mLIMIT[0m 1  [time:[33m5.1ms[0m]
2013-03-13 13:25:52.377 [[37mDEBUG[0m] - [32mSELECT[0m "services".* [32mFROM[0m "services" [32mWHERE[0m "services"."id" = 11 [32mLIMIT[0m 1  [time:[33m3.8ms[0m]
2013-03-13 13:25:52.509 [[37mDEBUG[0m] - [32mSQL[0m [32mINSERT[0m [32mINTO[0m "checks" ("created_at", "passed", "request", "response", "round", "server_id", "service_id", "team_id", "updated_at") [32mVALUES[0m ($1, $2, $3, $4, $5, $6, $7, $8, $9) [32mRETURNING[0m "id"[["created_at", 2013-03-13 13:25:52 -0400], ["passed", true], ["request", "echo 'cyberengine check' | curl -s -S -4 -v --ftp-pasv --ftp-create-dirs -T - ftp://test:test@127.0.0.1/cyberengine-2013-03-13-13-25-51"], ["response", "* About to connect() to 127.0.0.1 port 21 (#0)\r\n*   Trying 127.0.0.1... connected\r\n* Connected to 127.0.0.1 (127.0.0.1) port 21 (#0)\r\n< 220 FTP Server ready.\r\n> USER test\r\n< 331 Password required for test\r\n> PASS test\r\n< 230 User test logged in\r\n> PWD\r\n< 257 \"/\" is the current directory\r\n* Entry path is '/'\r\n> EPSV\r\n* Connect data stream passively\r\n< 229 Entering Extended Passive Mode (|||53557|)\r\n*   Trying 127.0.0.1... connected\r\n* Connecting to 127.0.0.1 (127.0.0.1) port 53557\r\n> TYPE I\r\n< 200 Type set to I\r\n> STOR cyberengine-2013-03-13-13-25-51\r\n< 150 Opening BINARY mode data connection for cyberengine-2013-03-13-13-25-51\r\n} [data not shown]\r\n* Remembering we are in dir \"\"\r\n< 226 Transfer complete\r\n* Connection #0 to host 127.0.0.1 left intact\r\n> QUIT\r\n< 221 Goodbye.\r\n* Closing connection #0\r\n"], ["round", 1], ["server_id", 2], ["service_id", 11], ["team_id", 3], ["updated_at", 2013-03-13 13:25:52 -0400]]  [time:[33m5.7ms[0m]
2013-03-13 13:25:52.724 [[37mDEBUG[0m] - [32mCOMMIT[0m  [time:[33m7.7ms[0m]
2013-03-13 13:25:52.742  [[32mINFO[0m] - Finished check - Team: Example Blueteam - Server: Example Server - Service: FTP Upload - Address: 127.0.0.1 - Result: Passed
2013-03-13 13:27:06.956 [[37mDEBUG[0m] - [32mSELECT[0m "teams".* [32mFROM[0m "teams" [32mWHERE[0m "teams"."name" = 'Whiteteam' [32mLIMIT[0m 1  [time:[33m5.5ms[0m]
2013-03-13 13:27:07.468 [[37mDEBUG[0m] - [32mSELECT[0m "teams".* [32mFROM[0m "teams" [32mWHERE[0m "teams"."color" = 'Blue'  [time:[33m7.2ms[0m]
2013-03-13 13:27:07.200 [[37mDEBUG[0m] - [32mSELECT[0m "services".* [32mFROM[0m "services" [32mWHERE[0m (team_id [32mIN[0m (3) [32mAND[0m name = 'FTP Upload' [32mAND[0m version = 'ipv4' [32mAND[0m protocol = 'ftp' [32mAND[0m enabled = 't')  [time:[33m4.4ms[0m]
2013-03-13 13:27:07.353 [[37mDEBUG[0m] - [32mSELECT[0m "services".* [32mFROM[0m "services" [32mWHERE[0m (team_id = 1 [32mAND[0m name = 'FTP Upload' [32mAND[0m version = 'ipv4' [32mAND[0m protocol = 'ftp' [32mAND[0m enabled = 'f') [32mLIMIT[0m 1  [time:[33m4.6ms[0m]
2013-03-13 13:27:07.520 [[37mDEBUG[0m] - [32mSELECT[0m value [32mFROM[0m "properties" [32mWHERE[0m "properties"."service_id" = 11 [32mAND[0m (category = 'address') [32mAND[0m (property = 'ip' [32mOR[0m property = 'domain')  [time:[33m0.5ms[0m]
2013-03-13 13:27:07.690 [[37mDEBUG[0m] - [32mSELECT[0m "teams".* [32mFROM[0m "teams" [32mWHERE[0m "teams"."id" = 3 [32mLIMIT[0m 1  [time:[33m4.8ms[0m]
2013-03-13 13:27:07.741 [[37mDEBUG[0m] - [32mSELECT[0m "servers".* [32mFROM[0m "servers" [32mWHERE[0m "servers"."id" = 2 [32mLIMIT[0m 1  [time:[33m2.4ms[0m]
2013-03-13 13:27:07.895  [[32mINFO[0m] - Starting check - Team: Example Blueteam - Server: Example Server - Service: FTP Upload - Address: 127.0.0.1
2013-03-13 13:27:07.929 [[37mDEBUG[0m] - [32mSELECT[0m "users".* [32mFROM[0m "users" [32mWHERE[0m "users"."service_id" = 11 [32mORDER[0m [32mBY[0m RANDOM() [32mLIMIT[0m 1  [time:[33m2.5ms[0m]
2013-03-13 13:27:08.448 [[37mDEBUG[0m] - [32mSELECT[0m "properties".* [32mFROM[0m "properties" [32mWHERE[0m "properties"."service_id" = 11 [32mAND[0m (category = 'random' [32mAND[0m property = 'filename') [32mORDER[0m [32mBY[0m RANDOM() [32mLIMIT[0m 1  [time:[33m7.8ms[0m]
2013-03-13 13:27:08.109 [[37mDEBUG[0m] - [32mSELECT[0m "properties".* [32mFROM[0m "properties" [32mWHERE[0m "properties"."service_id" = 4 [32mAND[0m (category = 'random' [32mAND[0m property = 'filename') [32mORDER[0m [32mBY[0m RANDOM() [32mLIMIT[0m 1  [time:[33m7.1ms[0m]
2013-03-13 13:27:08.173 [[37mDEBUG[0m] - [32mSELECT[0m "properties".* [32mFROM[0m "properties" [32mWHERE[0m "properties"."service_id" = 11 [32mAND[0m (category = 'option' [32mAND[0m property = 'filename-timestamp') [32mLIMIT[0m 1  [time:[33m6.6ms[0m]
2013-03-13 13:27:08.237 [[37mDEBUG[0m] - [32mSELECT[0m "properties".* [32mFROM[0m "properties" [32mWHERE[0m "properties"."service_id" = 4 [32mAND[0m (category = 'random' [32mAND[0m property = 'filename-timestamp') [32mORDER[0m [32mBY[0m RANDOM() [32mLIMIT[0m 1  [time:[33m0.4ms[0m]
2013-03-13 13:27:08.304 [[37mDEBUG[0m] - [32mSELECT[0m "properties".* [32mFROM[0m "properties" [32mWHERE[0m "properties"."service_id" = 11 [32mAND[0m (category = 'answer' [32mAND[0m property = 'each-line-regex') [32mLIMIT[0m 1  [time:[33m1.9ms[0m]
2013-03-13 13:27:08.389 [[37mDEBUG[0m] - [32mSELECT[0m "properties".* [32mFROM[0m "properties" [32mWHERE[0m "properties"."service_id" = 4 [32mAND[0m (category = 'answer' [32mAND[0m property = 'each-line-regex') [32mLIMIT[0m 1  [time:[33m13.6ms[0m]
2013-03-13 13:27:08.455 [[37mDEBUG[0m] - [32mSELECT[0m "properties".* [32mFROM[0m "properties" [32mWHERE[0m "properties"."service_id" = 11 [32mAND[0m (category = 'answer' [32mAND[0m property = 'full-text-regex') [32mLIMIT[0m 1  [time:[33m4.5ms[0m]
2013-03-13 13:27:08.517 [[37mDEBUG[0m] - [32mSELECT[0m "properties".* [32mFROM[0m "properties" [32mWHERE[0m "properties"."service_id" = 4 [32mAND[0m (category = 'answer' [32mAND[0m property = 'full-text-regex') [32mLIMIT[0m 1  [time:[33m12.6ms[0m]
2013-03-13 13:27:08.586 [[37mDEBUG[0m] - [32mSELECT[0m "properties".* [32mFROM[0m "properties" [32mWHERE[0m "properties"."service_id" = 11 [32mAND[0m (category = 'option' [32mAND[0m property = 'timeout') [32mLIMIT[0m 1  [time:[33m4.3ms[0m]
2013-03-13 13:27:08.632 [[37mDEBUG[0m] - [32mSELECT[0m "properties".* [32mFROM[0m "properties" [32mWHERE[0m "properties"."service_id" = 4 [32mAND[0m (category = 'option' [32mAND[0m property = 'timeout') [32mLIMIT[0m 1  [time:[33m5.2ms[0m]
2013-03-13 13:27:08.679 [[37mDEBUG[0m] - Command: echo 'cyberengine check' | curl -s -S -4 -v --ftp-pasv --ftp-create-dirs -T - ftp://test:test@127.0.0.1/cyberengine-2013-03-13-13-27-08
2013-03-13 13:27:08.688 [[37mDEBUG[0m] - Timeout: 30.0
2013-03-13 13:27:08.698 [[37mDEBUG[0m] - PID: 3177
2013-03-13 13:27:08.832 [[37mDEBUG[0m] - [32mSELECT[0m "checks".* [32mFROM[0m "checks" [32mWHERE[0m "checks"."service_id" = 11 [32mORDER[0m [32mBY[0m round [32mDESC[0m [32mLIMIT[0m 1  [time:[33m0.5ms[0m]
2013-03-13 13:27:08.944 [[37mDEBUG[0m] - [32mBEGIN[0m  [time:[33m9.2ms[0m]
2013-03-13 13:27:08.956 [[37mDEBUG[0m] - [32mSELECT[0m "teams".* [32mFROM[0m "teams" [32mWHERE[0m "teams"."id" = 3 [32mLIMIT[0m 1  [time:[33m0.3ms[0m]
2013-03-13 13:27:08.965 [[37mDEBUG[0m] - [32mSELECT[0m "servers".* [32mFROM[0m "servers" [32mWHERE[0m "servers"."id" = 2 [32mLIMIT[0m 1  [time:[33m0.3ms[0m]
2013-03-13 13:27:09.581 [[37mDEBUG[0m] - [32mSELECT[0m "services".* [32mFROM[0m "services" [32mWHERE[0m "services"."id" = 11 [32mLIMIT[0m 1  [time:[33m2.1ms[0m]
2013-03-13 13:27:09.423 [[37mDEBUG[0m] - [32mSELECT[0m "teams".* [32mFROM[0m "teams" [32mWHERE[0m "teams"."id" = 3 [32mLIMIT[0m 1  [time:[33m5.0ms[0m]
2013-03-13 13:27:09.728 [[37mDEBUG[0m] - [32mSELECT[0m "servers".* [32mFROM[0m "servers" [32mWHERE[0m "servers"."id" = 2 [32mLIMIT[0m 1  [time:[33m7.7ms[0m]
2013-03-13 13:27:09.857 [[37mDEBUG[0m] - [32mSELECT[0m "services".* [32mFROM[0m "services" [32mWHERE[0m "services"."id" = 11 [32mLIMIT[0m 1  [time:[33m3.4ms[0m]
2013-03-13 13:27:09.988 [[37mDEBUG[0m] - [32mSQL[0m [32mINSERT[0m [32mINTO[0m "checks" ("created_at", "passed", "request", "response", "round", "server_id", "service_id", "team_id", "updated_at") [32mVALUES[0m ($1, $2, $3, $4, $5, $6, $7, $8, $9) [32mRETURNING[0m "id"[["created_at", 2013-03-13 13:27:09 -0400], ["passed", true], ["request", "echo 'cyberengine check' | curl -s -S -4 -v --ftp-pasv --ftp-create-dirs -T - ftp://test:test@127.0.0.1/cyberengine-2013-03-13-13-27-08"], ["response", "* About to connect() to 127.0.0.1 port 21 (#0)\r\n*   Trying 127.0.0.1... connected\r\n* Connected to 127.0.0.1 (127.0.0.1) port 21 (#0)\r\n< 220 FTP Server ready.\r\n> USER test\r\n< 331 Password required for test\r\n> PASS test\r\n< 230 User test logged in\r\n> PWD\r\n< 257 \"/\" is the current directory\r\n* Entry path is '/'\r\n> EPSV\r\n* Connect data stream passively\r\n< 229 Entering Extended Passive Mode (|||12319|)\r\n*   Trying 127.0.0.1... connected\r\n* Connecting to 127.0.0.1 (127.0.0.1) port 12319\r\n> TYPE I\r\n< 200 Type set to I\r\n> STOR cyberengine-2013-03-13-13-27-08\r\n< 150 Opening BINARY mode data connection for cyberengine-2013-03-13-13-27-08\r\n} [data not shown]\r\n* Remembering we are in dir \"\"\r\n< 226 Transfer complete\r\n* Connection #0 to host 127.0.0.1 left intact\r\n> QUIT\r\n< 221 Goodbye.\r\n* Closing connection #0\r\n"], ["round", 2], ["server_id", 2], ["service_id", 11], ["team_id", 3], ["updated_at", 2013-03-13 13:27:09 -0400]]  [time:[33m2.5ms[0m]
2013-03-13 13:27:09.146 [[37mDEBUG[0m] - [32mCOMMIT[0m  [time:[33m26.8ms[0m]
2013-03-13 13:27:09.149  [[32mINFO[0m] - Finished check - Team: Example Blueteam - Server: Example Server - Service: FTP Upload - Address: 127.0.0.1 - Result: Passed
2013-03-13 13:27:37.991 [[37mDEBUG[0m] - [32mSELECT[0m "teams".* [32mFROM[0m "teams" [32mWHERE[0m "teams"."name" = 'Whiteteam' [32mLIMIT[0m 1  [time:[33m5.9ms[0m]
2013-03-13 13:27:38.978 [[37mDEBUG[0m] - [32mSELECT[0m "teams".* [32mFROM[0m "teams" [32mWHERE[0m "teams"."color" = 'Blue'  [time:[33m6.1ms[0m]
2013-03-13 13:27:38.246 [[37mDEBUG[0m] - [32mSELECT[0m "services".* [32mFROM[0m "services" [32mWHERE[0m (team_id [32mIN[0m (3) [32mAND[0m name = 'FTP Upload' [32mAND[0m version = 'ipv4' [32mAND[0m protocol = 'ftp' [32mAND[0m enabled = 't')  [time:[33m7.2ms[0m]
2013-03-13 13:27:38.416 [[37mDEBUG[0m] - [32mSELECT[0m "services".* [32mFROM[0m "services" [32mWHERE[0m (team_id = 1 [32mAND[0m name = 'FTP Upload' [32mAND[0m version = 'ipv4' [32mAND[0m protocol = 'ftp' [32mAND[0m enabled = 'f') [32mLIMIT[0m 1  [time:[33m3.5ms[0m]
2013-03-13 13:27:38.577 [[37mDEBUG[0m] - [32mSELECT[0m value [32mFROM[0m "properties" [32mWHERE[0m "properties"."service_id" = 11 [32mAND[0m (category = 'address') [32mAND[0m (property = 'ip' [32mOR[0m property = 'domain')  [time:[33m6.0ms[0m]
2013-03-13 13:27:38.736 [[37mDEBUG[0m] - [32mSELECT[0m "teams".* [32mFROM[0m "teams" [32mWHERE[0m "teams"."id" = 3 [32mLIMIT[0m 1  [time:[33m7.9ms[0m]
2013-03-13 13:27:38.793 [[37mDEBUG[0m] - [32mSELECT[0m "servers".* [32mFROM[0m "servers" [32mWHERE[0m "servers"."id" = 2 [32mLIMIT[0m 1  [time:[33m5.6ms[0m]
2013-03-13 13:27:38.951  [[32mINFO[0m] - Starting check - Team: Example Blueteam - Server: Example Server - Service: FTP Upload - Address: 127.0.0.1
2013-03-13 13:27:38.986 [[37mDEBUG[0m] - [32mSELECT[0m "users".* [32mFROM[0m "users" [32mWHERE[0m "users"."service_id" = 11 [32mORDER[0m [32mBY[0m RANDOM() [32mLIMIT[0m 1  [time:[33m1.9ms[0m]
2013-03-13 13:27:39.104 [[37mDEBUG[0m] - [32mSELECT[0m "properties".* [32mFROM[0m "properties" [32mWHERE[0m "properties"."service_id" = 11 [32mAND[0m (category = 'random' [32mAND[0m property = 'filename') [32mORDER[0m [32mBY[0m RANDOM() [32mLIMIT[0m 1  [time:[33m6.8ms[0m]
2013-03-13 13:27:39.175 [[37mDEBUG[0m] - [32mSELECT[0m "properties".* [32mFROM[0m "properties" [32mWHERE[0m "properties"."service_id" = 4 [32mAND[0m (category = 'random' [32mAND[0m property = 'filename') [32mORDER[0m [32mBY[0m RANDOM() [32mLIMIT[0m 1  [time:[33m5.4ms[0m]
2013-03-13 13:27:39.240 [[37mDEBUG[0m] - [32mSELECT[0m "properties".* [32mFROM[0m "properties" [32mWHERE[0m "properties"."service_id" = 11 [32mAND[0m (category = 'option' [32mAND[0m property = 'filename-timestamp') [32mLIMIT[0m 1  [time:[33m6.5ms[0m]
2013-03-13 13:27:39.295 [[37mDEBUG[0m] - [32mSELECT[0m "properties".* [32mFROM[0m "properties" [32mWHERE[0m "properties"."service_id" = 4 [32mAND[0m (category = 'random' [32mAND[0m property = 'filename-timestamp') [32mORDER[0m [32mBY[0m RANDOM() [32mLIMIT[0m 1  [time:[33m5.4ms[0m]
2013-03-13 13:27:39.368 [[37mDEBUG[0m] - [32mSELECT[0m "properties".* [32mFROM[0m "properties" [32mWHERE[0m "properties"."service_id" = 11 [32mAND[0m (category = 'answer' [32mAND[0m property = 'each-line-regex') [32mLIMIT[0m 1  [time:[33m0.3ms[0m]
2013-03-13 13:27:39.427 [[37mDEBUG[0m] - [32mSELECT[0m "properties".* [32mFROM[0m "properties" [32mWHERE[0m "properties"."service_id" = 4 [32mAND[0m (category = 'answer' [32mAND[0m property = 'each-line-regex') [32mLIMIT[0m 1  [time:[33m7.3ms[0m]
2013-03-13 13:27:39.510 [[37mDEBUG[0m] - [32mSELECT[0m "properties".* [32mFROM[0m "properties" [32mWHERE[0m "properties"."service_id" = 11 [32mAND[0m (category = 'answer' [32mAND[0m property = 'full-text-regex') [32mLIMIT[0m 1  [time:[33m7.7ms[0m]
2013-03-13 13:27:39.565 [[37mDEBUG[0m] - [32mSELECT[0m "properties".* [32mFROM[0m "properties" [32mWHERE[0m "properties"."service_id" = 4 [32mAND[0m (category = 'answer' [32mAND[0m property = 'full-text-regex') [32mLIMIT[0m 1  [time:[33m4.2ms[0m]
2013-03-13 13:27:39.625 [[37mDEBUG[0m] - [32mSELECT[0m "properties".* [32mFROM[0m "properties" [32mWHERE[0m "properties"."service_id" = 11 [32mAND[0m (category = 'option' [32mAND[0m property = 'timeout') [32mLIMIT[0m 1  [time:[33m12.2ms[0m]
2013-03-13 13:27:39.692 [[37mDEBUG[0m] - [32mSELECT[0m "properties".* [32mFROM[0m "properties" [32mWHERE[0m "properties"."service_id" = 4 [32mAND[0m (category = 'option' [32mAND[0m property = 'timeout') [32mLIMIT[0m 1  [time:[33m2.5ms[0m]
2013-03-13 13:27:39.744 [[37mDEBUG[0m] - Command: echo 'cyberengine check' | curl -s -S -4 -v --ftp-pasv --ftp-create-dirs -T - ftp://test:test@127.0.0.1/cyberengine-2013-03-13-13-27-39
2013-03-13 13:27:39.744 [[37mDEBUG[0m] - Timeout: 30.0
2013-03-13 13:27:39.777 [[37mDEBUG[0m] - PID: 3355
2013-03-13 13:27:39.936 [[37mDEBUG[0m] - [32mSELECT[0m "checks".* [32mFROM[0m "checks" [32mWHERE[0m "checks"."service_id" = 11 [32mORDER[0m [32mBY[0m round [32mDESC[0m [32mLIMIT[0m 1  [time:[33m3.9ms[0m]
2013-03-13 13:27:40.758 [[37mDEBUG[0m] - [32mBEGIN[0m  [time:[33m2.3ms[0m]
2013-03-13 13:27:40.894 [[37mDEBUG[0m] - [32mSELECT[0m "teams".* [32mFROM[0m "teams" [32mWHERE[0m "teams"."id" = 3 [32mLIMIT[0m 1  [time:[33m6.3ms[0m]
2013-03-13 13:27:40.107 [[37mDEBUG[0m] - [32mSELECT[0m "servers".* [32mFROM[0m "servers" [32mWHERE[0m "servers"."id" = 2 [32mLIMIT[0m 1  [time:[33m0.4ms[0m]
2013-03-13 13:27:40.136 [[37mDEBUG[0m] - [32mSELECT[0m "services".* [32mFROM[0m "services" [32mWHERE[0m "services"."id" = 11 [32mLIMIT[0m 1  [time:[33m19.3ms[0m]
2013-03-13 13:27:40.166 [[37mDEBUG[0m] - [32mSELECT[0m "teams".* [32mFROM[0m "teams" [32mWHERE[0m "teams"."id" = 3 [32mLIMIT[0m 1  [time:[33m0.3ms[0m]
2013-03-13 13:27:40.192 [[37mDEBUG[0m] - [32mSELECT[0m "servers".* [32mFROM[0m "servers" [32mWHERE[0m "servers"."id" = 2 [32mLIMIT[0m 1  [time:[33m5.6ms[0m]
2013-03-13 13:27:40.219 [[37mDEBUG[0m] - [32mSELECT[0m "services".* [32mFROM[0m "services" [32mWHERE[0m "services"."id" = 11 [32mLIMIT[0m 1  [time:[33m6.3ms[0m]
2013-03-13 13:27:40.246 [[37mDEBUG[0m] - [32mSQL[0m [32mINSERT[0m [32mINTO[0m "checks" ("created_at", "passed", "request", "response", "round", "server_id", "service_id", "team_id", "updated_at") [32mVALUES[0m ($1, $2, $3, $4, $5, $6, $7, $8, $9) [32mRETURNING[0m "id"[["created_at", 2013-03-13 13:27:40 -0400], ["passed", true], ["request", "echo 'cyberengine check' | curl -s -S -4 -v --ftp-pasv --ftp-create-dirs -T - ftp://test:test@127.0.0.1/cyberengine-2013-03-13-13-27-39"], ["response", "* About to connect() to 127.0.0.1 port 21 (#0)\r\n*   Trying 127.0.0.1... connected\r\n* Connected to 127.0.0.1 (127.0.0.1) port 21 (#0)\r\n< 220 FTP Server ready.\r\n> USER test\r\n< 331 Password required for test\r\n> PASS test\r\n< 230 User test logged in\r\n> PWD\r\n< 257 \"/\" is the current directory\r\n* Entry path is '/'\r\n> EPSV\r\n* Connect data stream passively\r\n< 229 Entering Extended Passive Mode (|||25070|)\r\n*   Trying 127.0.0.1... connected\r\n* Connecting to 127.0.0.1 (127.0.0.1) port 25070\r\n> TYPE I\r\n< 200 Type set to I\r\n> STOR cyberengine-2013-03-13-13-27-39\r\n< 150 Opening BINARY mode data connection for cyberengine-2013-03-13-13-27-39\r\n} [data not shown]\r\n* Remembering we are in dir \"\"\r\n< 226 Transfer complete\r\n* Connection #0 to host 127.0.0.1 left intact\r\n> QUIT\r\n< 221 Goodbye.\r\n* Closing connection #0\r\n"], ["round", 3], ["server_id", 2], ["service_id", 11], ["team_id", 3], ["updated_at", 2013-03-13 13:27:40 -0400]]  [time:[33m5.2ms[0m]
2013-03-13 13:27:40.276 [[37mDEBUG[0m] - [32mCOMMIT[0m  [time:[33m3.9ms[0m]
2013-03-13 13:27:40.277  [[32mINFO[0m] - Finished check - Team: Example Blueteam - Server: Example Server - Service: FTP Upload - Address: 127.0.0.1 - Result: Passed
