2013-03-12 13:02:35.567 [[37mDEBUG[0m] - [32mSELECT[0m "teams".* [32mFROM[0m "teams" [32mWHERE[0m "teams"."name" = 'Whiteteam' [32mLIMIT[0m 1  [time:[33m0.6ms[0m]
2013-03-12 13:02:35.590 [[37mDEBUG[0m] - [32mSELECT[0m "services".* [32mFROM[0m "services" [32mWHERE[0m (name = 'DNS Forward' [32mAND[0m version = 'ipv4' [32mAND[0m protocol = 'dns' [32mAND[0m enabled = 't')  [time:[33m0.4ms[0m]
2013-03-12 13:02:35.605 [[37mDEBUG[0m] - [32mSELECT[0m "services".* [32mFROM[0m "services" [32mWHERE[0m (team_id = 1 [32mAND[0m name = 'DNS Forward' [32mAND[0m version = 'ipv4' [32mAND[0m protocol = 'dns' [32mAND[0m enabled = 'f') [32mLIMIT[0m 1  [time:[33m0.4ms[0m]
2013-03-12 13:03:43.470 [[37mDEBUG[0m] - [32mSELECT[0m "teams".* [32mFROM[0m "teams" [32mWHERE[0m "teams"."name" = 'Whiteteam' [32mLIMIT[0m 1  [time:[33m0.6ms[0m]
2013-03-12 13:03:43.493 [[37mDEBUG[0m] - [32mSELECT[0m "services".* [32mFROM[0m "services" [32mWHERE[0m (name = 'DNS Forward' [32mAND[0m version = 'ipv4' [32mAND[0m protocol = 'dns' [32mAND[0m enabled = 't')  [time:[33m0.4ms[0m]
2013-03-12 13:03:43.508 [[37mDEBUG[0m] - [32mSELECT[0m "services".* [32mFROM[0m "services" [32mWHERE[0m (team_id = 1 [32mAND[0m name = 'DNS Forward' [32mAND[0m version = 'ipv4' [32mAND[0m protocol = 'dns' [32mAND[0m enabled = 'f') [32mLIMIT[0m 1  [time:[33m0.4ms[0m]
2013-03-12 13:03:43.525 [[37mDEBUG[0m] - [32mSELECT[0m value [32mFROM[0m "properties" [32mWHERE[0m "properties"."service_id" = 3 [32mAND[0m (category = 'address') [32mAND[0m (property = 'ip' [32mOR[0m property = 'domain')  [time:[33m0.3ms[0m]
2013-03-12 13:03:43.541 [[37mDEBUG[0m] - [32mSELECT[0m "teams".* [32mFROM[0m "teams" [32mWHERE[0m "teams"."id" = 3 [32mLIMIT[0m 1  [time:[33m0.4ms[0m]
2013-03-12 13:03:43.548 [[37mDEBUG[0m] - [32mSELECT[0m "servers".* [32mFROM[0m "servers" [32mWHERE[0m "servers"."id" = 2 [32mLIMIT[0m 1  [time:[33m0.3ms[0m]
2013-03-12 13:03:43.556  [[32mINFO[0m] - Starting check - Team: Example Services Team - Server: All Services Server - Service: DNS Forward - Address: 127.0.0.1
2013-03-12 13:03:43.570 [[37mDEBUG[0m] - [32mSELECT[0m "users".* [32mFROM[0m "users" [32mWHERE[0m "users"."service_id" = 3 [32mORDER[0m [32mBY[0m RANDOM() [32mLIMIT[0m 1  [time:[33m0.5ms[0m]
2013-03-12 13:03:43.574 [[31mERROR[0m] - Exception NameError raised during check - Team: Example Services Team - Server: All Services Server - Service: DNS Forward
2013-03-12 13:03:43.574 [[31mERROR[0m] - Exception message: undefined local variable or method `globals' for main:Object
2013-03-12 13:03:43.574 [[31mERROR[0m] - Exception backtrace: ["checks/ipv4/ftp-download.rb:23:in `build_request'", "checks/ipv4/ftp-download.rb:68:in `block (2 levels) in <main>'", "checks/ipv4/ftp-download.rb:62:in `each'", "checks/ipv4/ftp-download.rb:62:in `block in <main>'", "checks/ipv4/ftp-download.rb:61:in `each'", "checks/ipv4/ftp-download.rb:61:in `<main>'"]
2013-03-12 13:04:10.108 [[37mDEBUG[0m] - [32mSELECT[0m "teams".* [32mFROM[0m "teams" [32mWHERE[0m "teams"."name" = 'Whiteteam' [32mLIMIT[0m 1  [time:[33m0.6ms[0m]
2013-03-12 13:04:10.131 [[37mDEBUG[0m] - [32mSELECT[0m "services".* [32mFROM[0m "services" [32mWHERE[0m (name = 'DNS Forward' [32mAND[0m version = 'ipv4' [32mAND[0m protocol = 'dns' [32mAND[0m enabled = 't')  [time:[33m0.4ms[0m]
2013-03-12 13:04:10.146 [[37mDEBUG[0m] - [32mSELECT[0m "services".* [32mFROM[0m "services" [32mWHERE[0m (team_id = 1 [32mAND[0m name = 'DNS Forward' [32mAND[0m version = 'ipv4' [32mAND[0m protocol = 'dns' [32mAND[0m enabled = 'f') [32mLIMIT[0m 1  [time:[33m0.4ms[0m]
2013-03-12 13:04:10.164 [[37mDEBUG[0m] - [32mSELECT[0m value [32mFROM[0m "properties" [32mWHERE[0m "properties"."service_id" = 3 [32mAND[0m (category = 'address') [32mAND[0m (property = 'ip' [32mOR[0m property = 'domain')  [time:[33m0.3ms[0m]
2013-03-12 13:04:10.180 [[37mDEBUG[0m] - [32mSELECT[0m "teams".* [32mFROM[0m "teams" [32mWHERE[0m "teams"."id" = 3 [32mLIMIT[0m 1  [time:[33m0.3ms[0m]
2013-03-12 13:04:10.187 [[37mDEBUG[0m] - [32mSELECT[0m "servers".* [32mFROM[0m "servers" [32mWHERE[0m "servers"."id" = 2 [32mLIMIT[0m 1  [time:[33m0.3ms[0m]
2013-03-12 13:04:10.194  [[32mINFO[0m] - Starting check - Team: Example Services Team - Server: All Services Server - Service: DNS Forward - Address: 127.0.0.1
2013-03-12 13:04:10.208 [[37mDEBUG[0m] - [32mSELECT[0m "users".* [32mFROM[0m "users" [32mWHERE[0m "users"."service_id" = 3 [32mORDER[0m [32mBY[0m RANDOM() [32mLIMIT[0m 1  [time:[33m0.4ms[0m]
2013-03-12 13:04:10.214 [[37mDEBUG[0m] - [32mSELECT[0m "users".* [32mFROM[0m "users" [32mWHERE[0m "users"."service_id" = 1 [32mORDER[0m [32mBY[0m RANDOM() [32mLIMIT[0m 1  [time:[33m0.3ms[0m]
2013-03-12 13:04:10.218 [[31mERROR[0m] - Exception NoMethodError raised during check - Team: Example Services Team - Server: All Services Server - Service: DNS Forward
2013-03-12 13:04:10.218 [[31mERROR[0m] - Exception message: undefined method `username' for nil:NilClass
2013-03-12 13:04:10.218 [[31mERROR[0m] - Exception backtrace: ["checks/ipv4/ftp-download.rb:23:in `build_request'", "checks/ipv4/ftp-download.rb:68:in `block (2 levels) in <main>'", "checks/ipv4/ftp-download.rb:62:in `each'", "checks/ipv4/ftp-download.rb:62:in `block in <main>'", "checks/ipv4/ftp-download.rb:61:in `each'", "checks/ipv4/ftp-download.rb:61:in `<main>'"]
2013-03-12 13:06:14.317 [[37mDEBUG[0m] - [32mSELECT[0m "teams".* [32mFROM[0m "teams" [32mWHERE[0m "teams"."name" = 'Whiteteam' [32mLIMIT[0m 1  [time:[33m0.6ms[0m]
2013-03-12 13:06:14.546 [[37mDEBUG[0m] - [32mSELECT[0m "services".* [32mFROM[0m "services" [32mWHERE[0m (name = 'DNS Forward' [32mAND[0m version = 'ipv4' [32mAND[0m protocol = 'dns' [32mAND[0m enabled = 't')  [time:[33m0.4ms[0m]
2013-03-12 13:06:14.695 [[37mDEBUG[0m] - [32mSELECT[0m "services".* [32mFROM[0m "services" [32mWHERE[0m (team_id = 1 [32mAND[0m name = 'DNS Forward' [32mAND[0m version = 'ipv4' [32mAND[0m protocol = 'dns' [32mAND[0m enabled = 'f') [32mLIMIT[0m 1  [time:[33m0.4ms[0m]
2013-03-12 13:06:14.873 [[37mDEBUG[0m] - [32mSELECT[0m value [32mFROM[0m "properties" [32mWHERE[0m "properties"."service_id" = 3 [32mAND[0m (category = 'address') [32mAND[0m (property = 'ip' [32mOR[0m property = 'domain')  [time:[33m0.3ms[0m]
2013-03-12 13:06:14.102 [[37mDEBUG[0m] - [32mSELECT[0m "teams".* [32mFROM[0m "teams" [32mWHERE[0m "teams"."id" = 3 [32mLIMIT[0m 1  [time:[33m0.4ms[0m]
2013-03-12 13:06:14.109 [[37mDEBUG[0m] - [32mSELECT[0m "servers".* [32mFROM[0m "servers" [32mWHERE[0m "servers"."id" = 2 [32mLIMIT[0m 1  [time:[33m0.2ms[0m]
2013-03-12 13:06:14.117  [[32mINFO[0m] - Starting check - Team: Example Services Team - Server: All Services Server - Service: DNS Forward - Address: 127.0.0.1
2013-03-12 13:06:14.131 [[37mDEBUG[0m] - [32mSELECT[0m "users".* [32mFROM[0m "users" [32mWHERE[0m "users"."service_id" = 3 [32mORDER[0m [32mBY[0m RANDOM() [32mLIMIT[0m 1  [time:[33m0.4ms[0m]
2013-03-12 13:06:14.136 [[37mDEBUG[0m] - [32mSELECT[0m "users".* [32mFROM[0m "users" [32mWHERE[0m "users"."service_id" = 1 [32mORDER[0m [32mBY[0m RANDOM() [32mLIMIT[0m 1  [time:[33m0.3ms[0m]
2013-03-12 13:06:14.140 [[31mERROR[0m] - Exception NoMethodError raised during check - Team: Example Services Team - Server: All Services Server - Service: DNS Forward
2013-03-12 13:06:14.140 [[31mERROR[0m] - Exception message: undefined method `username' for nil:NilClass
2013-03-12 13:06:14.140 [[31mERROR[0m] - Exception backtrace: ["checks/ipv4/ftp-download.rb:23:in `build_request'", "checks/ipv4/ftp-download.rb:68:in `block (2 levels) in <main>'", "checks/ipv4/ftp-download.rb:62:in `each'", "checks/ipv4/ftp-download.rb:62:in `block in <main>'", "checks/ipv4/ftp-download.rb:61:in `each'", "checks/ipv4/ftp-download.rb:61:in `<main>'"]
2013-03-12 13:17:33.768 [[37mDEBUG[0m] - [32mSELECT[0m "teams".* [32mFROM[0m "teams" [32mWHERE[0m "teams"."name" = 'Whiteteam' [32mLIMIT[0m 1  [time:[33m0.6ms[0m]
2013-03-12 13:17:33.791 [[37mDEBUG[0m] - [32mSELECT[0m "services".* [32mFROM[0m "services" [32mWHERE[0m (name = 'DNS Forward' [32mAND[0m version = 'ipv4' [32mAND[0m protocol = 'dns' [32mAND[0m enabled = 't')  [time:[33m0.4ms[0m]
2013-03-12 13:17:33.806 [[37mDEBUG[0m] - [32mSELECT[0m "services".* [32mFROM[0m "services" [32mWHERE[0m (team_id = 1 [32mAND[0m name = 'DNS Forward' [32mAND[0m version = 'ipv4' [32mAND[0m protocol = 'dns' [32mAND[0m enabled = 'f') [32mLIMIT[0m 1  [time:[33m0.4ms[0m]
2013-03-12 13:17:33.823 [[37mDEBUG[0m] - [32mSELECT[0m value [32mFROM[0m "properties" [32mWHERE[0m "properties"."service_id" = 3 [32mAND[0m (category = 'address') [32mAND[0m (property = 'ip' [32mOR[0m property = 'domain')  [time:[33m0.3ms[0m]
2013-03-12 13:17:33.839 [[37mDEBUG[0m] - [32mSELECT[0m "teams".* [32mFROM[0m "teams" [32mWHERE[0m "teams"."id" = 3 [32mLIMIT[0m 1  [time:[33m0.4ms[0m]
2013-03-12 13:17:33.846 [[37mDEBUG[0m] - [32mSELECT[0m "servers".* [32mFROM[0m "servers" [32mWHERE[0m "servers"."id" = 2 [32mLIMIT[0m 1  [time:[33m0.3ms[0m]
2013-03-12 13:17:33.853  [[32mINFO[0m] - Starting check - Team: Example Services Team - Server: All Services Server - Service: DNS Forward - Address: 127.0.0.1
2013-03-12 13:17:33.867 [[37mDEBUG[0m] - [32mSELECT[0m "users".* [32mFROM[0m "users" [32mWHERE[0m "users"."service_id" = 3 [32mORDER[0m [32mBY[0m RANDOM() [32mLIMIT[0m 1  [time:[33m0.4ms[0m]
2013-03-12 13:17:33.877 [[31mERROR[0m] - Exception NoMethodError raised during check - Team: Example Services Team - Server: All Services Server - Service: DNS Forward
2013-03-12 13:17:33.878 [[31mERROR[0m] - Exception message: undefined method `url_encode' for nil:NilClass
2013-03-12 13:17:33.878 [[31mERROR[0m] - Exception backtrace: ["checks/ipv4/ftp-download.rb:21:in `build_request'", "checks/ipv4/ftp-download.rb:68:in `block (2 levels) in <main>'", "checks/ipv4/ftp-download.rb:62:in `each'", "checks/ipv4/ftp-download.rb:62:in `block in <main>'", "checks/ipv4/ftp-download.rb:61:in `each'", "checks/ipv4/ftp-download.rb:61:in `<main>'"]
2013-03-12 19:03:02.927 [[37mDEBUG[0m] - [32mSELECT[0m "teams".* [32mFROM[0m "teams" [32mWHERE[0m "teams"."name" = 'Whiteteam' [32mLIMIT[0m 1  [time:[33m0.6ms[0m]
2013-03-12 19:03:02.950 [[37mDEBUG[0m] - [32mSELECT[0m "services".* [32mFROM[0m "services" [32mWHERE[0m (name = 'DNS Forward' [32mAND[0m version = 'ipv4' [32mAND[0m protocol = 'dns' [32mAND[0m enabled = 't')  [time:[33m0.4ms[0m]
2013-03-12 19:03:02.967 [[37mDEBUG[0m] - [32mSELECT[0m "services".* [32mFROM[0m "services" [32mWHERE[0m (team_id = 1 [32mAND[0m name = 'DNS Forward' [32mAND[0m version = 'ipv4' [32mAND[0m protocol = 'dns' [32mAND[0m enabled = 'f') [32mLIMIT[0m 1  [time:[33m0.5ms[0m]
2013-03-12 19:03:02.985 [[37mDEBUG[0m] - [32mSELECT[0m value [32mFROM[0m "properties" [32mWHERE[0m "properties"."service_id" = 3 [32mAND[0m (category = 'address') [32mAND[0m (property = 'ip' [32mOR[0m property = 'domain')  [time:[33m0.3ms[0m]
2013-03-12 19:03:03.291 [[37mDEBUG[0m] - [32mSELECT[0m "teams".* [32mFROM[0m "teams" [32mWHERE[0m "teams"."id" = 3 [32mLIMIT[0m 1  [time:[33m0.3ms[0m]
2013-03-12 19:03:03.101 [[37mDEBUG[0m] - [32mSELECT[0m "servers".* [32mFROM[0m "servers" [32mWHERE[0m "servers"."id" = 2 [32mLIMIT[0m 1  [time:[33m0.3ms[0m]
2013-03-12 19:03:03.285  [[32mINFO[0m] - Starting check - Team: Example Services Team - Server: All Services Server - Service: DNS Forward - Address: 127.0.0.1
2013-03-12 19:03:03.343 [[37mDEBUG[0m] - [32mSELECT[0m "users".* [32mFROM[0m "users" [32mWHERE[0m "users"."service_id" = 3 [32mORDER[0m [32mBY[0m RANDOM() [32mLIMIT[0m 1  [time:[33m0.4ms[0m]
2013-03-12 19:03:03.450 [[31mERROR[0m] - Exception NoMethodError raised during check - Team: Example Services Team - Server: All Services Server - Service: DNS Forward
2013-03-12 19:03:03.453 [[31mERROR[0m] - Exception message: undefined method `url_encode' for nil:NilClass
2013-03-12 19:03:03.455 [[31mERROR[0m] - Exception backtrace: ["checks/ipv4/ftp-download.rb:23:in `build_request'", "checks/ipv4/ftp-download.rb:68:in `block (2 levels) in <main>'", "checks/ipv4/ftp-download.rb:62:in `each'", "checks/ipv4/ftp-download.rb:62:in `block in <main>'", "checks/ipv4/ftp-download.rb:61:in `each'", "checks/ipv4/ftp-download.rb:61:in `<main>'"]
2013-03-12 19:05:43.745 [[37mDEBUG[0m] - [32mSELECT[0m "teams".* [32mFROM[0m "teams" [32mWHERE[0m "teams"."name" = 'Whiteteam' [32mLIMIT[0m 1  [time:[33m0.7ms[0m]
2013-03-12 19:05:43.769 [[37mDEBUG[0m] - [32mSELECT[0m "services".* [32mFROM[0m "services" [32mWHERE[0m (name = 'DNS Forward' [32mAND[0m version = 'ipv4' [32mAND[0m protocol = 'dns' [32mAND[0m enabled = 't')  [time:[33m0.4ms[0m]
2013-03-12 19:05:43.787 [[37mDEBUG[0m] - [32mSELECT[0m "services".* [32mFROM[0m "services" [32mWHERE[0m (team_id = 1 [32mAND[0m name = 'DNS Forward' [32mAND[0m version = 'ipv4' [32mAND[0m protocol = 'dns' [32mAND[0m enabled = 'f') [32mLIMIT[0m 1  [time:[33m0.6ms[0m]
2013-03-12 19:05:43.809 [[37mDEBUG[0m] - [32mSELECT[0m value [32mFROM[0m "properties" [32mWHERE[0m "properties"."service_id" = 3 [32mAND[0m (category = 'address') [32mAND[0m (property = 'ip' [32mOR[0m property = 'domain')  [time:[33m0.6ms[0m]
2013-03-12 19:05:43.827 [[37mDEBUG[0m] - [32mSELECT[0m "teams".* [32mFROM[0m "teams" [32mWHERE[0m "teams"."id" = 3 [32mLIMIT[0m 1  [time:[33m0.4ms[0m]
2013-03-12 19:05:43.835 [[37mDEBUG[0m] - [32mSELECT[0m "servers".* [32mFROM[0m "servers" [32mWHERE[0m "servers"."id" = 2 [32mLIMIT[0m 1  [time:[33m0.3ms[0m]
2013-03-12 19:05:43.843  [[32mINFO[0m] - Starting check - Team: Example Services Team - Server: All Services Server - Service: DNS Forward - Address: 127.0.0.1
2013-03-12 19:05:43.859 [[37mDEBUG[0m] - [32mSELECT[0m "users".* [32mFROM[0m "users" [32mWHERE[0m "users"."service_id" = 3 [32mORDER[0m [32mBY[0m RANDOM() [32mLIMIT[0m 1  [time:[33m0.5ms[0m]
2013-03-12 19:05:43.864 [[37mDEBUG[0m] - [32mSELECT[0m "users".* [32mFROM[0m "users" [32mWHERE[0m "users"."service_id" = 1 [32mORDER[0m [32mBY[0m RANDOM() [32mLIMIT[0m 1  [time:[33m0.3ms[0m]
2013-03-12 19:05:43.869 [[31mERROR[0m] - Exception RuntimeError raised during check - Team: Example Services Team - Server: All Services Server - Service: DNS Forward
2013-03-12 19:05:43.869 [[31mERROR[0m] - Exception message: Missing users
2013-03-12 19:05:43.869 [[31mERROR[0m] - Exception backtrace: ["checks/ipv4/ftp-download.rb:22:in `build_request'", "checks/ipv4/ftp-download.rb:68:in `block (2 levels) in <main>'", "checks/ipv4/ftp-download.rb:62:in `each'", "checks/ipv4/ftp-download.rb:62:in `block in <main>'", "checks/ipv4/ftp-download.rb:61:in `each'", "checks/ipv4/ftp-download.rb:61:in `<main>'"]
2013-03-12 19:12:51.247 [[37mDEBUG[0m] - [32mSELECT[0m "teams".* [32mFROM[0m "teams" [32mWHERE[0m "teams"."name" = 'Whiteteam' [32mLIMIT[0m 1  [time:[33m0.6ms[0m]
2013-03-12 19:12:51.479 [[37mDEBUG[0m] - [32mSELECT[0m "services".* [32mFROM[0m "services" [32mWHERE[0m (name = 'DNS Forward' [32mAND[0m version = 'ipv4' [32mAND[0m protocol = 'dns' [32mAND[0m enabled = 't')  [time:[33m0.4ms[0m]
2013-03-12 19:12:51.635 [[37mDEBUG[0m] - [32mSELECT[0m "services".* [32mFROM[0m "services" [32mWHERE[0m (team_id = 1 [32mAND[0m name = 'DNS Forward' [32mAND[0m version = 'ipv4' [32mAND[0m protocol = 'dns' [32mAND[0m enabled = 'f') [32mLIMIT[0m 1  [time:[33m0.5ms[0m]
2013-03-12 19:12:51.813 [[37mDEBUG[0m] - [32mSELECT[0m value [32mFROM[0m "properties" [32mWHERE[0m "properties"."service_id" = 3 [32mAND[0m (category = 'address') [32mAND[0m (property = 'ip' [32mOR[0m property = 'domain')  [time:[33m0.3ms[0m]
2013-03-12 19:12:51.980 [[37mDEBUG[0m] - [32mSELECT[0m "teams".* [32mFROM[0m "teams" [32mWHERE[0m "teams"."id" = 3 [32mLIMIT[0m 1  [time:[33m0.4ms[0m]
2013-03-12 19:12:51.105 [[37mDEBUG[0m] - [32mSELECT[0m "servers".* [32mFROM[0m "servers" [32mWHERE[0m "servers"."id" = 2 [32mLIMIT[0m 1  [time:[33m0.2ms[0m]
2013-03-12 19:12:51.122  [[32mINFO[0m] - Starting check - Team: Example Blueteam - Server: Example Server - Service: DNS Forward - Address: 127.0.0.1
2013-03-12 19:12:51.129 [[37mDEBUG[0m] - [32mSELECT[0m "users".* [32mFROM[0m "users" [32mWHERE[0m "users"."service_id" = 3 [32mORDER[0m [32mBY[0m RANDOM() [32mLIMIT[0m 1  [time:[33m0.6ms[0m]
2013-03-12 19:12:51.134 [[37mDEBUG[0m] - [32mSELECT[0m "users".* [32mFROM[0m "users" [32mWHERE[0m "users"."service_id" = 1 [32mORDER[0m [32mBY[0m RANDOM() [32mLIMIT[0m 1  [time:[33m0.3ms[0m]
2013-03-12 19:12:51.138 [[31mERROR[0m] - Exception RuntimeError raised during check - Team: Example Blueteam - Server: Example Server - Service: DNS Forward
2013-03-12 19:12:51.139 [[31mERROR[0m] - Exception message: Missing users
2013-03-12 19:12:51.139 [[31mERROR[0m] - Exception backtrace: ["checks/ipv4/ftp-download.rb:22:in `build_request'", "checks/ipv4/ftp-download.rb:68:in `block (2 levels) in <main>'", "checks/ipv4/ftp-download.rb:62:in `each'", "checks/ipv4/ftp-download.rb:62:in `block in <main>'", "checks/ipv4/ftp-download.rb:61:in `each'", "checks/ipv4/ftp-download.rb:61:in `<main>'"]
2013-03-12 19:13:20.670 [[37mDEBUG[0m] - [32mSELECT[0m "teams".* [32mFROM[0m "teams" [32mWHERE[0m "teams"."name" = 'Whiteteam' [32mLIMIT[0m 1  [time:[33m0.6ms[0m]
2013-03-12 19:13:20.694 [[37mDEBUG[0m] - [32mSELECT[0m "services".* [32mFROM[0m "services" [32mWHERE[0m (name = 'FTP Download' [32mAND[0m version = 'ipv4' [32mAND[0m protocol = 'dns' [32mAND[0m enabled = 't')  [time:[33m0.4ms[0m]
2013-03-12 19:13:20.701 [[37mDEBUG[0m] - [32mSELECT[0m "services".* [32mFROM[0m "services" [32mWHERE[0m (team_id = 1 [32mAND[0m name = 'FTP Download' [32mAND[0m version = 'ipv4' [32mAND[0m protocol = 'dns' [32mAND[0m enabled = 'f') [32mLIMIT[0m 1  [time:[33m0.5ms[0m]
2013-03-12 19:13:39.604 [[37mDEBUG[0m] - [32mSELECT[0m "teams".* [32mFROM[0m "teams" [32mWHERE[0m "teams"."name" = 'Whiteteam' [32mLIMIT[0m 1  [time:[33m0.6ms[0m]
2013-03-12 19:13:39.628 [[37mDEBUG[0m] - [32mSELECT[0m "services".* [32mFROM[0m "services" [32mWHERE[0m (name = 'FTP Download' [32mAND[0m version = 'ipv4' [32mAND[0m protocol = 'dns' [32mAND[0m enabled = 't')  [time:[33m0.4ms[0m]
2013-03-12 19:13:39.635 [[37mDEBUG[0m] - [32mSELECT[0m "services".* [32mFROM[0m "services" [32mWHERE[0m (team_id = 1 [32mAND[0m name = 'FTP Download' [32mAND[0m version = 'ipv4' [32mAND[0m protocol = 'dns' [32mAND[0m enabled = 'f') [32mLIMIT[0m 1  [time:[33m0.5ms[0m]
2013-03-12 19:13:50.354 [[37mDEBUG[0m] - [32mSELECT[0m "teams".* [32mFROM[0m "teams" [32mWHERE[0m "teams"."name" = 'Whiteteam' [32mLIMIT[0m 1  [time:[33m0.6ms[0m]
2013-03-12 19:13:50.377 [[37mDEBUG[0m] - [32mSELECT[0m "services".* [32mFROM[0m "services" [32mWHERE[0m (name = 'FTP Download' [32mAND[0m version = 'ipv4' [32mAND[0m protocol = 'ftp' [32mAND[0m enabled = 't')  [time:[33m0.4ms[0m]
2013-03-12 19:13:50.394 [[37mDEBUG[0m] - [32mSELECT[0m "services".* [32mFROM[0m "services" [32mWHERE[0m (team_id = 1 [32mAND[0m name = 'FTP Download' [32mAND[0m version = 'ipv4' [32mAND[0m protocol = 'ftp' [32mAND[0m enabled = 'f') [32mLIMIT[0m 1  [time:[33m0.6ms[0m]
2013-03-12 19:13:50.412 [[37mDEBUG[0m] - [32mSELECT[0m value [32mFROM[0m "properties" [32mWHERE[0m "properties"."service_id" = 4 [32mAND[0m (category = 'address') [32mAND[0m (property = 'ip' [32mOR[0m property = 'domain')  [time:[33m0.4ms[0m]
2013-03-12 19:13:50.430 [[37mDEBUG[0m] - [32mSELECT[0m "teams".* [32mFROM[0m "teams" [32mWHERE[0m "teams"."id" = 3 [32mLIMIT[0m 1  [time:[33m0.4ms[0m]
2013-03-12 19:13:50.437 [[37mDEBUG[0m] - [32mSELECT[0m "servers".* [32mFROM[0m "servers" [32mWHERE[0m "servers"."id" = 2 [32mLIMIT[0m 1  [time:[33m0.3ms[0m]
2013-03-12 19:13:50.445  [[32mINFO[0m] - Starting check - Team: Example Blueteam - Server: Example Server - Service: FTP Download - Address: 127.0.0.1
2013-03-12 19:13:50.462 [[37mDEBUG[0m] - [32mSELECT[0m "users".* [32mFROM[0m "users" [32mWHERE[0m "users"."service_id" = 4 [32mORDER[0m [32mBY[0m RANDOM() [32mLIMIT[0m 1  [time:[33m0.7ms[0m]
2013-03-12 19:13:50.474 [[37mDEBUG[0m] - [32mSELECT[0m "properties".* [32mFROM[0m "properties" [32mWHERE[0m "properties"."service_id" = 4 [32mAND[0m (category = 'random' [32mAND[0m property = 'filename') [32mORDER[0m [32mBY[0m RANDOM() [32mLIMIT[0m 1  [time:[33m0.4ms[0m]
2013-03-12 19:13:50.482 [[37mDEBUG[0m] - [32mSELECT[0m "properties".* [32mFROM[0m "properties" [32mWHERE[0m "properties"."service_id" = 4 [32mAND[0m (category = 'answer' [32mAND[0m property = 'each-line-regex') [32mLIMIT[0m 1  [time:[33m0.4ms[0m]
2013-03-12 19:13:50.489 [[37mDEBUG[0m] - [32mSELECT[0m "properties".* [32mFROM[0m "properties" [32mWHERE[0m "properties"."service_id" = 2 [32mAND[0m (category = 'answer' [32mAND[0m property = 'each-line-regex') [32mLIMIT[0m 1  [time:[33m0.4ms[0m]
2013-03-12 19:13:50.496 [[37mDEBUG[0m] - [32mSELECT[0m "properties".* [32mFROM[0m "properties" [32mWHERE[0m "properties"."service_id" = 4 [32mAND[0m (category = 'answer' [32mAND[0m property = 'full-text-regex') [32mLIMIT[0m 1  [time:[33m0.4ms[0m]
2013-03-12 19:13:50.504 [[37mDEBUG[0m] - [32mSELECT[0m "properties".* [32mFROM[0m "properties" [32mWHERE[0m "properties"."service_id" = 2 [32mAND[0m (category = 'answer' [32mAND[0m property = 'full-text-regex') [32mLIMIT[0m 1  [time:[33m0.4ms[0m]
2013-03-12 19:13:50.513 [[37mDEBUG[0m] - [32mSELECT[0m "properties".* [32mFROM[0m "properties" [32mWHERE[0m "properties"."service_id" = 4 [32mAND[0m (category = 'option' [32mAND[0m property = 'timeout') [32mLIMIT[0m 1  [time:[33m0.5ms[0m]
2013-03-12 19:13:50.520 [[37mDEBUG[0m] - [32mSELECT[0m "properties".* [32mFROM[0m "properties" [32mWHERE[0m "properties"."service_id" = 2 [32mAND[0m (category = 'option' [32mAND[0m property = 'timeout') [32mLIMIT[0m 1  [time:[33m0.3ms[0m]
2013-03-12 19:13:50.761 [[37mDEBUG[0m] - [32mSELECT[0m "checks".* [32mFROM[0m "checks" [32mWHERE[0m "checks"."service_id" = 4 [32mORDER[0m [32mBY[0m round [32mDESC[0m [32mLIMIT[0m 1  [time:[33m0.9ms[0m]
2013-03-12 19:13:50.775 [[37mDEBUG[0m] - [32mBEGIN[0m  [time:[33m0.1ms[0m]
2013-03-12 19:13:50.779 [[37mDEBUG[0m] - [32mSELECT[0m "teams".* [32mFROM[0m "teams" [32mWHERE[0m "teams"."id" = 3 [32mLIMIT[0m 1  [time:[33m0.4ms[0m]
2013-03-12 19:13:50.784 [[37mDEBUG[0m] - [32mSELECT[0m "servers".* [32mFROM[0m "servers" [32mWHERE[0m "servers"."id" = 2 [32mLIMIT[0m 1  [time:[33m0.3ms[0m]
2013-03-12 19:13:50.788 [[37mDEBUG[0m] - [32mSELECT[0m "services".* [32mFROM[0m "services" [32mWHERE[0m "services"."id" = 4 [32mLIMIT[0m 1  [time:[33m0.3ms[0m]
2013-03-12 19:13:50.793 [[37mDEBUG[0m] - [32mSELECT[0m "teams".* [32mFROM[0m "teams" [32mWHERE[0m "teams"."id" = 3 [32mLIMIT[0m 1  [time:[33m0.4ms[0m]
2013-03-12 19:13:50.798 [[37mDEBUG[0m] - [32mSELECT[0m "servers".* [32mFROM[0m "servers" [32mWHERE[0m "servers"."id" = 2 [32mLIMIT[0m 1  [time:[33m0.3ms[0m]
2013-03-12 19:13:50.817 [[37mDEBUG[0m] - [32mSELECT[0m "services".* [32mFROM[0m "services" [32mWHERE[0m "services"."id" = 4 [32mLIMIT[0m 1  [time:[33m0.4ms[0m]
2013-03-12 19:13:50.823 [[37mDEBUG[0m] - [32mSQL[0m [32mINSERT[0m [32mINTO[0m "checks" ("created_at", "passed", "request", "response", "round", "server_id", "service_id", "team_id", "updated_at") [32mVALUES[0m ($1, $2, $3, $4, $5, $6, $7, $8, $9) [32mRETURNING[0m "id"[["created_at", 2013-03-12 19:13:50 -0400], ["passed", true], ["request", "curl -s -S -4 -v --ftp-pasv ftp://test:test@127.0.0.1/cyberengine"], ["response", "* About to connect() to 127.0.0.1 port 21 (#0)\r\n*   Trying 127.0.0.1... connected\r\n* Connected to 127.0.0.1 (127.0.0.1) port 21 (#0)\r\n< 220 FTP Server ready.\r\n> USER test\r\n< 331 Password required for test\r\n> PASS test\r\n< 230 User test logged in\r\n> PWD\r\n< 257 \"/\" is the current directory\r\n* Entry path is '/'\r\n> EPSV\r\n* Connect data stream passively\r\n< 229 Entering Extended Passive Mode (|||60253|)\r\n*   Trying 127.0.0.1... connected\r\n* Connecting to 127.0.0.1 (127.0.0.1) port 60253\r\n> TYPE I\r\n< 200 Type set to I\r\n> SIZE cyberengine\r\n< 213 5\r\n> RETR cyberengine\r\n< 150 Opening BINARY mode data connection for cyberengine (5 bytes)\r\n* Maxdownload = -1\r\n* Getting file with size: 5\r\nblah\r\n* Remembering we are in dir \"\"\r\n< 226 Transfer complete\r\n* Connection #0 to host 127.0.0.1 left intact\r\n> QUIT\r\n< 221 Goodbye.\r\n* Closing connection #0\r\n"], ["round", 1], ["server_id", 2], ["service_id", 4], ["team_id", 3], ["updated_at", 2013-03-12 19:13:50 -0400]]  [time:[33m1.0ms[0m]
2013-03-12 19:13:50.839 [[37mDEBUG[0m] - [32mCOMMIT[0m  [time:[33m7.8ms[0m]
2013-03-12 19:13:50.840  [[32mINFO[0m] - Finished check - Team: Example Blueteam - Server: Example Server - Service: FTP Download - Address: 127.0.0.1 - Result: Passed
2013-03-13 12:49:21.223 [[37mDEBUG[0m] - [32mSELECT[0m "teams".* [32mFROM[0m "teams" [32mWHERE[0m "teams"."name" = 'Whiteteam' [32mLIMIT[0m 1  [time:[33m9.3ms[0m]
2013-03-13 12:49:21.356 [[37mDEBUG[0m] - [32mSELECT[0m "teams".* [32mFROM[0m "teams" [32mWHERE[0m "teams"."color" = 'Blue'  [time:[33m5.8ms[0m]
2013-03-13 12:49:21.527 [[37mDEBUG[0m] - [32mSELECT[0m "services".* [32mFROM[0m "services" [32mWHERE[0m (team_id [32mIN[0m (3) [32mAND[0m name = 'FTP Download' [32mAND[0m version = 'ipv4' [32mAND[0m protocol = 'ftp' [32mAND[0m enabled = 't')  [time:[33m9.8ms[0m]
2013-03-13 12:49:21.719 [[37mDEBUG[0m] - [32mSELECT[0m "services".* [32mFROM[0m "services" [32mWHERE[0m (team_id = 1 [32mAND[0m name = 'FTP Download' [32mAND[0m version = 'ipv4' [32mAND[0m protocol = 'ftp' [32mAND[0m enabled = 'f') [32mLIMIT[0m 1  [time:[33m7.3ms[0m]
2013-03-13 12:49:21.878 [[37mDEBUG[0m] - [32mSELECT[0m value [32mFROM[0m "properties" [32mWHERE[0m "properties"."service_id" = 10 [32mAND[0m (category = 'address') [32mAND[0m (property = 'ip' [32mOR[0m property = 'domain')  [time:[33m3.0ms[0m]
2013-03-13 12:49:22.427 [[37mDEBUG[0m] - [32mSELECT[0m "teams".* [32mFROM[0m "teams" [32mWHERE[0m "teams"."id" = 3 [32mLIMIT[0m 1  [time:[33m1.8ms[0m]
2013-03-13 12:49:22.927 [[37mDEBUG[0m] - [32mSELECT[0m "servers".* [32mFROM[0m "servers" [32mWHERE[0m "servers"."id" = 2 [32mLIMIT[0m 1  [time:[33m2.5ms[0m]
2013-03-13 12:49:22.257  [[32mINFO[0m] - Starting check - Team: Example Blueteam - Server: Example Server - Service: FTP Download - Address: 127.0.0.1
2013-03-13 12:49:22.290 [[37mDEBUG[0m] - [32mSELECT[0m "users".* [32mFROM[0m "users" [32mWHERE[0m "users"."service_id" = 10 [32mORDER[0m [32mBY[0m RANDOM() [32mLIMIT[0m 1  [time:[33m5.5ms[0m]
2013-03-13 12:49:22.414 [[37mDEBUG[0m] - [32mSELECT[0m "properties".* [32mFROM[0m "properties" [32mWHERE[0m "properties"."service_id" = 10 [32mAND[0m (category = 'random' [32mAND[0m property = 'filename') [32mORDER[0m [32mBY[0m RANDOM() [32mLIMIT[0m 1  [time:[33m1.9ms[0m]
2013-03-13 12:49:22.479 [[37mDEBUG[0m] - [32mSELECT[0m "properties".* [32mFROM[0m "properties" [32mWHERE[0m "properties"."service_id" = 3 [32mAND[0m (category = 'random' [32mAND[0m property = 'filename') [32mORDER[0m [32mBY[0m RANDOM() [32mLIMIT[0m 1  [time:[33m6.7ms[0m]
2013-03-13 12:49:22.545 [[37mDEBUG[0m] - [32mSELECT[0m "properties".* [32mFROM[0m "properties" [32mWHERE[0m "properties"."service_id" = 10 [32mAND[0m (category = 'answer' [32mAND[0m property = 'each-line-regex') [32mLIMIT[0m 1  [time:[33m5.3ms[0m]
2013-03-13 12:49:22.603 [[37mDEBUG[0m] - [32mSELECT[0m "properties".* [32mFROM[0m "properties" [32mWHERE[0m "properties"."service_id" = 3 [32mAND[0m (category = 'answer' [32mAND[0m property = 'each-line-regex') [32mLIMIT[0m 1  [time:[33m5.9ms[0m]
2013-03-13 12:49:22.658 [[37mDEBUG[0m] - [32mSELECT[0m "properties".* [32mFROM[0m "properties" [32mWHERE[0m "properties"."service_id" = 10 [32mAND[0m (category = 'answer' [32mAND[0m property = 'full-text-regex') [32mLIMIT[0m 1  [time:[33m6.8ms[0m]
2013-03-13 12:49:22.714 [[37mDEBUG[0m] - [32mSELECT[0m "properties".* [32mFROM[0m "properties" [32mWHERE[0m "properties"."service_id" = 3 [32mAND[0m (category = 'answer' [32mAND[0m property = 'full-text-regex') [32mLIMIT[0m 1  [time:[33m6.4ms[0m]
2013-03-13 12:49:22.773 [[37mDEBUG[0m] - [32mSELECT[0m "properties".* [32mFROM[0m "properties" [32mWHERE[0m "properties"."service_id" = 10 [32mAND[0m (category = 'option' [32mAND[0m property = 'timeout') [32mLIMIT[0m 1  [time:[33m5.9ms[0m]
2013-03-13 12:49:22.840 [[37mDEBUG[0m] - [32mSELECT[0m "properties".* [32mFROM[0m "properties" [32mWHERE[0m "properties"."service_id" = 3 [32mAND[0m (category = 'option' [32mAND[0m property = 'timeout') [32mLIMIT[0m 1  [time:[33m3.5ms[0m]
2013-03-13 12:49:22.874 [[37mDEBUG[0m] - Command: curl -s -S -4 -v --ftp-pasv ftp://test:test@127.0.0.1/cyberengine
2013-03-13 12:49:22.874 [[37mDEBUG[0m] - Timeout: 30.0
2013-03-13 12:49:22.891 [[37mDEBUG[0m] - PID: 1600
2013-03-13 12:49:22.920 [[37mDEBUG[0m] - [32mSELECT[0m "checks".* [32mFROM[0m "checks" [32mWHERE[0m "checks"."service_id" = 10 [32mORDER[0m [32mBY[0m round [32mDESC[0m [32mLIMIT[0m 1  [time:[33m3.4ms[0m]
2013-03-13 12:49:23.337 [[37mDEBUG[0m] - [32mBEGIN[0m  [time:[33m7.3ms[0m]
2013-03-13 12:49:23.567 [[37mDEBUG[0m] - [32mSELECT[0m "teams".* [32mFROM[0m "teams" [32mWHERE[0m "teams"."id" = 3 [32mLIMIT[0m 1  [time:[33m2.8ms[0m]
2013-03-13 12:49:23.101 [[37mDEBUG[0m] - [32mSELECT[0m "servers".* [32mFROM[0m "servers" [32mWHERE[0m "servers"."id" = 2 [32mLIMIT[0m 1  [time:[33m4.3ms[0m]
2013-03-13 12:49:23.229 [[37mDEBUG[0m] - [32mSELECT[0m "services".* [32mFROM[0m "services" [32mWHERE[0m "services"."id" = 10 [32mLIMIT[0m 1  [time:[33m6.0ms[0m]
2013-03-13 12:49:23.260 [[37mDEBUG[0m] - [32mSELECT[0m "teams".* [32mFROM[0m "teams" [32mWHERE[0m "teams"."id" = 3 [32mLIMIT[0m 1  [time:[33m7.1ms[0m]
2013-03-13 12:49:23.291 [[37mDEBUG[0m] - [32mSELECT[0m "servers".* [32mFROM[0m "servers" [32mWHERE[0m "servers"."id" = 2 [32mLIMIT[0m 1  [time:[33m6.4ms[0m]
2013-03-13 12:49:23.320 [[37mDEBUG[0m] - [32mSELECT[0m "services".* [32mFROM[0m "services" [32mWHERE[0m "services"."id" = 10 [32mLIMIT[0m 1  [time:[33m5.0ms[0m]
2013-03-13 12:49:23.349 [[37mDEBUG[0m] - [32mSQL[0m [32mINSERT[0m [32mINTO[0m "checks" ("created_at", "passed", "request", "response", "round", "server_id", "service_id", "team_id", "updated_at") [32mVALUES[0m ($1, $2, $3, $4, $5, $6, $7, $8, $9) [32mRETURNING[0m "id"[["created_at", 2013-03-13 12:49:23 -0400], ["passed", false], ["request", "curl -s -S -4 -v --ftp-pasv ftp://test:test@127.0.0.1/cyberengine"], ["response", "* About to connect() to 127.0.0.1 port 21 (#0)\r\n*   Trying 127.0.0.1... Connection refused\r\n* couldn't connect to host\r\n* Closing connection #0\r\ncurl: (7) couldn't connect to host\r\n"], ["round", 1], ["server_id", 2], ["service_id", 10], ["team_id", 3], ["updated_at", 2013-03-13 12:49:23 -0400]]  [time:[33m7.5ms[0m]
2013-03-13 12:49:23.484 [[37mDEBUG[0m] - [32mCOMMIT[0m  [time:[33m97.3ms[0m]
2013-03-13 12:49:23.485  [[32mINFO[0m] - Finished check - Team: Example Blueteam - Server: Example Server - Service: FTP Download - Address: 127.0.0.1 - Result: Failed
2013-03-13 12:49:58.492 [[37mDEBUG[0m] - [32mSELECT[0m "teams".* [32mFROM[0m "teams" [32mWHERE[0m "teams"."name" = 'Whiteteam' [32mLIMIT[0m 1  [time:[33m4.5ms[0m]
2013-03-13 12:49:58.584 [[37mDEBUG[0m] - [32mSELECT[0m "teams".* [32mFROM[0m "teams" [32mWHERE[0m "teams"."color" = 'Blue'  [time:[33m8.2ms[0m]
2013-03-13 12:49:58.730 [[37mDEBUG[0m] - [32mSELECT[0m "services".* [32mFROM[0m "services" [32mWHERE[0m (team_id [32mIN[0m (3) [32mAND[0m name = 'FTP Download' [32mAND[0m version = 'ipv4' [32mAND[0m protocol = 'ftp' [32mAND[0m enabled = 't')  [time:[33m3.4ms[0m]
2013-03-13 12:49:58.890 [[37mDEBUG[0m] - [32mSELECT[0m "services".* [32mFROM[0m "services" [32mWHERE[0m (team_id = 1 [32mAND[0m name = 'FTP Download' [32mAND[0m version = 'ipv4' [32mAND[0m protocol = 'ftp' [32mAND[0m enabled = 'f') [32mLIMIT[0m 1  [time:[33m7.2ms[0m]
2013-03-13 12:49:59.507 [[37mDEBUG[0m] - [32mSELECT[0m value [32mFROM[0m "properties" [32mWHERE[0m "properties"."service_id" = 10 [32mAND[0m (category = 'address') [32mAND[0m (property = 'ip' [32mOR[0m property = 'domain')  [time:[33m3.6ms[0m]
2013-03-13 12:49:59.209 [[37mDEBUG[0m] - [32mSELECT[0m "teams".* [32mFROM[0m "teams" [32mWHERE[0m "teams"."id" = 3 [32mLIMIT[0m 1  [time:[33m3.7ms[0m]
2013-03-13 12:49:59.264 [[37mDEBUG[0m] - [32mSELECT[0m "servers".* [32mFROM[0m "servers" [32mWHERE[0m "servers"."id" = 2 [32mLIMIT[0m 1  [time:[33m1.5ms[0m]
2013-03-13 12:49:59.423  [[32mINFO[0m] - Starting check - Team: Example Blueteam - Server: Example Server - Service: FTP Download - Address: 127.0.0.1
2013-03-13 12:49:59.457 [[37mDEBUG[0m] - [32mSELECT[0m "users".* [32mFROM[0m "users" [32mWHERE[0m "users"."service_id" = 10 [32mORDER[0m [32mBY[0m RANDOM() [32mLIMIT[0m 1  [time:[33m3.5ms[0m]
2013-03-13 12:49:59.573 [[37mDEBUG[0m] - [32mSELECT[0m "properties".* [32mFROM[0m "properties" [32mWHERE[0m "properties"."service_id" = 10 [32mAND[0m (category = 'random' [32mAND[0m property = 'filename') [32mORDER[0m [32mBY[0m RANDOM() [32mLIMIT[0m 1  [time:[33m1.5ms[0m]
2013-03-13 12:49:59.641 [[37mDEBUG[0m] - [32mSELECT[0m "properties".* [32mFROM[0m "properties" [32mWHERE[0m "properties"."service_id" = 3 [32mAND[0m (category = 'random' [32mAND[0m property = 'filename') [32mORDER[0m [32mBY[0m RANDOM() [32mLIMIT[0m 1  [time:[33m2.3ms[0m]
2013-03-13 12:49:59.707 [[37mDEBUG[0m] - [32mSELECT[0m "properties".* [32mFROM[0m "properties" [32mWHERE[0m "properties"."service_id" = 10 [32mAND[0m (category = 'answer' [32mAND[0m property = 'each-line-regex') [32mLIMIT[0m 1  [time:[33m5.6ms[0m]
2013-03-13 12:49:59.771 [[37mDEBUG[0m] - [32mSELECT[0m "properties".* [32mFROM[0m "properties" [32mWHERE[0m "properties"."service_id" = 3 [32mAND[0m (category = 'answer' [32mAND[0m property = 'each-line-regex') [32mLIMIT[0m 1  [time:[33m5.1ms[0m]
2013-03-13 12:49:59.831 [[37mDEBUG[0m] - [32mSELECT[0m "properties".* [32mFROM[0m "properties" [32mWHERE[0m "properties"."service_id" = 10 [32mAND[0m (category = 'answer' [32mAND[0m property = 'full-text-regex') [32mLIMIT[0m 1  [time:[33m5.5ms[0m]
2013-03-13 12:49:59.887 [[37mDEBUG[0m] - [32mSELECT[0m "properties".* [32mFROM[0m "properties" [32mWHERE[0m "properties"."service_id" = 3 [32mAND[0m (category = 'answer' [32mAND[0m property = 'full-text-regex') [32mLIMIT[0m 1  [time:[33m6.4ms[0m]
2013-03-13 12:49:59.951 [[37mDEBUG[0m] - [32mSELECT[0m "properties".* [32mFROM[0m "properties" [32mWHERE[0m "properties"."service_id" = 10 [32mAND[0m (category = 'option' [32mAND[0m property = 'timeout') [32mLIMIT[0m 1  [time:[33m4.7ms[0m]
2013-03-13 12:50:00.158 [[37mDEBUG[0m] - [32mSELECT[0m "properties".* [32mFROM[0m "properties" [32mWHERE[0m "properties"."service_id" = 3 [32mAND[0m (category = 'option' [32mAND[0m property = 'timeout') [32mLIMIT[0m 1  [time:[33m7.6ms[0m]
2013-03-13 12:50:00.647 [[37mDEBUG[0m] - Command: curl -s -S -4 -v --ftp-pasv ftp://test:test@127.0.0.1/cyberengine
2013-03-13 12:50:00.648 [[37mDEBUG[0m] - Timeout: 30.0
2013-03-13 12:50:00.826 [[37mDEBUG[0m] - PID: 1707
2013-03-13 12:50:00.120 [[37mDEBUG[0m] - [32mSELECT[0m "checks".* [32mFROM[0m "checks" [32mWHERE[0m "checks"."service_id" = 10 [32mORDER[0m [32mBY[0m round [32mDESC[0m [32mLIMIT[0m 1  [time:[33m5.3ms[0m]
2013-03-13 12:50:00.262 [[37mDEBUG[0m] - [32mBEGIN[0m  [time:[33m4.8ms[0m]
2013-03-13 12:50:00.292 [[37mDEBUG[0m] - [32mSELECT[0m "teams".* [32mFROM[0m "teams" [32mWHERE[0m "teams"."id" = 3 [32mLIMIT[0m 1  [time:[33m6.2ms[0m]
2013-03-13 12:50:00.328 [[37mDEBUG[0m] - [32mSELECT[0m "servers".* [32mFROM[0m "servers" [32mWHERE[0m "servers"."id" = 2 [32mLIMIT[0m 1  [time:[33m10.7ms[0m]
2013-03-13 12:50:00.468 [[37mDEBUG[0m] - [32mSELECT[0m "services".* [32mFROM[0m "services" [32mWHERE[0m "services"."id" = 10 [32mLIMIT[0m 1  [time:[33m5.8ms[0m]
2013-03-13 12:50:00.505 [[37mDEBUG[0m] - [32mSELECT[0m "teams".* [32mFROM[0m "teams" [32mWHERE[0m "teams"."id" = 3 [32mLIMIT[0m 1  [time:[33m8.8ms[0m]
2013-03-13 12:50:00.537 [[37mDEBUG[0m] - [32mSELECT[0m "servers".* [32mFROM[0m "servers" [32mWHERE[0m "servers"."id" = 2 [32mLIMIT[0m 1  [time:[33m9.2ms[0m]
2013-03-13 12:50:00.567 [[37mDEBUG[0m] - [32mSELECT[0m "services".* [32mFROM[0m "services" [32mWHERE[0m "services"."id" = 10 [32mLIMIT[0m 1  [time:[33m0.3ms[0m]
2013-03-13 12:50:00.607 [[37mDEBUG[0m] - [32mSQL[0m [32mINSERT[0m [32mINTO[0m "checks" ("created_at", "passed", "request", "response", "round", "server_id", "service_id", "team_id", "updated_at") [32mVALUES[0m ($1, $2, $3, $4, $5, $6, $7, $8, $9) [32mRETURNING[0m "id"[["created_at", 2013-03-13 12:50:00 -0400], ["passed", false], ["request", "curl -s -S -4 -v --ftp-pasv ftp://test:test@127.0.0.1/cyberengine"], ["response", "* About to connect() to 127.0.0.1 port 21 (#0)\r\n*   Trying 127.0.0.1... Connection refused\r\n* couldn't connect to host\r\n* Closing connection #0\r\ncurl: (7) couldn't connect to host\r\n"], ["round", 2], ["server_id", 2], ["service_id", 10], ["team_id", 3], ["updated_at", 2013-03-13 12:50:00 -0400]]  [time:[33m4.1ms[0m]
2013-03-13 12:50:00.669 [[37mDEBUG[0m] - [32mCOMMIT[0m  [time:[33m5.8ms[0m]
2013-03-13 12:50:00.671  [[32mINFO[0m] - Finished check - Team: Example Blueteam - Server: Example Server - Service: FTP Download - Address: 127.0.0.1 - Result: Failed
2013-03-13 13:14:18.222 [[37mDEBUG[0m] - [32mSELECT[0m "teams".* [32mFROM[0m "teams" [32mWHERE[0m "teams"."name" = 'Whiteteam' [32mLIMIT[0m 1  [time:[33m3.6ms[0m]
2013-03-13 13:14:18.319 [[37mDEBUG[0m] - [32mSELECT[0m "teams".* [32mFROM[0m "teams" [32mWHERE[0m "teams"."color" = 'Blue'  [time:[33m9.5ms[0m]
2013-03-13 13:14:18.465 [[37mDEBUG[0m] - [32mSELECT[0m "services".* [32mFROM[0m "services" [32mWHERE[0m (team_id [32mIN[0m (3) [32mAND[0m name = 'FTP Download' [32mAND[0m version = 'ipv4' [32mAND[0m protocol = 'ftp' [32mAND[0m enabled = 't')  [time:[33m6.4ms[0m]
2013-03-13 13:14:18.631 [[37mDEBUG[0m] - [32mSELECT[0m "services".* [32mFROM[0m "services" [32mWHERE[0m (team_id = 1 [32mAND[0m name = 'FTP Download' [32mAND[0m version = 'ipv4' [32mAND[0m protocol = 'ftp' [32mAND[0m enabled = 'f') [32mLIMIT[0m 1  [time:[33m3.4ms[0m]
2013-03-13 13:14:18.798 [[37mDEBUG[0m] - [32mSELECT[0m value [32mFROM[0m "properties" [32mWHERE[0m "properties"."service_id" = 10 [32mAND[0m (category = 'address') [32mAND[0m (property = 'ip' [32mOR[0m property = 'domain')  [time:[33m4.6ms[0m]
2013-03-13 13:14:18.961 [[37mDEBUG[0m] - [32mSELECT[0m "teams".* [32mFROM[0m "teams" [32mWHERE[0m "teams"."id" = 3 [32mLIMIT[0m 1  [time:[33m6.2ms[0m]
2013-03-13 13:14:19.137 [[37mDEBUG[0m] - [32mSELECT[0m "servers".* [32mFROM[0m "servers" [32mWHERE[0m "servers"."id" = 2 [32mLIMIT[0m 1  [time:[33m3.5ms[0m]
2013-03-13 13:14:19.179  [[32mINFO[0m] - Starting check - Team: Example Blueteam - Server: Example Server - Service: FTP Download - Address: 127.0.0.1
2013-03-13 13:14:19.210 [[37mDEBUG[0m] - [32mSELECT[0m "users".* [32mFROM[0m "users" [32mWHERE[0m "users"."service_id" = 10 [32mORDER[0m [32mBY[0m RANDOM() [32mLIMIT[0m 1  [time:[33m5.6ms[0m]
2013-03-13 13:14:19.333 [[37mDEBUG[0m] - [32mSELECT[0m "properties".* [32mFROM[0m "properties" [32mWHERE[0m "properties"."service_id" = 10 [32mAND[0m (category = 'random' [32mAND[0m property = 'filename') [32mORDER[0m [32mBY[0m RANDOM() [32mLIMIT[0m 1  [time:[33m6.1ms[0m]
2013-03-13 13:14:19.398 [[37mDEBUG[0m] - [32mSELECT[0m "properties".* [32mFROM[0m "properties" [32mWHERE[0m "properties"."service_id" = 3 [32mAND[0m (category = 'random' [32mAND[0m property = 'filename') [32mORDER[0m [32mBY[0m RANDOM() [32mLIMIT[0m 1  [time:[33m1.9ms[0m]
2013-03-13 13:14:19.464 [[37mDEBUG[0m] - [32mSELECT[0m "properties".* [32mFROM[0m "properties" [32mWHERE[0m "properties"."service_id" = 10 [32mAND[0m (category = 'answer' [32mAND[0m property = 'each-line-regex') [32mLIMIT[0m 1  [time:[33m1.8ms[0m]
2013-03-13 13:14:19.526 [[37mDEBUG[0m] - [32mSELECT[0m "properties".* [32mFROM[0m "properties" [32mWHERE[0m "properties"."service_id" = 3 [32mAND[0m (category = 'answer' [32mAND[0m property = 'each-line-regex') [32mLIMIT[0m 1  [time:[33m11.9ms[0m]
2013-03-13 13:14:19.589 [[37mDEBUG[0m] - [32mSELECT[0m "properties".* [32mFROM[0m "properties" [32mWHERE[0m "properties"."service_id" = 10 [32mAND[0m (category = 'answer' [32mAND[0m property = 'full-text-regex') [32mLIMIT[0m 1  [time:[33m7.2ms[0m]
2013-03-13 13:14:19.643 [[37mDEBUG[0m] - [32mSELECT[0m "properties".* [32mFROM[0m "properties" [32mWHERE[0m "properties"."service_id" = 3 [32mAND[0m (category = 'answer' [32mAND[0m property = 'full-text-regex') [32mLIMIT[0m 1  [time:[33m4.4ms[0m]
2013-03-13 13:14:19.712 [[37mDEBUG[0m] - [32mSELECT[0m "properties".* [32mFROM[0m "properties" [32mWHERE[0m "properties"."service_id" = 10 [32mAND[0m (category = 'option' [32mAND[0m property = 'timeout') [32mLIMIT[0m 1  [time:[33m3.5ms[0m]
2013-03-13 13:14:19.773 [[37mDEBUG[0m] - [32mSELECT[0m "properties".* [32mFROM[0m "properties" [32mWHERE[0m "properties"."service_id" = 3 [32mAND[0m (category = 'option' [32mAND[0m property = 'timeout') [32mLIMIT[0m 1  [time:[33m6.5ms[0m]
2013-03-13 13:14:19.817 [[37mDEBUG[0m] - Command: curl -s -S -4 -v --ftp-pasv ftp://test:test@127.0.0.1cyberengine
2013-03-13 13:14:19.822 [[37mDEBUG[0m] - Timeout: 30.0
2013-03-13 13:14:19.835 [[37mDEBUG[0m] - PID: 1998
2013-03-13 13:14:21.221 [[37mDEBUG[0m] - [32mSELECT[0m "checks".* [32mFROM[0m "checks" [32mWHERE[0m "checks"."service_id" = 10 [32mORDER[0m [32mBY[0m round [32mDESC[0m [32mLIMIT[0m 1  [time:[33m3.5ms[0m]
2013-03-13 13:14:21.264 [[37mDEBUG[0m] - [32mBEGIN[0m  [time:[33m4.8ms[0m]
2013-03-13 13:14:21.272 [[37mDEBUG[0m] - [32mSELECT[0m "teams".* [32mFROM[0m "teams" [32mWHERE[0m "teams"."id" = 3 [32mLIMIT[0m 1  [time:[33m5.3ms[0m]
2013-03-13 13:14:21.284 [[37mDEBUG[0m] - [32mSELECT[0m "servers".* [32mFROM[0m "servers" [32mWHERE[0m "servers"."id" = 2 [32mLIMIT[0m 1  [time:[33m1.9ms[0m]
2013-03-13 13:14:21.335 [[37mDEBUG[0m] - [32mSELECT[0m "services".* [32mFROM[0m "services" [32mWHERE[0m "services"."id" = 10 [32mLIMIT[0m 1  [time:[33m5.2ms[0m]
2013-03-13 13:14:21.348 [[37mDEBUG[0m] - [32mSELECT[0m "teams".* [32mFROM[0m "teams" [32mWHERE[0m "teams"."id" = 3 [32mLIMIT[0m 1  [time:[33m1.5ms[0m]
2013-03-13 13:14:21.361 [[37mDEBUG[0m] - [32mSELECT[0m "servers".* [32mFROM[0m "servers" [32mWHERE[0m "servers"."id" = 2 [32mLIMIT[0m 1  [time:[33m4.2ms[0m]
2013-03-13 13:14:21.373 [[37mDEBUG[0m] - [32mSELECT[0m "services".* [32mFROM[0m "services" [32mWHERE[0m "services"."id" = 10 [32mLIMIT[0m 1  [time:[33m1.0ms[0m]
2013-03-13 13:14:21.389 [[37mDEBUG[0m] - [32mSQL[0m [32mINSERT[0m [32mINTO[0m "checks" ("created_at", "passed", "request", "response", "round", "server_id", "service_id", "team_id", "updated_at") [32mVALUES[0m ($1, $2, $3, $4, $5, $6, $7, $8, $9) [32mRETURNING[0m "id"[["created_at", 2013-03-13 13:14:21 -0400], ["passed", false], ["request", "curl -s -S -4 -v --ftp-pasv ftp://test:test@127.0.0.1cyberengine"], ["response", "* Could not resolve host: 127.0.0.1cyberengine; Name or service not known\r\n* Closing connection #0\r\ncurl: (6) Could not resolve host: 127.0.0.1cyberengine; Name or service not known\r\n"], ["round", 3], ["server_id", 2], ["service_id", 10], ["team_id", 3], ["updated_at", 2013-03-13 13:14:21 -0400]]  [time:[33m6.6ms[0m]
2013-03-13 13:14:21.585 [[37mDEBUG[0m] - [32mCOMMIT[0m  [time:[33m178.1ms[0m]
2013-03-13 13:14:21.589  [[32mINFO[0m] - Finished check - Team: Example Blueteam - Server: Example Server - Service: FTP Download - Address: 127.0.0.1 - Result: Failed
2013-03-13 13:21:46.278 [[37mDEBUG[0m] - [32mSELECT[0m "teams".* [32mFROM[0m "teams" [32mWHERE[0m "teams"."name" = 'Whiteteam' [32mLIMIT[0m 1  [time:[33m7.3ms[0m]
2013-03-13 13:21:46.128 [[37mDEBUG[0m] - [32mSELECT[0m "teams".* [32mFROM[0m "teams" [32mWHERE[0m "teams"."color" = 'Blue'  [time:[33m7.2ms[0m]
2013-03-13 13:21:46.274 [[37mDEBUG[0m] - [32mSELECT[0m "services".* [32mFROM[0m "services" [32mWHERE[0m (team_id [32mIN[0m (3) [32mAND[0m name = 'FTP Download' [32mAND[0m version = 'ipv4' [32mAND[0m protocol = 'ftp' [32mAND[0m enabled = 't')  [time:[33m4.4ms[0m]
2013-03-13 13:21:46.438 [[37mDEBUG[0m] - [32mSELECT[0m "services".* [32mFROM[0m "services" [32mWHERE[0m (team_id = 1 [32mAND[0m name = 'FTP Download' [32mAND[0m version = 'ipv4' [32mAND[0m protocol = 'ftp' [32mAND[0m enabled = 'f') [32mLIMIT[0m 1  [time:[33m2.0ms[0m]
2013-03-13 13:21:46.598 [[37mDEBUG[0m] - [32mSELECT[0m value [32mFROM[0m "properties" [32mWHERE[0m "properties"."service_id" = 10 [32mAND[0m (category = 'address') [32mAND[0m (property = 'ip' [32mOR[0m property = 'domain')  [time:[33m8.0ms[0m]
2013-03-13 13:21:46.760 [[37mDEBUG[0m] - [32mSELECT[0m "teams".* [32mFROM[0m "teams" [32mWHERE[0m "teams"."id" = 3 [32mLIMIT[0m 1  [time:[33m7.2ms[0m]
2013-03-13 13:21:46.816 [[37mDEBUG[0m] - [32mSELECT[0m "servers".* [32mFROM[0m "servers" [32mWHERE[0m "servers"."id" = 2 [32mLIMIT[0m 1  [time:[33m4.7ms[0m]
2013-03-13 13:21:46.972  [[32mINFO[0m] - Starting check - Team: Example Blueteam - Server: Example Server - Service: FTP Download - Address: 127.0.0.1
2013-03-13 13:21:47.813 [[37mDEBUG[0m] - [32mSELECT[0m "users".* [32mFROM[0m "users" [32mWHERE[0m "users"."service_id" = 10 [32mORDER[0m [32mBY[0m RANDOM() [32mLIMIT[0m 1  [time:[33m6.3ms[0m]
2013-03-13 13:21:47.126 [[37mDEBUG[0m] - [32mSELECT[0m "properties".* [32mFROM[0m "properties" [32mWHERE[0m "properties"."service_id" = 10 [32mAND[0m (category = 'random' [32mAND[0m property = 'filename') [32mORDER[0m [32mBY[0m RANDOM() [32mLIMIT[0m 1  [time:[33m3.8ms[0m]
2013-03-13 13:21:47.193 [[37mDEBUG[0m] - [32mSELECT[0m "properties".* [32mFROM[0m "properties" [32mWHERE[0m "properties"."service_id" = 3 [32mAND[0m (category = 'random' [32mAND[0m property = 'filename') [32mORDER[0m [32mBY[0m RANDOM() [32mLIMIT[0m 1  [time:[33m1.7ms[0m]
2013-03-13 13:21:47.258 [[37mDEBUG[0m] - [32mSELECT[0m "properties".* [32mFROM[0m "properties" [32mWHERE[0m "properties"."service_id" = 10 [32mAND[0m (category = 'answer' [32mAND[0m property = 'each-line-regex') [32mLIMIT[0m 1  [time:[33m7.2ms[0m]
2013-03-13 13:21:47.314 [[37mDEBUG[0m] - [32mSELECT[0m "properties".* [32mFROM[0m "properties" [32mWHERE[0m "properties"."service_id" = 3 [32mAND[0m (category = 'answer' [32mAND[0m property = 'each-line-regex') [32mLIMIT[0m 1  [time:[33m7.4ms[0m]
2013-03-13 13:21:47.385 [[37mDEBUG[0m] - [32mSELECT[0m "properties".* [32mFROM[0m "properties" [32mWHERE[0m "properties"."service_id" = 10 [32mAND[0m (category = 'answer' [32mAND[0m property = 'full-text-regex') [32mLIMIT[0m 1  [time:[33m7.4ms[0m]
2013-03-13 13:21:47.439 [[37mDEBUG[0m] - [32mSELECT[0m "properties".* [32mFROM[0m "properties" [32mWHERE[0m "properties"."service_id" = 3 [32mAND[0m (category = 'answer' [32mAND[0m property = 'full-text-regex') [32mLIMIT[0m 1  [time:[33m6.4ms[0m]
2013-03-13 13:21:47.508 [[37mDEBUG[0m] - [32mSELECT[0m "properties".* [32mFROM[0m "properties" [32mWHERE[0m "properties"."service_id" = 10 [32mAND[0m (category = 'option' [32mAND[0m property = 'timeout') [32mLIMIT[0m 1  [time:[33m2.0ms[0m]
2013-03-13 13:21:47.564 [[37mDEBUG[0m] - [32mSELECT[0m "properties".* [32mFROM[0m "properties" [32mWHERE[0m "properties"."service_id" = 3 [32mAND[0m (category = 'option' [32mAND[0m property = 'timeout') [32mLIMIT[0m 1  [time:[33m5.6ms[0m]
2013-03-13 13:21:47.608 [[37mDEBUG[0m] - Command: curl -s -S -4 -v --ftp-pasv ftp://test:test@127.0.0.1cyberengine
2013-03-13 13:21:47.608 [[37mDEBUG[0m] - Timeout: 30.0
2013-03-13 13:21:47.634 [[37mDEBUG[0m] - PID: 2457
2013-03-13 13:21:47.690 [[37mDEBUG[0m] - [32mSELECT[0m "checks".* [32mFROM[0m "checks" [32mWHERE[0m "checks"."service_id" = 10 [32mORDER[0m [32mBY[0m round [32mDESC[0m [32mLIMIT[0m 1  [time:[33m4.8ms[0m]
2013-03-13 13:21:47.818 [[37mDEBUG[0m] - [32mBEGIN[0m  [time:[33m0.1ms[0m]
2013-03-13 13:21:47.849 [[37mDEBUG[0m] - [32mSELECT[0m "teams".* [32mFROM[0m "teams" [32mWHERE[0m "teams"."id" = 3 [32mLIMIT[0m 1  [time:[33m8.2ms[0m]
2013-03-13 13:21:47.874 [[37mDEBUG[0m] - [32mSELECT[0m "servers".* [32mFROM[0m "servers" [32mWHERE[0m "servers"."id" = 2 [32mLIMIT[0m 1  [time:[33m9.2ms[0m]
2013-03-13 13:21:47.985 [[37mDEBUG[0m] - [32mSELECT[0m "services".* [32mFROM[0m "services" [32mWHERE[0m "services"."id" = 10 [32mLIMIT[0m 1  [time:[33m4.1ms[0m]
2013-03-13 13:21:48.581 [[37mDEBUG[0m] - [32mSELECT[0m "teams".* [32mFROM[0m "teams" [32mWHERE[0m "teams"."id" = 3 [32mLIMIT[0m 1  [time:[33m2.6ms[0m]
2013-03-13 13:21:48.207 [[37mDEBUG[0m] - [32mSELECT[0m "servers".* [32mFROM[0m "servers" [32mWHERE[0m "servers"."id" = 2 [32mLIMIT[0m 1  [time:[33m4.2ms[0m]
2013-03-13 13:21:48.269 [[37mDEBUG[0m] - [32mSELECT[0m "services".* [32mFROM[0m "services" [32mWHERE[0m "services"."id" = 10 [32mLIMIT[0m 1  [time:[33m0.2ms[0m]
2013-03-13 13:21:48.448 [[37mDEBUG[0m] - [32mSQL[0m [32mINSERT[0m [32mINTO[0m "checks" ("created_at", "passed", "request", "response", "round", "server_id", "service_id", "team_id", "updated_at") [32mVALUES[0m ($1, $2, $3, $4, $5, $6, $7, $8, $9) [32mRETURNING[0m "id"[["created_at", 2013-03-13 13:21:48 -0400], ["passed", false], ["request", "curl -s -S -4 -v --ftp-pasv ftp://test:test@127.0.0.1cyberengine"], ["response", "* Could not resolve host: 127.0.0.1cyberengine; Name or service not known\r\n* Closing connection #0\r\ncurl: (6) Could not resolve host: 127.0.0.1cyberengine; Name or service not known\r\n"], ["round", 4], ["server_id", 2], ["service_id", 10], ["team_id", 3], ["updated_at", 2013-03-13 13:21:48 -0400]]  [time:[33m7.8ms[0m]
2013-03-13 13:21:48.133 [[37mDEBUG[0m] - [32mCOMMIT[0m  [time:[33m74.0ms[0m]
2013-03-13 13:21:48.134  [[32mINFO[0m] - Finished check - Team: Example Blueteam - Server: Example Server - Service: FTP Download - Address: 127.0.0.1 - Result: Failed
2013-03-13 13:22:26.112 [[37mDEBUG[0m] - [32mSELECT[0m "teams".* [32mFROM[0m "teams" [32mWHERE[0m "teams"."name" = 'Whiteteam' [32mLIMIT[0m 1  [time:[33m10.2ms[0m]
2013-03-13 13:22:26.174 [[37mDEBUG[0m] - [32mSELECT[0m "teams".* [32mFROM[0m "teams" [32mWHERE[0m "teams"."color" = 'Blue'  [time:[33m8.2ms[0m]
2013-03-13 13:22:26.330 [[37mDEBUG[0m] - [32mSELECT[0m "services".* [32mFROM[0m "services" [32mWHERE[0m (team_id [32mIN[0m (3) [32mAND[0m name = 'FTP Download' [32mAND[0m version = 'ipv4' [32mAND[0m protocol = 'ftp' [32mAND[0m enabled = 't')  [time:[33m5.0ms[0m]
2013-03-13 13:22:26.505 [[37mDEBUG[0m] - [32mSELECT[0m "services".* [32mFROM[0m "services" [32mWHERE[0m (team_id = 1 [32mAND[0m name = 'FTP Download' [32mAND[0m version = 'ipv4' [32mAND[0m protocol = 'ftp' [32mAND[0m enabled = 'f') [32mLIMIT[0m 1  [time:[33m5.4ms[0m]
2013-03-13 13:22:26.667 [[37mDEBUG[0m] - [32mSELECT[0m value [32mFROM[0m "properties" [32mWHERE[0m "properties"."service_id" = 10 [32mAND[0m (category = 'address') [32mAND[0m (property = 'ip' [32mOR[0m property = 'domain')  [time:[33m7.0ms[0m]
2013-03-13 13:22:26.840 [[37mDEBUG[0m] - [32mSELECT[0m "teams".* [32mFROM[0m "teams" [32mWHERE[0m "teams"."id" = 3 [32mLIMIT[0m 1  [time:[33m5.2ms[0m]
2013-03-13 13:22:26.894 [[37mDEBUG[0m] - [32mSELECT[0m "servers".* [32mFROM[0m "servers" [32mWHERE[0m "servers"."id" = 2 [32mLIMIT[0m 1  [time:[33m2.5ms[0m]
2013-03-13 13:22:27.596  [[32mINFO[0m] - Starting check - Team: Example Blueteam - Server: Example Server - Service: FTP Download - Address: 127.0.0.1
2013-03-13 13:22:27.958 [[37mDEBUG[0m] - [32mSELECT[0m "users".* [32mFROM[0m "users" [32mWHERE[0m "users"."service_id" = 10 [32mORDER[0m [32mBY[0m RANDOM() [32mLIMIT[0m 1  [time:[33m5.9ms[0m]
2013-03-13 13:22:27.220 [[37mDEBUG[0m] - [32mSELECT[0m "properties".* [32mFROM[0m "properties" [32mWHERE[0m "properties"."service_id" = 10 [32mAND[0m (category = 'random' [32mAND[0m property = 'filename') [32mORDER[0m [32mBY[0m RANDOM() [32mLIMIT[0m 1  [time:[33m5.7ms[0m]
2013-03-13 13:22:27.294 [[37mDEBUG[0m] - [32mSELECT[0m "properties".* [32mFROM[0m "properties" [32mWHERE[0m "properties"."service_id" = 3 [32mAND[0m (category = 'random' [32mAND[0m property = 'filename') [32mORDER[0m [32mBY[0m RANDOM() [32mLIMIT[0m 1  [time:[33m6.5ms[0m]
2013-03-13 13:22:27.363 [[37mDEBUG[0m] - [32mSELECT[0m "properties".* [32mFROM[0m "properties" [32mWHERE[0m "properties"."service_id" = 10 [32mAND[0m (category = 'answer' [32mAND[0m property = 'each-line-regex') [32mLIMIT[0m 1  [time:[33m7.3ms[0m]
2013-03-13 13:22:27.418 [[37mDEBUG[0m] - [32mSELECT[0m "properties".* [32mFROM[0m "properties" [32mWHERE[0m "properties"."service_id" = 3 [32mAND[0m (category = 'answer' [32mAND[0m property = 'each-line-regex') [32mLIMIT[0m 1  [time:[33m5.3ms[0m]
2013-03-13 13:22:27.485 [[37mDEBUG[0m] - [32mSELECT[0m "properties".* [32mFROM[0m "properties" [32mWHERE[0m "properties"."service_id" = 10 [32mAND[0m (category = 'answer' [32mAND[0m property = 'full-text-regex') [32mLIMIT[0m 1  [time:[33m6.3ms[0m]
2013-03-13 13:22:27.544 [[37mDEBUG[0m] - [32mSELECT[0m "properties".* [32mFROM[0m "properties" [32mWHERE[0m "properties"."service_id" = 3 [32mAND[0m (category = 'answer' [32mAND[0m property = 'full-text-regex') [32mLIMIT[0m 1  [time:[33m6.3ms[0m]
2013-03-13 13:22:27.602 [[37mDEBUG[0m] - [32mSELECT[0m "properties".* [32mFROM[0m "properties" [32mWHERE[0m "properties"."service_id" = 10 [32mAND[0m (category = 'option' [32mAND[0m property = 'timeout') [32mLIMIT[0m 1  [time:[33m3.7ms[0m]
2013-03-13 13:22:27.657 [[37mDEBUG[0m] - [32mSELECT[0m "properties".* [32mFROM[0m "properties" [32mWHERE[0m "properties"."service_id" = 3 [32mAND[0m (category = 'option' [32mAND[0m property = 'timeout') [32mLIMIT[0m 1  [time:[33m5.6ms[0m]
2013-03-13 13:22:27.726 [[37mDEBUG[0m] - Command: curl -s -S -4 -v --ftp-pasv ftp://test:test@127.0.0.1/cyberengine
2013-03-13 13:22:27.726 [[37mDEBUG[0m] - Timeout: 30.0
2013-03-13 13:22:27.743 [[37mDEBUG[0m] - PID: 2576
2013-03-13 13:22:27.807 [[37mDEBUG[0m] - [32mSELECT[0m "checks".* [32mFROM[0m "checks" [32mWHERE[0m "checks"."service_id" = 10 [32mORDER[0m [32mBY[0m round [32mDESC[0m [32mLIMIT[0m 1  [time:[33m4.0ms[0m]
2013-03-13 13:22:27.923 [[37mDEBUG[0m] - [32mBEGIN[0m  [time:[33m8.5ms[0m]
2013-03-13 13:22:27.942 [[37mDEBUG[0m] - [32mSELECT[0m "teams".* [32mFROM[0m "teams" [32mWHERE[0m "teams"."id" = 3 [32mLIMIT[0m 1  [time:[33m3.9ms[0m]
2013-03-13 13:22:27.978 [[37mDEBUG[0m] - [32mSELECT[0m "servers".* [32mFROM[0m "servers" [32mWHERE[0m "servers"."id" = 2 [32mLIMIT[0m 1  [time:[33m11.3ms[0m]
2013-03-13 13:22:28.121 [[37mDEBUG[0m] - [32mSELECT[0m "services".* [32mFROM[0m "services" [32mWHERE[0m "services"."id" = 10 [32mLIMIT[0m 1  [time:[33m7.9ms[0m]
2013-03-13 13:22:28.136 [[37mDEBUG[0m] - [32mSELECT[0m "teams".* [32mFROM[0m "teams" [32mWHERE[0m "teams"."id" = 3 [32mLIMIT[0m 1  [time:[33m0.3ms[0m]
2013-03-13 13:22:28.153 [[37mDEBUG[0m] - [32mSELECT[0m "servers".* [32mFROM[0m "servers" [32mWHERE[0m "servers"."id" = 2 [32mLIMIT[0m 1  [time:[33m4.8ms[0m]
2013-03-13 13:22:28.189 [[37mDEBUG[0m] - [32mSELECT[0m "services".* [32mFROM[0m "services" [32mWHERE[0m "services"."id" = 10 [32mLIMIT[0m 1  [time:[33m24.2ms[0m]
2013-03-13 13:22:28.224 [[37mDEBUG[0m] - [32mSQL[0m [32mINSERT[0m [32mINTO[0m "checks" ("created_at", "passed", "request", "response", "round", "server_id", "service_id", "team_id", "updated_at") [32mVALUES[0m ($1, $2, $3, $4, $5, $6, $7, $8, $9) [32mRETURNING[0m "id"[["created_at", 2013-03-13 13:22:28 -0400], ["passed", true], ["request", "curl -s -S -4 -v --ftp-pasv ftp://test:test@127.0.0.1/cyberengine"], ["response", "* About to connect() to 127.0.0.1 port 21 (#0)\r\n*   Trying 127.0.0.1... connected\r\n* Connected to 127.0.0.1 (127.0.0.1) port 21 (#0)\r\n< 220 FTP Server ready.\r\n> USER test\r\n< 331 Password required for test\r\n> PASS test\r\n< 230 User test logged in\r\n> PWD\r\n< 257 \"/\" is the current directory\r\n* Entry path is '/'\r\n> EPSV\r\n* Connect data stream passively\r\n< 229 Entering Extended Passive Mode (|||45606|)\r\n*   Trying 127.0.0.1... connected\r\n* Connecting to 127.0.0.1 (127.0.0.1) port 45606\r\n> TYPE I\r\n< 200 Type set to I\r\n> SIZE cyberengine\r\n< 213 5\r\n> RETR cyberengine\r\n< 150 Opening BINARY mode data connection for cyberengine (5 bytes)\r\n* Maxdownload = -1\r\n* Getting file with size: 5\r\nblah\r\n* Remembering we are in dir \"\"\r\n< 226 Transfer complete\r\n* Connection #0 to host 127.0.0.1 left intact\r\n> QUIT\r\n< 221 Goodbye.\r\n* Closing connection #0\r\n"], ["round", 1], ["server_id", 2], ["service_id", 10], ["team_id", 3], ["updated_at", 2013-03-13 13:22:28 -0400]]  [time:[33m5.0ms[0m]
2013-03-13 13:22:28.288 [[37mDEBUG[0m] - [32mCOMMIT[0m  [time:[33m24.8ms[0m]
2013-03-13 13:22:28.290  [[32mINFO[0m] - Finished check - Team: Example Blueteam - Server: Example Server - Service: FTP Download - Address: 127.0.0.1 - Result: Passed
2013-03-13 13:22:50.214 [[37mDEBUG[0m] - [32mSELECT[0m "teams".* [32mFROM[0m "teams" [32mWHERE[0m "teams"."name" = 'Whiteteam' [32mLIMIT[0m 1  [time:[33m1.7ms[0m]
2013-03-13 13:22:50.118 [[37mDEBUG[0m] - [32mSELECT[0m "teams".* [32mFROM[0m "teams" [32mWHERE[0m "teams"."color" = 'Blue'  [time:[33m1.7ms[0m]
2013-03-13 13:22:50.268 [[37mDEBUG[0m] - [32mSELECT[0m "services".* [32mFROM[0m "services" [32mWHERE[0m (team_id [32mIN[0m (3) [32mAND[0m name = 'FTP Download' [32mAND[0m version = 'ipv4' [32mAND[0m protocol = 'ftp' [32mAND[0m enabled = 't')  [time:[33m5.3ms[0m]
2013-03-13 13:22:50.439 [[37mDEBUG[0m] - [32mSELECT[0m "services".* [32mFROM[0m "services" [32mWHERE[0m (team_id = 1 [32mAND[0m name = 'FTP Download' [32mAND[0m version = 'ipv4' [32mAND[0m protocol = 'ftp' [32mAND[0m enabled = 'f') [32mLIMIT[0m 1  [time:[33m1.9ms[0m]
2013-03-13 13:22:50.596 [[37mDEBUG[0m] - [32mSELECT[0m value [32mFROM[0m "properties" [32mWHERE[0m "properties"."service_id" = 10 [32mAND[0m (category = 'address') [32mAND[0m (property = 'ip' [32mOR[0m property = 'domain')  [time:[33m1.8ms[0m]
2013-03-13 13:22:50.762 [[37mDEBUG[0m] - [32mSELECT[0m "teams".* [32mFROM[0m "teams" [32mWHERE[0m "teams"."id" = 3 [32mLIMIT[0m 1  [time:[33m0.4ms[0m]
2013-03-13 13:22:50.822 [[37mDEBUG[0m] - [32mSELECT[0m "servers".* [32mFROM[0m "servers" [32mWHERE[0m "servers"."id" = 2 [32mLIMIT[0m 1  [time:[33m4.9ms[0m]
2013-03-13 13:22:50.993  [[32mINFO[0m] - Starting check - Team: Example Blueteam - Server: Example Server - Service: FTP Download - Address: 127.0.0.1
2013-03-13 13:22:51.237 [[37mDEBUG[0m] - [32mSELECT[0m "users".* [32mFROM[0m "users" [32mWHERE[0m "users"."service_id" = 10 [32mORDER[0m [32mBY[0m RANDOM() [32mLIMIT[0m 1  [time:[33m3.5ms[0m]
2013-03-13 13:22:51.145 [[37mDEBUG[0m] - [32mSELECT[0m "properties".* [32mFROM[0m "properties" [32mWHERE[0m "properties"."service_id" = 10 [32mAND[0m (category = 'random' [32mAND[0m property = 'filename') [32mORDER[0m [32mBY[0m RANDOM() [32mLIMIT[0m 1  [time:[33m6.7ms[0m]
2013-03-13 13:22:51.209 [[37mDEBUG[0m] - [32mSELECT[0m "properties".* [32mFROM[0m "properties" [32mWHERE[0m "properties"."service_id" = 3 [32mAND[0m (category = 'random' [32mAND[0m property = 'filename') [32mORDER[0m [32mBY[0m RANDOM() [32mLIMIT[0m 1  [time:[33m4.8ms[0m]
2013-03-13 13:22:51.274 [[37mDEBUG[0m] - [32mSELECT[0m "properties".* [32mFROM[0m "properties" [32mWHERE[0m "properties"."service_id" = 10 [32mAND[0m (category = 'answer' [32mAND[0m property = 'each-line-regex') [32mLIMIT[0m 1  [time:[33m5.4ms[0m]
2013-03-13 13:22:51.331 [[37mDEBUG[0m] - [32mSELECT[0m "properties".* [32mFROM[0m "properties" [32mWHERE[0m "properties"."service_id" = 3 [32mAND[0m (category = 'answer' [32mAND[0m property = 'each-line-regex') [32mLIMIT[0m 1  [time:[33m3.5ms[0m]
2013-03-13 13:22:51.402 [[37mDEBUG[0m] - [32mSELECT[0m "properties".* [32mFROM[0m "properties" [32mWHERE[0m "properties"."service_id" = 10 [32mAND[0m (category = 'answer' [32mAND[0m property = 'full-text-regex') [32mLIMIT[0m 1  [time:[33m5.6ms[0m]
2013-03-13 13:22:51.459 [[37mDEBUG[0m] - [32mSELECT[0m "properties".* [32mFROM[0m "properties" [32mWHERE[0m "properties"."service_id" = 3 [32mAND[0m (category = 'answer' [32mAND[0m property = 'full-text-regex') [32mLIMIT[0m 1  [time:[33m7.3ms[0m]
2013-03-13 13:22:51.543 [[37mDEBUG[0m] - [32mSELECT[0m "properties".* [32mFROM[0m "properties" [32mWHERE[0m "properties"."service_id" = 10 [32mAND[0m (category = 'option' [32mAND[0m property = 'timeout') [32mLIMIT[0m 1  [time:[33m10.5ms[0m]
2013-03-13 13:22:51.593 [[37mDEBUG[0m] - [32mSELECT[0m "properties".* [32mFROM[0m "properties" [32mWHERE[0m "properties"."service_id" = 3 [32mAND[0m (category = 'option' [32mAND[0m property = 'timeout') [32mLIMIT[0m 1  [time:[33m8.6ms[0m]
2013-03-13 13:22:51.637 [[37mDEBUG[0m] - Command: curl -s -S -4 -v --ftp-pasv ftp://test:test@127.0.0.1/cyberengine
2013-03-13 13:22:51.637 [[37mDEBUG[0m] - Timeout: 30.0
2013-03-13 13:22:51.657 [[37mDEBUG[0m] - PID: 2765
2013-03-13 13:22:51.837 [[37mDEBUG[0m] - [32mSELECT[0m "checks".* [32mFROM[0m "checks" [32mWHERE[0m "checks"."service_id" = 10 [32mORDER[0m [32mBY[0m round [32mDESC[0m [32mLIMIT[0m 1  [time:[33m3.9ms[0m]
2013-03-13 13:22:51.961 [[37mDEBUG[0m] - [32mBEGIN[0m  [time:[33m6.1ms[0m]
2013-03-13 13:22:51.978 [[37mDEBUG[0m] - [32mSELECT[0m "teams".* [32mFROM[0m "teams" [32mWHERE[0m "teams"."id" = 3 [32mLIMIT[0m 1  [time:[33m5.4ms[0m]
2013-03-13 13:22:52.186 [[37mDEBUG[0m] - [32mSELECT[0m "servers".* [32mFROM[0m "servers" [32mWHERE[0m "servers"."id" = 2 [32mLIMIT[0m 1  [time:[33m5.4ms[0m]
2013-03-13 13:22:52.127 [[37mDEBUG[0m] - [32mSELECT[0m "services".* [32mFROM[0m "services" [32mWHERE[0m "services"."id" = 10 [32mLIMIT[0m 1  [time:[33m3.9ms[0m]
2013-03-13 13:22:52.155 [[37mDEBUG[0m] - [32mSELECT[0m "teams".* [32mFROM[0m "teams" [32mWHERE[0m "teams"."id" = 3 [32mLIMIT[0m 1  [time:[33m1.4ms[0m]
2013-03-13 13:22:52.178 [[37mDEBUG[0m] - [32mSELECT[0m "servers".* [32mFROM[0m "servers" [32mWHERE[0m "servers"."id" = 2 [32mLIMIT[0m 1  [time:[33m5.7ms[0m]
2013-03-13 13:22:52.197 [[37mDEBUG[0m] - [32mSELECT[0m "services".* [32mFROM[0m "services" [32mWHERE[0m "services"."id" = 10 [32mLIMIT[0m 1  [time:[33m2.3ms[0m]
2013-03-13 13:22:52.225 [[37mDEBUG[0m] - [32mSQL[0m [32mINSERT[0m [32mINTO[0m "checks" ("created_at", "passed", "request", "response", "round", "server_id", "service_id", "team_id", "updated_at") [32mVALUES[0m ($1, $2, $3, $4, $5, $6, $7, $8, $9) [32mRETURNING[0m "id"[["created_at", 2013-03-13 13:22:52 -0400], ["passed", true], ["request", "curl -s -S -4 -v --ftp-pasv ftp://test:test@127.0.0.1/cyberengine"], ["response", "* About to connect() to 127.0.0.1 port 21 (#0)\r\n*   Trying 127.0.0.1... connected\r\n* Connected to 127.0.0.1 (127.0.0.1) port 21 (#0)\r\n< 220 FTP Server ready.\r\n> USER test\r\n< 331 Password required for test\r\n> PASS test\r\n< 230 User test logged in\r\n> PWD\r\n< 257 \"/\" is the current directory\r\n* Entry path is '/'\r\n> EPSV\r\n* Connect data stream passively\r\n< 229 Entering Extended Passive Mode (|||50867|)\r\n*   Trying 127.0.0.1... connected\r\n* Connecting to 127.0.0.1 (127.0.0.1) port 50867\r\n> TYPE I\r\n< 200 Type set to I\r\n> SIZE cyberengine\r\n< 213 5\r\n> RETR cyberengine\r\n< 150 Opening BINARY mode data connection for cyberengine (5 bytes)\r\n* Maxdownload = -1\r\n* Getting file with size: 5\r\nblah\r\n* Remembering we are in dir \"\"\r\n< 226 Transfer complete\r\n* Connection #0 to host 127.0.0.1 left intact\r\n> QUIT\r\n< 221 Goodbye.\r\n* Closing connection #0\r\n"], ["round", 2], ["server_id", 2], ["service_id", 10], ["team_id", 3], ["updated_at", 2013-03-13 13:22:52 -0400]]  [time:[33m7.8ms[0m]
2013-03-13 13:22:52.265 [[37mDEBUG[0m] - [32mCOMMIT[0m  [time:[33m12.7ms[0m]
2013-03-13 13:22:52.266  [[32mINFO[0m] - Finished check - Team: Example Blueteam - Server: Example Server - Service: FTP Download - Address: 127.0.0.1 - Result: Passed
2013-03-13 13:25:06.179 [[37mDEBUG[0m] - [32mSELECT[0m "teams".* [32mFROM[0m "teams" [32mWHERE[0m "teams"."name" = 'Whiteteam' [32mLIMIT[0m 1  [time:[33m5.2ms[0m]
2013-03-13 13:25:06.270 [[37mDEBUG[0m] - [32mSELECT[0m "teams".* [32mFROM[0m "teams" [32mWHERE[0m "teams"."color" = 'Blue'  [time:[33m2.7ms[0m]
2013-03-13 13:25:06.421 [[37mDEBUG[0m] - [32mSELECT[0m "services".* [32mFROM[0m "services" [32mWHERE[0m (team_id [32mIN[0m (3) [32mAND[0m name = 'FTP Download' [32mAND[0m version = 'ipv4' [32mAND[0m protocol = 'ftp' [32mAND[0m enabled = 't')  [time:[33m4.4ms[0m]
2013-03-13 13:25:06.587 [[37mDEBUG[0m] - [32mSELECT[0m "services".* [32mFROM[0m "services" [32mWHERE[0m (team_id = 1 [32mAND[0m name = 'FTP Download' [32mAND[0m version = 'ipv4' [32mAND[0m protocol = 'ftp' [32mAND[0m enabled = 'f') [32mLIMIT[0m 1  [time:[33m5.4ms[0m]
2013-03-13 13:25:06.751 [[37mDEBUG[0m] - [32mSELECT[0m value [32mFROM[0m "properties" [32mWHERE[0m "properties"."service_id" = 10 [32mAND[0m (category = 'address') [32mAND[0m (property = 'ip' [32mOR[0m property = 'domain')  [time:[33m2.6ms[0m]
2013-03-13 13:25:06.913 [[37mDEBUG[0m] - [32mSELECT[0m "teams".* [32mFROM[0m "teams" [32mWHERE[0m "teams"."id" = 3 [32mLIMIT[0m 1  [time:[33m6.2ms[0m]
2013-03-13 13:25:06.968 [[37mDEBUG[0m] - [32mSELECT[0m "servers".* [32mFROM[0m "servers" [32mWHERE[0m "servers"."id" = 2 [32mLIMIT[0m 1  [time:[33m2.6ms[0m]
2013-03-13 13:25:07.134  [[32mINFO[0m] - Starting check - Team: Example Blueteam - Server: Example Server - Service: FTP Download - Address: 127.0.0.1
2013-03-13 13:25:07.166 [[37mDEBUG[0m] - [32mSELECT[0m "users".* [32mFROM[0m "users" [32mWHERE[0m "users"."service_id" = 10 [32mORDER[0m [32mBY[0m RANDOM() [32mLIMIT[0m 1  [time:[33m4.0ms[0m]
2013-03-13 13:25:07.285 [[37mDEBUG[0m] - [32mSELECT[0m "properties".* [32mFROM[0m "properties" [32mWHERE[0m "properties"."service_id" = 10 [32mAND[0m (category = 'random' [32mAND[0m property = 'filename') [32mORDER[0m [32mBY[0m RANDOM() [32mLIMIT[0m 1  [time:[33m4.2ms[0m]
2013-03-13 13:25:07.354 [[37mDEBUG[0m] - [32mSELECT[0m "properties".* [32mFROM[0m "properties" [32mWHERE[0m "properties"."service_id" = 3 [32mAND[0m (category = 'random' [32mAND[0m property = 'filename') [32mORDER[0m [32mBY[0m RANDOM() [32mLIMIT[0m 1  [time:[33m7.1ms[0m]
2013-03-13 13:25:07.418 [[37mDEBUG[0m] - [32mSELECT[0m "properties".* [32mFROM[0m "properties" [32mWHERE[0m "properties"."service_id" = 10 [32mAND[0m (category = 'answer' [32mAND[0m property = 'each-line-regex') [32mLIMIT[0m 1  [time:[33m6.2ms[0m]
2013-03-13 13:25:07.488 [[37mDEBUG[0m] - [32mSELECT[0m "properties".* [32mFROM[0m "properties" [32mWHERE[0m "properties"."service_id" = 3 [32mAND[0m (category = 'answer' [32mAND[0m property = 'each-line-regex') [32mLIMIT[0m 1  [time:[33m3.9ms[0m]
2013-03-13 13:25:07.548 [[37mDEBUG[0m] - [32mSELECT[0m "properties".* [32mFROM[0m "properties" [32mWHERE[0m "properties"."service_id" = 10 [32mAND[0m (category = 'answer' [32mAND[0m property = 'full-text-regex') [32mLIMIT[0m 1  [time:[33m5.6ms[0m]
2013-03-13 13:25:07.603 [[37mDEBUG[0m] - [32mSELECT[0m "properties".* [32mFROM[0m "properties" [32mWHERE[0m "properties"."service_id" = 3 [32mAND[0m (category = 'answer' [32mAND[0m property = 'full-text-regex') [32mLIMIT[0m 1  [time:[33m6.4ms[0m]
2013-03-13 13:25:07.692 [[37mDEBUG[0m] - [32mSELECT[0m "properties".* [32mFROM[0m "properties" [32mWHERE[0m "properties"."service_id" = 10 [32mAND[0m (category = 'option' [32mAND[0m property = 'timeout') [32mLIMIT[0m 1  [time:[33m5.1ms[0m]
2013-03-13 13:25:07.743 [[37mDEBUG[0m] - [32mSELECT[0m "properties".* [32mFROM[0m "properties" [32mWHERE[0m "properties"."service_id" = 3 [32mAND[0m (category = 'option' [32mAND[0m property = 'timeout') [32mLIMIT[0m 1  [time:[33m3.2ms[0m]
2013-03-13 13:25:07.789 [[37mDEBUG[0m] - Command: curl -s -S -4 -v --ftp-pasv ftp://test:test@127.0.0.1/cyberengine
2013-03-13 13:25:07.789 [[37mDEBUG[0m] - Timeout: 30.0
2013-03-13 13:25:07.807 [[37mDEBUG[0m] - PID: 2925
2013-03-13 13:25:08.177 [[37mDEBUG[0m] - [32mSELECT[0m "checks".* [32mFROM[0m "checks" [32mWHERE[0m "checks"."service_id" = 10 [32mORDER[0m [32mBY[0m round [32mDESC[0m [32mLIMIT[0m 1  [time:[33m4.8ms[0m]
2013-03-13 13:25:08.146 [[37mDEBUG[0m] - [32mBEGIN[0m  [time:[33m6.6ms[0m]
2013-03-13 13:25:08.162 [[37mDEBUG[0m] - [32mSELECT[0m "teams".* [32mFROM[0m "teams" [32mWHERE[0m "teams"."id" = 3 [32mLIMIT[0m 1  [time:[33m6.7ms[0m]
2013-03-13 13:25:08.188 [[37mDEBUG[0m] - [32mSELECT[0m "servers".* [32mFROM[0m "servers" [32mWHERE[0m "servers"."id" = 2 [32mLIMIT[0m 1  [time:[33m2.8ms[0m]
2013-03-13 13:25:08.243 [[37mDEBUG[0m] - [32mSELECT[0m "services".* [32mFROM[0m "services" [32mWHERE[0m "services"."id" = 10 [32mLIMIT[0m 1  [time:[33m4.6ms[0m]
2013-03-13 13:25:08.253 [[37mDEBUG[0m] - [32mSELECT[0m "teams".* [32mFROM[0m "teams" [32mWHERE[0m "teams"."id" = 3 [32mLIMIT[0m 1  [time:[33m0.3ms[0m]
2013-03-13 13:25:08.267 [[37mDEBUG[0m] - [32mSELECT[0m "servers".* [32mFROM[0m "servers" [32mWHERE[0m "servers"."id" = 2 [32mLIMIT[0m 1  [time:[33m0.3ms[0m]
2013-03-13 13:25:08.303 [[37mDEBUG[0m] - [32mSELECT[0m "services".* [32mFROM[0m "services" [32mWHERE[0m "services"."id" = 10 [32mLIMIT[0m 1  [time:[33m25.3ms[0m]
2013-03-13 13:25:08.336 [[37mDEBUG[0m] - [32mSQL[0m [32mINSERT[0m [32mINTO[0m "checks" ("created_at", "passed", "request", "response", "round", "server_id", "service_id", "team_id", "updated_at") [32mVALUES[0m ($1, $2, $3, $4, $5, $6, $7, $8, $9) [32mRETURNING[0m "id"[["created_at", 2013-03-13 13:25:08 -0400], ["passed", true], ["request", "curl -s -S -4 -v --ftp-pasv ftp://test:test@127.0.0.1/cyberengine"], ["response", "* About to connect() to 127.0.0.1 port 21 (#0)\r\n*   Trying 127.0.0.1... connected\r\n* Connected to 127.0.0.1 (127.0.0.1) port 21 (#0)\r\n< 220 FTP Server ready.\r\n> USER test\r\n< 331 Password required for test\r\n> PASS test\r\n< 230 User test logged in\r\n> PWD\r\n< 257 \"/\" is the current directory\r\n* Entry path is '/'\r\n> EPSV\r\n* Connect data stream passively\r\n< 229 Entering Extended Passive Mode (|||27129|)\r\n*   Trying 127.0.0.1... connected\r\n* Connecting to 127.0.0.1 (127.0.0.1) port 27129\r\n> TYPE I\r\n< 200 Type set to I\r\n> SIZE cyberengine\r\n< 213 5\r\n> RETR cyberengine\r\n< 150 Opening BINARY mode data connection for cyberengine (5 bytes)\r\n* Maxdownload = -1\r\n* Getting file with size: 5\r\nblah\r\n* Remembering we are in dir \"\"\r\n< 226 Transfer complete\r\n* Connection #0 to host 127.0.0.1 left intact\r\n> QUIT\r\n< 221 Goodbye.\r\n* Closing connection #0\r\n"], ["round", 3], ["server_id", 2], ["service_id", 10], ["team_id", 3], ["updated_at", 2013-03-13 13:25:08 -0400]]  [time:[33m9.8ms[0m]
2013-03-13 13:25:08.379 [[37mDEBUG[0m] - [32mCOMMIT[0m  [time:[33m4.1ms[0m]
2013-03-13 13:25:08.380  [[32mINFO[0m] - Finished check - Team: Example Blueteam - Server: Example Server - Service: FTP Download - Address: 127.0.0.1 - Result: Passed
2013-03-13 13:25:49.941 [[37mDEBUG[0m] - [32mSELECT[0m "teams".* [32mFROM[0m "teams" [32mWHERE[0m "teams"."name" = 'Whiteteam' [32mLIMIT[0m 1  [time:[33m4.6ms[0m]
2013-03-13 13:25:50.368 [[37mDEBUG[0m] - [32mSELECT[0m "teams".* [32mFROM[0m "teams" [32mWHERE[0m "teams"."color" = 'Blue'  [time:[33m6.0ms[0m]
2013-03-13 13:25:50.188 [[37mDEBUG[0m] - [32mSELECT[0m "services".* [32mFROM[0m "services" [32mWHERE[0m (team_id [32mIN[0m (3) [32mAND[0m name = 'FTP Download' [32mAND[0m version = 'ipv4' [32mAND[0m protocol = 'ftp' [32mAND[0m enabled = 't')  [time:[33m6.3ms[0m]
2013-03-13 13:25:50.346 [[37mDEBUG[0m] - [32mSELECT[0m "services".* [32mFROM[0m "services" [32mWHERE[0m (team_id = 1 [32mAND[0m name = 'FTP Download' [32mAND[0m version = 'ipv4' [32mAND[0m protocol = 'ftp' [32mAND[0m enabled = 'f') [32mLIMIT[0m 1  [time:[33m3.5ms[0m]
2013-03-13 13:25:50.511 [[37mDEBUG[0m] - [32mSELECT[0m value [32mFROM[0m "properties" [32mWHERE[0m "properties"."service_id" = 10 [32mAND[0m (category = 'address') [32mAND[0m (property = 'ip' [32mOR[0m property = 'domain')  [time:[33m3.5ms[0m]
2013-03-13 13:25:50.666 [[37mDEBUG[0m] - [32mSELECT[0m "teams".* [32mFROM[0m "teams" [32mWHERE[0m "teams"."id" = 3 [32mLIMIT[0m 1  [time:[33m12.2ms[0m]
2013-03-13 13:25:50.728 [[37mDEBUG[0m] - [32mSELECT[0m "servers".* [32mFROM[0m "servers" [32mWHERE[0m "servers"."id" = 2 [32mLIMIT[0m 1  [time:[33m4.5ms[0m]
2013-03-13 13:25:50.885  [[32mINFO[0m] - Starting check - Team: Example Blueteam - Server: Example Server - Service: FTP Download - Address: 127.0.0.1
2013-03-13 13:25:50.919 [[37mDEBUG[0m] - [32mSELECT[0m "users".* [32mFROM[0m "users" [32mWHERE[0m "users"."service_id" = 10 [32mORDER[0m [32mBY[0m RANDOM() [32mLIMIT[0m 1  [time:[33m3.5ms[0m]
2013-03-13 13:25:51.393 [[37mDEBUG[0m] - [32mSELECT[0m "properties".* [32mFROM[0m "properties" [32mWHERE[0m "properties"."service_id" = 10 [32mAND[0m (category = 'random' [32mAND[0m property = 'filename') [32mORDER[0m [32mBY[0m RANDOM() [32mLIMIT[0m 1  [time:[33m0.5ms[0m]
2013-03-13 13:25:51.104 [[37mDEBUG[0m] - [32mSELECT[0m "properties".* [32mFROM[0m "properties" [32mWHERE[0m "properties"."service_id" = 3 [32mAND[0m (category = 'random' [32mAND[0m property = 'filename') [32mORDER[0m [32mBY[0m RANDOM() [32mLIMIT[0m 1  [time:[33m4.4ms[0m]
2013-03-13 13:25:51.169 [[37mDEBUG[0m] - [32mSELECT[0m "properties".* [32mFROM[0m "properties" [32mWHERE[0m "properties"."service_id" = 10 [32mAND[0m (category = 'answer' [32mAND[0m property = 'each-line-regex') [32mLIMIT[0m 1  [time:[33m6.3ms[0m]
2013-03-13 13:25:51.238 [[37mDEBUG[0m] - [32mSELECT[0m "properties".* [32mFROM[0m "properties" [32mWHERE[0m "properties"."service_id" = 3 [32mAND[0m (category = 'answer' [32mAND[0m property = 'each-line-regex') [32mLIMIT[0m 1  [time:[33m7.4ms[0m]
2013-03-13 13:25:51.294 [[37mDEBUG[0m] - [32mSELECT[0m "properties".* [32mFROM[0m "properties" [32mWHERE[0m "properties"."service_id" = 10 [32mAND[0m (category = 'answer' [32mAND[0m property = 'full-text-regex') [32mLIMIT[0m 1  [time:[33m3.8ms[0m]
2013-03-13 13:25:51.348 [[37mDEBUG[0m] - [32mSELECT[0m "properties".* [32mFROM[0m "properties" [32mWHERE[0m "properties"."service_id" = 3 [32mAND[0m (category = 'answer' [32mAND[0m property = 'full-text-regex') [32mLIMIT[0m 1  [time:[33m3.5ms[0m]
2013-03-13 13:25:51.429 [[37mDEBUG[0m] - [32mSELECT[0m "properties".* [32mFROM[0m "properties" [32mWHERE[0m "properties"."service_id" = 10 [32mAND[0m (category = 'option' [32mAND[0m property = 'timeout') [32mLIMIT[0m 1  [time:[33m8.7ms[0m]
2013-03-13 13:25:51.485 [[37mDEBUG[0m] - [32mSELECT[0m "properties".* [32mFROM[0m "properties" [32mWHERE[0m "properties"."service_id" = 3 [32mAND[0m (category = 'option' [32mAND[0m property = 'timeout') [32mLIMIT[0m 1  [time:[33m9.4ms[0m]
2013-03-13 13:25:51.519 [[37mDEBUG[0m] - Command: curl -s -S -4 -v --ftp-pasv ftp://test:test@127.0.0.1/cyberengine
2013-03-13 13:25:51.519 [[37mDEBUG[0m] - Timeout: 30.0
2013-03-13 13:25:51.539 [[37mDEBUG[0m] - PID: 3049
2013-03-13 13:25:51.592 [[37mDEBUG[0m] - [32mSELECT[0m "checks".* [32mFROM[0m "checks" [32mWHERE[0m "checks"."service_id" = 10 [32mORDER[0m [32mBY[0m round [32mDESC[0m [32mLIMIT[0m 1  [time:[33m0.5ms[0m]
2013-03-13 13:25:51.683 [[37mDEBUG[0m] - [32mBEGIN[0m  [time:[33m10.9ms[0m]
2013-03-13 13:25:51.712 [[37mDEBUG[0m] - [32mSELECT[0m "teams".* [32mFROM[0m "teams" [32mWHERE[0m "teams"."id" = 3 [32mLIMIT[0m 1  [time:[33m7.2ms[0m]
2013-03-13 13:25:51.728 [[37mDEBUG[0m] - [32mSELECT[0m "servers".* [32mFROM[0m "servers" [32mWHERE[0m "servers"."id" = 2 [32mLIMIT[0m 1  [time:[33m3.3ms[0m]
2013-03-13 13:25:51.799 [[37mDEBUG[0m] - [32mSELECT[0m "services".* [32mFROM[0m "services" [32mWHERE[0m "services"."id" = 10 [32mLIMIT[0m 1  [time:[33m6.5ms[0m]
2013-03-13 13:25:51.817 [[37mDEBUG[0m] - [32mSELECT[0m "teams".* [32mFROM[0m "teams" [32mWHERE[0m "teams"."id" = 3 [32mLIMIT[0m 1  [time:[33m3.4ms[0m]
2013-03-13 13:25:51.823 [[37mDEBUG[0m] - [32mSELECT[0m "servers".* [32mFROM[0m "servers" [32mWHERE[0m "servers"."id" = 2 [32mLIMIT[0m 1  [time:[33m0.3ms[0m]
2013-03-13 13:25:51.827 [[37mDEBUG[0m] - [32mSELECT[0m "services".* [32mFROM[0m "services" [32mWHERE[0m "services"."id" = 10 [32mLIMIT[0m 1  [time:[33m0.3ms[0m]
2013-03-13 13:25:51.834 [[37mDEBUG[0m] - [32mSQL[0m [32mINSERT[0m [32mINTO[0m "checks" ("created_at", "passed", "request", "response", "round", "server_id", "service_id", "team_id", "updated_at") [32mVALUES[0m ($1, $2, $3, $4, $5, $6, $7, $8, $9) [32mRETURNING[0m "id"[["created_at", 2013-03-13 13:25:51 -0400], ["passed", true], ["request", "curl -s -S -4 -v --ftp-pasv ftp://test:test@127.0.0.1/cyberengine"], ["response", "* About to connect() to 127.0.0.1 port 21 (#0)\r\n*   Trying 127.0.0.1... connected\r\n* Connected to 127.0.0.1 (127.0.0.1) port 21 (#0)\r\n< 220 FTP Server ready.\r\n> USER test\r\n< 331 Password required for test\r\n> PASS test\r\n< 230 User test logged in\r\n> PWD\r\n< 257 \"/\" is the current directory\r\n* Entry path is '/'\r\n> EPSV\r\n* Connect data stream passively\r\n< 229 Entering Extended Passive Mode (|||16339|)\r\n*   Trying 127.0.0.1... connected\r\n* Connecting to 127.0.0.1 (127.0.0.1) port 16339\r\n> TYPE I\r\n< 200 Type set to I\r\n> SIZE cyberengine\r\n< 213 5\r\n> RETR cyberengine\r\n< 150 Opening BINARY mode data connection for cyberengine (5 bytes)\r\n* Maxdownload = -1\r\n* Getting file with size: 5\r\nblah\r\n* Remembering we are in dir \"\"\r\n< 226 Transfer complete\r\n* Connection #0 to host 127.0.0.1 left intact\r\n> QUIT\r\n< 221 Goodbye.\r\n* Closing connection #0\r\n"], ["round", 1], ["server_id", 2], ["service_id", 10], ["team_id", 3], ["updated_at", 2013-03-13 13:25:51 -0400]]  [time:[33m1.1ms[0m]
2013-03-13 13:25:51.971 [[37mDEBUG[0m] - [32mCOMMIT[0m  [time:[33m127.9ms[0m]
2013-03-13 13:25:51.972  [[32mINFO[0m] - Finished check - Team: Example Blueteam - Server: Example Server - Service: FTP Download - Address: 127.0.0.1 - Result: Passed
2013-03-13 13:27:06.894 [[37mDEBUG[0m] - [32mSELECT[0m "teams".* [32mFROM[0m "teams" [32mWHERE[0m "teams"."name" = 'Whiteteam' [32mLIMIT[0m 1  [time:[33m0.7ms[0m]
2013-03-13 13:27:06.988 [[37mDEBUG[0m] - [32mSELECT[0m "teams".* [32mFROM[0m "teams" [32mWHERE[0m "teams"."color" = 'Blue'  [time:[33m9.2ms[0m]
2013-03-13 13:27:07.136 [[37mDEBUG[0m] - [32mSELECT[0m "services".* [32mFROM[0m "services" [32mWHERE[0m (team_id [32mIN[0m (3) [32mAND[0m name = 'FTP Download' [32mAND[0m version = 'ipv4' [32mAND[0m protocol = 'ftp' [32mAND[0m enabled = 't')  [time:[33m6.0ms[0m]
2013-03-13 13:27:07.298 [[37mDEBUG[0m] - [32mSELECT[0m "services".* [32mFROM[0m "services" [32mWHERE[0m (team_id = 1 [32mAND[0m name = 'FTP Download' [32mAND[0m version = 'ipv4' [32mAND[0m protocol = 'ftp' [32mAND[0m enabled = 'f') [32mLIMIT[0m 1  [time:[33m1.7ms[0m]
2013-03-13 13:27:07.461 [[37mDEBUG[0m] - [32mSELECT[0m value [32mFROM[0m "properties" [32mWHERE[0m "properties"."service_id" = 10 [32mAND[0m (category = 'address') [32mAND[0m (property = 'ip' [32mOR[0m property = 'domain')  [time:[33m2.6ms[0m]
2013-03-13 13:27:07.618 [[37mDEBUG[0m] - [32mSELECT[0m "teams".* [32mFROM[0m "teams" [32mWHERE[0m "teams"."id" = 3 [32mLIMIT[0m 1  [time:[33m1.4ms[0m]
2013-03-13 13:27:07.678 [[37mDEBUG[0m] - [32mSELECT[0m "servers".* [32mFROM[0m "servers" [32mWHERE[0m "servers"."id" = 2 [32mLIMIT[0m 1  [time:[33m1.6ms[0m]
2013-03-13 13:27:07.832  [[32mINFO[0m] - Starting check - Team: Example Blueteam - Server: Example Server - Service: FTP Download - Address: 127.0.0.1
2013-03-13 13:27:07.870 [[37mDEBUG[0m] - [32mSELECT[0m "users".* [32mFROM[0m "users" [32mWHERE[0m "users"."service_id" = 10 [32mORDER[0m [32mBY[0m RANDOM() [32mLIMIT[0m 1  [time:[33m5.9ms[0m]
2013-03-13 13:27:07.985 [[37mDEBUG[0m] - [32mSELECT[0m "properties".* [32mFROM[0m "properties" [32mWHERE[0m "properties"."service_id" = 10 [32mAND[0m (category = 'random' [32mAND[0m property = 'filename') [32mORDER[0m [32mBY[0m RANDOM() [32mLIMIT[0m 1  [time:[33m3.5ms[0m]
2013-03-13 13:27:08.537 [[37mDEBUG[0m] - [32mSELECT[0m "properties".* [32mFROM[0m "properties" [32mWHERE[0m "properties"."service_id" = 3 [32mAND[0m (category = 'random' [32mAND[0m property = 'filename') [32mORDER[0m [32mBY[0m RANDOM() [32mLIMIT[0m 1  [time:[33m7.2ms[0m]
2013-03-13 13:27:08.117 [[37mDEBUG[0m] - [32mSELECT[0m "properties".* [32mFROM[0m "properties" [32mWHERE[0m "properties"."service_id" = 10 [32mAND[0m (category = 'answer' [32mAND[0m property = 'each-line-regex') [32mLIMIT[0m 1  [time:[33m1.8ms[0m]
2013-03-13 13:27:08.174 [[37mDEBUG[0m] - [32mSELECT[0m "properties".* [32mFROM[0m "properties" [32mWHERE[0m "properties"."service_id" = 3 [32mAND[0m (category = 'answer' [32mAND[0m property = 'each-line-regex') [32mLIMIT[0m 1  [time:[33m1.9ms[0m]
2013-03-13 13:27:08.239 [[37mDEBUG[0m] - [32mSELECT[0m "properties".* [32mFROM[0m "properties" [32mWHERE[0m "properties"."service_id" = 10 [32mAND[0m (category = 'answer' [32mAND[0m property = 'full-text-regex') [32mLIMIT[0m 1  [time:[33m0.3ms[0m]
2013-03-13 13:27:08.297 [[37mDEBUG[0m] - [32mSELECT[0m "properties".* [32mFROM[0m "properties" [32mWHERE[0m "properties"."service_id" = 3 [32mAND[0m (category = 'answer' [32mAND[0m property = 'full-text-regex') [32mLIMIT[0m 1  [time:[33m4.6ms[0m]
2013-03-13 13:27:08.376 [[37mDEBUG[0m] - [32mSELECT[0m "properties".* [32mFROM[0m "properties" [32mWHERE[0m "properties"."service_id" = 10 [32mAND[0m (category = 'option' [32mAND[0m property = 'timeout') [32mLIMIT[0m 1  [time:[33m9.8ms[0m]
2013-03-13 13:27:08.447 [[37mDEBUG[0m] - [32mSELECT[0m "properties".* [32mFROM[0m "properties" [32mWHERE[0m "properties"."service_id" = 3 [32mAND[0m (category = 'option' [32mAND[0m property = 'timeout') [32mLIMIT[0m 1  [time:[33m3.5ms[0m]
2013-03-13 13:27:08.489 [[37mDEBUG[0m] - Command: curl -s -S -4 -v --ftp-pasv ftp://test:test@127.0.0.1/cyberengine
2013-03-13 13:27:08.490 [[37mDEBUG[0m] - Timeout: 30.0
2013-03-13 13:27:08.504 [[37mDEBUG[0m] - PID: 3162
2013-03-13 13:27:08.559 [[37mDEBUG[0m] - [32mSELECT[0m "checks".* [32mFROM[0m "checks" [32mWHERE[0m "checks"."service_id" = 10 [32mORDER[0m [32mBY[0m round [32mDESC[0m [32mLIMIT[0m 1  [time:[33m7.3ms[0m]
2013-03-13 13:27:08.684 [[37mDEBUG[0m] - [32mBEGIN[0m  [time:[33m9.2ms[0m]
2013-03-13 13:27:08.703 [[37mDEBUG[0m] - [32mSELECT[0m "teams".* [32mFROM[0m "teams" [32mWHERE[0m "teams"."id" = 3 [32mLIMIT[0m 1  [time:[33m3.6ms[0m]
2013-03-13 13:27:08.726 [[37mDEBUG[0m] - [32mSELECT[0m "servers".* [32mFROM[0m "servers" [32mWHERE[0m "servers"."id" = 2 [32mLIMIT[0m 1  [time:[33m1.8ms[0m]
2013-03-13 13:27:08.809 [[37mDEBUG[0m] - [32mSELECT[0m "services".* [32mFROM[0m "services" [32mWHERE[0m "services"."id" = 10 [32mLIMIT[0m 1  [time:[33m0.4ms[0m]
2013-03-13 13:27:08.846 [[37mDEBUG[0m] - [32mSELECT[0m "teams".* [32mFROM[0m "teams" [32mWHERE[0m "teams"."id" = 3 [32mLIMIT[0m 1  [time:[33m1.6ms[0m]
2013-03-13 13:27:08.870 [[37mDEBUG[0m] - [32mSELECT[0m "servers".* [32mFROM[0m "servers" [32mWHERE[0m "servers"."id" = 2 [32mLIMIT[0m 1  [time:[33m2.4ms[0m]
2013-03-13 13:27:08.891 [[37mDEBUG[0m] - [32mSELECT[0m "services".* [32mFROM[0m "services" [32mWHERE[0m "services"."id" = 10 [32mLIMIT[0m 1  [time:[33m4.4ms[0m]
2013-03-13 13:27:08.936 [[37mDEBUG[0m] - [32mSQL[0m [32mINSERT[0m [32mINTO[0m "checks" ("created_at", "passed", "request", "response", "round", "server_id", "service_id", "team_id", "updated_at") [32mVALUES[0m ($1, $2, $3, $4, $5, $6, $7, $8, $9) [32mRETURNING[0m "id"[["created_at", 2013-03-13 13:27:08 -0400], ["passed", true], ["request", "curl -s -S -4 -v --ftp-pasv ftp://test:test@127.0.0.1/cyberengine"], ["response", "* About to connect() to 127.0.0.1 port 21 (#0)\r\n*   Trying 127.0.0.1... connected\r\n* Connected to 127.0.0.1 (127.0.0.1) port 21 (#0)\r\n< 220 FTP Server ready.\r\n> USER test\r\n< 331 Password required for test\r\n> PASS test\r\n< 230 User test logged in\r\n> PWD\r\n< 257 \"/\" is the current directory\r\n* Entry path is '/'\r\n> EPSV\r\n* Connect data stream passively\r\n< 229 Entering Extended Passive Mode (|||12923|)\r\n*   Trying 127.0.0.1... connected\r\n* Connecting to 127.0.0.1 (127.0.0.1) port 12923\r\n> TYPE I\r\n< 200 Type set to I\r\n> SIZE cyberengine\r\n< 213 5\r\n> RETR cyberengine\r\n< 150 Opening BINARY mode data connection for cyberengine (5 bytes)\r\n* Maxdownload = -1\r\n* Getting file with size: 5\r\nblah\r\n* Remembering we are in dir \"\"\r\n< 226 Transfer complete\r\n* Connection #0 to host 127.0.0.1 left intact\r\n> QUIT\r\n< 221 Goodbye.\r\n* Closing connection #0\r\n"], ["round", 2], ["server_id", 2], ["service_id", 10], ["team_id", 3], ["updated_at", 2013-03-13 13:27:08 -0400]]  [time:[33m28.0ms[0m]
2013-03-13 13:27:08.978 [[37mDEBUG[0m] - [32mCOMMIT[0m  [time:[33m22.3ms[0m]
2013-03-13 13:27:08.979  [[32mINFO[0m] - Finished check - Team: Example Blueteam - Server: Example Server - Service: FTP Download - Address: 127.0.0.1 - Result: Passed
2013-03-13 13:27:37.993 [[37mDEBUG[0m] - [32mSELECT[0m "teams".* [32mFROM[0m "teams" [32mWHERE[0m "teams"."name" = 'Whiteteam' [32mLIMIT[0m 1  [time:[33m5.5ms[0m]
2013-03-13 13:27:38.988 [[37mDEBUG[0m] - [32mSELECT[0m "teams".* [32mFROM[0m "teams" [32mWHERE[0m "teams"."color" = 'Blue'  [time:[33m6.4ms[0m]
2013-03-13 13:27:38.248 [[37mDEBUG[0m] - [32mSELECT[0m "services".* [32mFROM[0m "services" [32mWHERE[0m (team_id [32mIN[0m (3) [32mAND[0m name = 'FTP Download' [32mAND[0m version = 'ipv4' [32mAND[0m protocol = 'ftp' [32mAND[0m enabled = 't')  [time:[33m7.4ms[0m]
2013-03-13 13:27:38.414 [[37mDEBUG[0m] - [32mSELECT[0m "services".* [32mFROM[0m "services" [32mWHERE[0m (team_id = 1 [32mAND[0m name = 'FTP Download' [32mAND[0m version = 'ipv4' [32mAND[0m protocol = 'ftp' [32mAND[0m enabled = 'f') [32mLIMIT[0m 1  [time:[33m0.3ms[0m]
2013-03-13 13:27:38.574 [[37mDEBUG[0m] - [32mSELECT[0m value [32mFROM[0m "properties" [32mWHERE[0m "properties"."service_id" = 10 [32mAND[0m (category = 'address') [32mAND[0m (property = 'ip' [32mOR[0m property = 'domain')  [time:[33m4.5ms[0m]
2013-03-13 13:27:38.735 [[37mDEBUG[0m] - [32mSELECT[0m "teams".* [32mFROM[0m "teams" [32mWHERE[0m "teams"."id" = 3 [32mLIMIT[0m 1  [time:[33m8.1ms[0m]
2013-03-13 13:27:38.792 [[37mDEBUG[0m] - [32mSELECT[0m "servers".* [32mFROM[0m "servers" [32mWHERE[0m "servers"."id" = 2 [32mLIMIT[0m 1  [time:[33m5.1ms[0m]
2013-03-13 13:27:38.946  [[32mINFO[0m] - Starting check - Team: Example Blueteam - Server: Example Server - Service: FTP Download - Address: 127.0.0.1
2013-03-13 13:27:38.985 [[37mDEBUG[0m] - [32mSELECT[0m "users".* [32mFROM[0m "users" [32mWHERE[0m "users"."service_id" = 10 [32mORDER[0m [32mBY[0m RANDOM() [32mLIMIT[0m 1  [time:[33m6.2ms[0m]
2013-03-13 13:27:39.103 [[37mDEBUG[0m] - [32mSELECT[0m "properties".* [32mFROM[0m "properties" [32mWHERE[0m "properties"."service_id" = 10 [32mAND[0m (category = 'random' [32mAND[0m property = 'filename') [32mORDER[0m [32mBY[0m RANDOM() [32mLIMIT[0m 1  [time:[33m7.3ms[0m]
2013-03-13 13:27:39.168 [[37mDEBUG[0m] - [32mSELECT[0m "properties".* [32mFROM[0m "properties" [32mWHERE[0m "properties"."service_id" = 3 [32mAND[0m (category = 'random' [32mAND[0m property = 'filename') [32mORDER[0m [32mBY[0m RANDOM() [32mLIMIT[0m 1  [time:[33m0.4ms[0m]
2013-03-13 13:27:39.234 [[37mDEBUG[0m] - [32mSELECT[0m "properties".* [32mFROM[0m "properties" [32mWHERE[0m "properties"."service_id" = 10 [32mAND[0m (category = 'answer' [32mAND[0m property = 'each-line-regex') [32mLIMIT[0m 1  [time:[33m3.2ms[0m]
2013-03-13 13:27:39.291 [[37mDEBUG[0m] - [32mSELECT[0m "properties".* [32mFROM[0m "properties" [32mWHERE[0m "properties"."service_id" = 3 [32mAND[0m (category = 'answer' [32mAND[0m property = 'each-line-regex') [32mLIMIT[0m 1  [time:[33m4.4ms[0m]
2013-03-13 13:27:39.358 [[37mDEBUG[0m] - [32mSELECT[0m "properties".* [32mFROM[0m "properties" [32mWHERE[0m "properties"."service_id" = 10 [32mAND[0m (category = 'answer' [32mAND[0m property = 'full-text-regex') [32mLIMIT[0m 1  [time:[33m10.3ms[0m]
2013-03-13 13:27:39.415 [[37mDEBUG[0m] - [32mSELECT[0m "properties".* [32mFROM[0m "properties" [32mWHERE[0m "properties"."service_id" = 3 [32mAND[0m (category = 'answer' [32mAND[0m property = 'full-text-regex') [32mLIMIT[0m 1  [time:[33m5.4ms[0m]
2013-03-13 13:27:39.480 [[37mDEBUG[0m] - [32mSELECT[0m "properties".* [32mFROM[0m "properties" [32mWHERE[0m "properties"."service_id" = 10 [32mAND[0m (category = 'option' [32mAND[0m property = 'timeout') [32mLIMIT[0m 1  [time:[33m2.1ms[0m]
2013-03-13 13:27:39.558 [[37mDEBUG[0m] - [32mSELECT[0m "properties".* [32mFROM[0m "properties" [32mWHERE[0m "properties"."service_id" = 3 [32mAND[0m (category = 'option' [32mAND[0m property = 'timeout') [32mLIMIT[0m 1  [time:[33m3.4ms[0m]
2013-03-13 13:27:39.598 [[37mDEBUG[0m] - Command: curl -s -S -4 -v --ftp-pasv ftp://test:test@127.0.0.1/cyberengine
2013-03-13 13:27:39.598 [[37mDEBUG[0m] - Timeout: 30.0
2013-03-13 13:27:39.611 [[37mDEBUG[0m] - PID: 3341
2013-03-13 13:27:39.665 [[37mDEBUG[0m] - [32mSELECT[0m "checks".* [32mFROM[0m "checks" [32mWHERE[0m "checks"."service_id" = 10 [32mORDER[0m [32mBY[0m round [32mDESC[0m [32mLIMIT[0m 1  [time:[33m4.0ms[0m]
2013-03-13 13:27:39.831 [[37mDEBUG[0m] - [32mBEGIN[0m  [time:[33m3.4ms[0m]
2013-03-13 13:27:39.848 [[37mDEBUG[0m] - [32mSELECT[0m "teams".* [32mFROM[0m "teams" [32mWHERE[0m "teams"."id" = 3 [32mLIMIT[0m 1  [time:[33m10.6ms[0m]
2013-03-13 13:27:39.899 [[37mDEBUG[0m] - [32mSELECT[0m "servers".* [32mFROM[0m "servers" [32mWHERE[0m "servers"."id" = 2 [32mLIMIT[0m 1  [time:[33m7.2ms[0m]
2013-03-13 13:27:40.188 [[37mDEBUG[0m] - [32mSELECT[0m "services".* [32mFROM[0m "services" [32mWHERE[0m "services"."id" = 10 [32mLIMIT[0m 1  [time:[33m3.9ms[0m]
2013-03-13 13:27:40.280 [[37mDEBUG[0m] - [32mSELECT[0m "teams".* [32mFROM[0m "teams" [32mWHERE[0m "teams"."id" = 3 [32mLIMIT[0m 1  [time:[33m2.2ms[0m]
2013-03-13 13:27:40.552 [[37mDEBUG[0m] - [32mSELECT[0m "servers".* [32mFROM[0m "servers" [32mWHERE[0m "servers"."id" = 2 [32mLIMIT[0m 1  [time:[33m0.3ms[0m]
2013-03-13 13:27:40.777 [[37mDEBUG[0m] - [32mSELECT[0m "services".* [32mFROM[0m "services" [32mWHERE[0m "services"."id" = 10 [32mLIMIT[0m 1  [time:[33m4.8ms[0m]
2013-03-13 13:27:40.997 [[37mDEBUG[0m] - [32mSQL[0m [32mINSERT[0m [32mINTO[0m "checks" ("created_at", "passed", "request", "response", "round", "server_id", "service_id", "team_id", "updated_at") [32mVALUES[0m ($1, $2, $3, $4, $5, $6, $7, $8, $9) [32mRETURNING[0m "id"[["created_at", 2013-03-13 13:27:40 -0400], ["passed", true], ["request", "curl -s -S -4 -v --ftp-pasv ftp://test:test@127.0.0.1/cyberengine"], ["response", "* About to connect() to 127.0.0.1 port 21 (#0)\r\n*   Trying 127.0.0.1... connected\r\n* Connected to 127.0.0.1 (127.0.0.1) port 21 (#0)\r\n< 220 FTP Server ready.\r\n> USER test\r\n< 331 Password required for test\r\n> PASS test\r\n< 230 User test logged in\r\n> PWD\r\n< 257 \"/\" is the current directory\r\n* Entry path is '/'\r\n> EPSV\r\n* Connect data stream passively\r\n< 229 Entering Extended Passive Mode (|||7923|)\r\n*   Trying 127.0.0.1... connected\r\n* Connecting to 127.0.0.1 (127.0.0.1) port 7923\r\n> TYPE I\r\n< 200 Type set to I\r\n> SIZE cyberengine\r\n< 213 5\r\n> RETR cyberengine\r\n< 150 Opening BINARY mode data connection for cyberengine (5 bytes)\r\n* Maxdownload = -1\r\n* Getting file with size: 5\r\nblah\r\n* Remembering we are in dir \"\"\r\n< 226 Transfer complete\r\n* Connection #0 to host 127.0.0.1 left intact\r\n> QUIT\r\n< 221 Goodbye.\r\n* Closing connection #0\r\n"], ["round", 3], ["server_id", 2], ["service_id", 10], ["team_id", 3], ["updated_at", 2013-03-13 13:27:40 -0400]]  [time:[33m6.5ms[0m]
2013-03-13 13:27:40.154 [[37mDEBUG[0m] - [32mCOMMIT[0m  [time:[33m3.2ms[0m]
2013-03-13 13:27:40.155  [[32mINFO[0m] - Finished check - Team: Example Blueteam - Server: Example Server - Service: FTP Download - Address: 127.0.0.1 - Result: Passed
